[0.203s] DEBUG:colcon:Command line arguments: ['/usr/bin/colcon', 'build', '--packages-select', 'assignment2_custom_msg']
[0.203s] DEBUG:colcon:Parsed command line arguments: Namespace(log_base=None, log_level=None, verb_name='build', build_base='build', install_base='install', merge_install=False, symlink_install=False, test_result_base=None, continue_on_error=False, executor='parallel', parallel_workers=8, event_handlers=None, ignore_user_meta=False, metas=['./colcon.meta'], base_paths=['.'], packages_ignore=None, packages_ignore_regex=None, paths=None, packages_up_to=None, packages_up_to_regex=None, packages_above=None, packages_above_and_dependencies=None, packages_above_depth=None, packages_select_by_dep=None, packages_skip_by_dep=None, packages_skip_up_to=None, packages_select_build_failed=False, packages_skip_build_finished=False, packages_select_test_failures=False, packages_skip_test_passed=False, packages_select=['assignment2_custom_msg'], packages_skip=None, packages_select_regex=None, packages_skip_regex=None, packages_start=None, packages_end=None, allow_overriding=[], cmake_args=None, cmake_target=None, cmake_target_skip_unavailable=False, cmake_clean_cache=False, cmake_clean_first=False, cmake_force_configure=False, ament_cmake_args=None, catkin_cmake_args=None, catkin_skip_building_tests=False, mixin_files=None, mixin=None, verb_parser=<colcon_mixin.mixin.mixin_argument.MixinArgumentDecorator object at 0x7cd4129a46b0>, verb_extension=<colcon_core.verb.build.BuildVerb object at 0x7cd412ad0fb0>, main=<bound method BuildVerb.main of <colcon_core.verb.build.BuildVerb object at 0x7cd412ad0fb0>>, mixin_verb=('build',))
[0.273s] Level 1:colcon.colcon_core.package_discovery:discover_packages(colcon_meta) check parameters
[0.274s] Level 1:colcon.colcon_core.package_discovery:discover_packages(recursive) check parameters
[0.274s] Level 1:colcon.colcon_core.package_discovery:discover_packages(ignore) check parameters
[0.274s] Level 1:colcon.colcon_core.package_discovery:discover_packages(path) check parameters
[0.274s] Level 1:colcon.colcon_core.package_discovery:discover_packages(colcon_meta) discover
[0.274s] Level 1:colcon.colcon_core.package_discovery:discover_packages(recursive) discover
[0.274s] INFO:colcon.colcon_core.package_discovery:Crawling recursively for packages in '/home/hani/Desktop/ros2_ws'
[0.274s] Level 1:colcon.colcon_core.package_identification:_identify(.) by extensions ['ignore', 'ignore_ament_install']
[0.274s] Level 1:colcon.colcon_core.package_identification:_identify(.) by extension 'ignore'
[0.275s] Level 1:colcon.colcon_core.package_identification:_identify(.) by extension 'ignore_ament_install'
[0.275s] Level 1:colcon.colcon_core.package_identification:_identify(.) by extensions ['colcon_pkg']
[0.275s] Level 1:colcon.colcon_core.package_identification:_identify(.) by extension 'colcon_pkg'
[0.275s] Level 1:colcon.colcon_core.package_identification:_identify(.) by extensions ['colcon_meta']
[0.275s] Level 1:colcon.colcon_core.package_identification:_identify(.) by extension 'colcon_meta'
[0.275s] Level 1:colcon.colcon_core.package_identification:_identify(.) by extensions ['ros']
[0.275s] Level 1:colcon.colcon_core.package_identification:_identify(.) by extension 'ros'
[0.322s] Level 1:colcon.colcon_core.package_identification:_identify(.) by extensions ['cmake', 'python']
[0.322s] Level 1:colcon.colcon_core.package_identification:_identify(.) by extension 'cmake'
[0.322s] Level 1:colcon.colcon_core.package_identification:_identify(.) by extension 'python'
[0.322s] Level 1:colcon.colcon_core.package_identification:_identify(.) by extensions ['python_setup_py']
[0.322s] Level 1:colcon.colcon_core.package_identification:_identify(.) by extension 'python_setup_py'
[0.323s] Level 1:colcon.colcon_core.package_identification:_identify(assignment2_custom_msg) by extensions ['ignore', 'ignore_ament_install']
[0.323s] Level 1:colcon.colcon_core.package_identification:_identify(assignment2_custom_msg) by extension 'ignore'
[0.323s] Level 1:colcon.colcon_core.package_identification:_identify(assignment2_custom_msg) by extension 'ignore_ament_install'
[0.323s] Level 1:colcon.colcon_core.package_identification:_identify(assignment2_custom_msg) by extensions ['colcon_pkg']
[0.323s] Level 1:colcon.colcon_core.package_identification:_identify(assignment2_custom_msg) by extension 'colcon_pkg'
[0.323s] Level 1:colcon.colcon_core.package_identification:_identify(assignment2_custom_msg) by extensions ['colcon_meta']
[0.323s] Level 1:colcon.colcon_core.package_identification:_identify(assignment2_custom_msg) by extension 'colcon_meta'
[0.323s] Level 1:colcon.colcon_core.package_identification:_identify(assignment2_custom_msg) by extensions ['ros']
[0.323s] Level 1:colcon.colcon_core.package_identification:_identify(assignment2_custom_msg) by extension 'ros'
[0.327s] DEBUG:colcon.colcon_core.package_identification:Package 'assignment2_custom_msg' with type 'ros.ament_cmake' and name 'assignment2_custom_msg'
[0.328s] Level 1:colcon.colcon_core.package_identification:_identify(assignment2_rt) by extensions ['ignore', 'ignore_ament_install']
[0.328s] Level 1:colcon.colcon_core.package_identification:_identify(assignment2_rt) by extension 'ignore'
[0.328s] Level 1:colcon.colcon_core.package_identification:_identify(assignment2_rt) by extension 'ignore_ament_install'
[0.328s] Level 1:colcon.colcon_core.package_identification:_identify(assignment2_rt) by extensions ['colcon_pkg']
[0.328s] Level 1:colcon.colcon_core.package_identification:_identify(assignment2_rt) by extension 'colcon_pkg'
[0.328s] Level 1:colcon.colcon_core.package_identification:_identify(assignment2_rt) by extensions ['colcon_meta']
[0.328s] Level 1:colcon.colcon_core.package_identification:_identify(assignment2_rt) by extension 'colcon_meta'
[0.328s] Level 1:colcon.colcon_core.package_identification:_identify(assignment2_rt) by extensions ['ros']
[0.328s] Level 1:colcon.colcon_core.package_identification:_identify(assignment2_rt) by extension 'ros'
[0.329s] DEBUG:colcon.colcon_core.package_identification:Package 'assignment2_rt' with type 'ros.ament_python' and name 'assignment2_rt'
[0.329s] Level 1:colcon.colcon_core.package_identification:_identify(build) by extensions ['ignore', 'ignore_ament_install']
[0.329s] Level 1:colcon.colcon_core.package_identification:_identify(build) by extension 'ignore'
[0.329s] Level 1:colcon.colcon_core.package_identification:_identify(build) ignored
[0.330s] Level 1:colcon.colcon_core.package_identification:_identify(install) by extensions ['ignore', 'ignore_ament_install']
[0.330s] Level 1:colcon.colcon_core.package_identification:_identify(install) by extension 'ignore'
[0.330s] Level 1:colcon.colcon_core.package_identification:_identify(install) ignored
[0.330s] Level 1:colcon.colcon_core.package_identification:_identify(log) by extensions ['ignore', 'ignore_ament_install']
[0.330s] Level 1:colcon.colcon_core.package_identification:_identify(log) by extension 'ignore'
[0.330s] Level 1:colcon.colcon_core.package_identification:_identify(log) ignored
[0.330s] Level 1:colcon.colcon_core.package_identification:_identify(src) by extensions ['ignore', 'ignore_ament_install']
[0.331s] Level 1:colcon.colcon_core.package_identification:_identify(src) by extension 'ignore'
[0.331s] Level 1:colcon.colcon_core.package_identification:_identify(src) by extension 'ignore_ament_install'
[0.331s] Level 1:colcon.colcon_core.package_identification:_identify(src) by extensions ['colcon_pkg']
[0.331s] Level 1:colcon.colcon_core.package_identification:_identify(src) by extension 'colcon_pkg'
[0.331s] Level 1:colcon.colcon_core.package_identification:_identify(src) by extensions ['colcon_meta']
[0.331s] Level 1:colcon.colcon_core.package_identification:_identify(src) by extension 'colcon_meta'
[0.331s] Level 1:colcon.colcon_core.package_identification:_identify(src) by extensions ['ros']
[0.331s] Level 1:colcon.colcon_core.package_identification:_identify(src) by extension 'ros'
[0.331s] Level 1:colcon.colcon_core.package_identification:_identify(src) by extensions ['cmake', 'python']
[0.331s] Level 1:colcon.colcon_core.package_identification:_identify(src) by extension 'cmake'
[0.331s] Level 1:colcon.colcon_core.package_identification:_identify(src) by extension 'python'
[0.332s] Level 1:colcon.colcon_core.package_identification:_identify(src) by extensions ['python_setup_py']
[0.332s] Level 1:colcon.colcon_core.package_identification:_identify(src) by extension 'python_setup_py'
[0.332s] Level 1:colcon.colcon_core.package_discovery:discover_packages(recursive) using defaults
[0.332s] Level 1:colcon.colcon_core.package_discovery:discover_packages(ignore) discover
[0.332s] Level 1:colcon.colcon_core.package_discovery:discover_packages(ignore) using defaults
[0.332s] Level 1:colcon.colcon_core.package_discovery:discover_packages(path) discover
[0.332s] Level 1:colcon.colcon_core.package_discovery:discover_packages(path) using defaults
[0.363s] INFO:colcon.colcon_core.package_selection:Skipping not selected package 'assignment2_rt' in 'assignment2_rt'
[0.364s] Level 1:colcon.colcon_core.package_discovery:discover_packages(prefix_path) check parameters
[0.364s] Level 1:colcon.colcon_core.package_discovery:discover_packages(prefix_path) discover
[0.368s] DEBUG:colcon.colcon_installed_package_information.package_discovery:Found 285 installed packages in /opt/ros/jazzy
[0.371s] Level 1:colcon.colcon_core.package_discovery:discover_packages(prefix_path) using defaults
[0.455s] Level 5:colcon.colcon_core.verb:set package 'assignment2_custom_msg' build argument 'cmake_args' from command line to 'None'
[0.456s] Level 5:colcon.colcon_core.verb:set package 'assignment2_custom_msg' build argument 'cmake_target' from command line to 'None'
[0.456s] Level 5:colcon.colcon_core.verb:set package 'assignment2_custom_msg' build argument 'cmake_target_skip_unavailable' from command line to 'False'
[0.456s] Level 5:colcon.colcon_core.verb:set package 'assignment2_custom_msg' build argument 'cmake_clean_cache' from command line to 'False'
[0.456s] Level 5:colcon.colcon_core.verb:set package 'assignment2_custom_msg' build argument 'cmake_clean_first' from command line to 'False'
[0.456s] Level 5:colcon.colcon_core.verb:set package 'assignment2_custom_msg' build argument 'cmake_force_configure' from command line to 'False'
[0.456s] Level 5:colcon.colcon_core.verb:set package 'assignment2_custom_msg' build argument 'ament_cmake_args' from command line to 'None'
[0.456s] Level 5:colcon.colcon_core.verb:set package 'assignment2_custom_msg' build argument 'catkin_cmake_args' from command line to 'None'
[0.456s] Level 5:colcon.colcon_core.verb:set package 'assignment2_custom_msg' build argument 'catkin_skip_building_tests' from command line to 'False'
[0.456s] DEBUG:colcon.colcon_core.verb:Building package 'assignment2_custom_msg' with the following arguments: {'ament_cmake_args': None, 'build_base': '/home/hani/Desktop/ros2_ws/build/assignment2_custom_msg', 'catkin_cmake_args': None, 'catkin_skip_building_tests': False, 'cmake_args': None, 'cmake_clean_cache': False, 'cmake_clean_first': False, 'cmake_force_configure': False, 'cmake_target': None, 'cmake_target_skip_unavailable': False, 'install_base': '/home/hani/Desktop/ros2_ws/install/assignment2_custom_msg', 'merge_install': False, 'path': '/home/hani/Desktop/ros2_ws/assignment2_custom_msg', 'symlink_install': False, 'test_result_base': None}
[0.456s] INFO:colcon.colcon_core.executor:Executing jobs using 'parallel' executor
[0.457s] DEBUG:colcon.colcon_parallel_executor.executor.parallel:run_until_complete
[0.458s] INFO:colcon.colcon_ros.task.ament_cmake.build:Building ROS package in '/home/hani/Desktop/ros2_ws/assignment2_custom_msg' with build type 'ament_cmake'
[0.458s] INFO:colcon.colcon_cmake.task.cmake.build:Building CMake package in '/home/hani/Desktop/ros2_ws/assignment2_custom_msg'
[0.462s] INFO:colcon.colcon_core.plugin_system:Skipping extension 'colcon_core.shell.bat': Not used on non-Windows systems
[0.462s] INFO:colcon.colcon_core.shell:Skip shell extension 'powershell' for command environment: Not usable outside of PowerShell
[0.462s] DEBUG:colcon.colcon_core.shell:Skip shell extension 'dsv' for command environment
[0.474s] DEBUG:colcon.colcon_core.event_handler.log_command:Invoking command in '/home/hani/Desktop/ros2_ws/build/assignment2_custom_msg': CMAKE_PREFIX_PATH=${CMAKE_PREFIX_PATH}:/opt/ros/jazzy DEBUGINFOD_URLS=https://debuginfod.ubuntu.com /usr/bin/cmake /home/hani/Desktop/ros2_ws/assignment2_custom_msg -DCMAKE_INSTALL_PREFIX=/home/hani/Desktop/ros2_ws/install/assignment2_custom_msg
[0.972s] DEBUG:colcon.colcon_core.event_handler.log_command:Invoked command in '/home/hani/Desktop/ros2_ws/build/assignment2_custom_msg' returned '1': CMAKE_PREFIX_PATH=${CMAKE_PREFIX_PATH}:/opt/ros/jazzy DEBUGINFOD_URLS=https://debuginfod.ubuntu.com /usr/bin/cmake /home/hani/Desktop/ros2_ws/assignment2_custom_msg -DCMAKE_INSTALL_PREFIX=/home/hani/Desktop/ros2_ws/install/assignment2_custom_msg
[0.989s] Level 1:colcon.colcon_core.environment:create_environment_scripts_only(assignment2_custom_msg)
[0.994s] Level 1:colcon.colcon_core.environment:checking '/home/hani/Desktop/ros2_ws/install/assignment2_custom_msg' for CMake module files
[0.995s] Level 1:colcon.colcon_core.environment:checking '/home/hani/Desktop/ros2_ws/install/assignment2_custom_msg' for CMake config files
[0.995s] Level 1:colcon.colcon_core.environment:checking '/home/hani/Desktop/ros2_ws/install/assignment2_custom_msg/bin'
[0.995s] Level 1:colcon.colcon_core.environment:checking '/home/hani/Desktop/ros2_ws/install/assignment2_custom_msg/lib/pkgconfig/assignment2_custom_msg.pc'
[0.996s] Level 1:colcon.colcon_core.environment:checking '/home/hani/Desktop/ros2_ws/install/assignment2_custom_msg/lib/python3.12/site-packages'
[0.997s] Level 1:colcon.colcon_core.environment:checking '/home/hani/Desktop/ros2_ws/install/assignment2_custom_msg/bin'
[0.997s] INFO:colcon.colcon_core.shell:Creating package script '/home/hani/Desktop/ros2_ws/install/assignment2_custom_msg/share/assignment2_custom_msg/package.ps1'
[0.998s] INFO:colcon.colcon_core.shell:Creating package descriptor '/home/hani/Desktop/ros2_ws/install/assignment2_custom_msg/share/assignment2_custom_msg/package.dsv'
[0.999s] INFO:colcon.colcon_core.shell:Creating package script '/home/hani/Desktop/ros2_ws/install/assignment2_custom_msg/share/assignment2_custom_msg/package.sh'
[1.000s] INFO:colcon.colcon_core.shell:Creating package script '/home/hani/Desktop/ros2_ws/install/assignment2_custom_msg/share/assignment2_custom_msg/package.bash'
[1.001s] INFO:colcon.colcon_core.shell:Creating package script '/home/hani/Desktop/ros2_ws/install/assignment2_custom_msg/share/assignment2_custom_msg/package.zsh'
[1.002s] Level 1:colcon.colcon_core.environment:create_file_with_runtime_dependencies(/home/hani/Desktop/ros2_ws/install/assignment2_custom_msg/share/colcon-core/packages/assignment2_custom_msg)
[1.013s] DEBUG:colcon.colcon_parallel_executor.executor.parallel:closing loop
[1.013s] DEBUG:colcon.colcon_parallel_executor.executor.parallel:loop closed
[1.013s] DEBUG:colcon.colcon_parallel_executor.executor.parallel:run_until_complete finished with '1'
[1.013s] DEBUG:colcon.colcon_core.event_reactor:joining thread
[1.028s] INFO:colcon.colcon_core.plugin_system:Skipping extension 'colcon_notification.desktop_notification.terminal_notifier': Not used on non-Darwin systems
[1.028s] INFO:colcon.colcon_core.plugin_system:Skipping extension 'colcon_notification.desktop_notification.win32': Not used on non-Windows systems
[1.029s] INFO:colcon.colcon_notification.desktop_notification:Sending desktop notification using 'notify2'
[1.079s] DEBUG:colcon.colcon_core.event_reactor:joined thread
[1.080s] INFO:colcon.colcon_core.shell:Creating prefix script '/home/hani/Desktop/ros2_ws/install/local_setup.ps1'
[1.086s] INFO:colcon.colcon_core.shell:Creating prefix util module '/home/hani/Desktop/ros2_ws/install/_local_setup_util_ps1.py'
[1.094s] INFO:colcon.colcon_core.shell:Creating prefix chain script '/home/hani/Desktop/ros2_ws/install/setup.ps1'
[1.100s] INFO:colcon.colcon_core.shell:Creating prefix script '/home/hani/Desktop/ros2_ws/install/local_setup.sh'
[1.103s] INFO:colcon.colcon_core.shell:Creating prefix util module '/home/hani/Desktop/ros2_ws/install/_local_setup_util_sh.py'
[1.106s] INFO:colcon.colcon_core.shell:Creating prefix chain script '/home/hani/Desktop/ros2_ws/install/setup.sh'
[1.110s] INFO:colcon.colcon_core.shell:Creating prefix script '/home/hani/Desktop/ros2_ws/install/local_setup.bash'
[1.112s] INFO:colcon.colcon_core.shell:Creating prefix chain script '/home/hani/Desktop/ros2_ws/install/setup.bash'
[1.116s] INFO:colcon.colcon_core.shell:Creating prefix script '/home/hani/Desktop/ros2_ws/install/local_setup.zsh'
[1.118s] INFO:colcon.colcon_core.shell:Creating prefix chain script '/home/hani/Desktop/ros2_ws/install/setup.zsh'
