[0.203s] DEBUG:colcon:Command line arguments: ['/usr/bin/colcon', 'build']
[0.204s] DEBUG:colcon:Parsed command line arguments: Namespace(log_base=None, log_level=None, verb_name='build', build_base='build', install_base='install', merge_install=False, symlink_install=False, test_result_base=None, continue_on_error=False, executor='parallel', parallel_workers=8, event_handlers=None, ignore_user_meta=False, metas=['./colcon.meta'], base_paths=['.'], packages_ignore=None, packages_ignore_regex=None, paths=None, packages_up_to=None, packages_up_to_regex=None, packages_above=None, packages_above_and_dependencies=None, packages_above_depth=None, packages_select_by_dep=None, packages_skip_by_dep=None, packages_skip_up_to=None, packages_select_build_failed=False, packages_skip_build_finished=False, packages_select_test_failures=False, packages_skip_test_passed=False, packages_select=None, packages_skip=None, packages_select_regex=None, packages_skip_regex=None, packages_start=None, packages_end=None, allow_overriding=[], cmake_args=None, cmake_target=None, cmake_target_skip_unavailable=False, cmake_clean_cache=False, cmake_clean_first=False, cmake_force_configure=False, ament_cmake_args=None, catkin_cmake_args=None, catkin_skip_building_tests=False, mixin_files=None, mixin=None, verb_parser=<colcon_mixin.mixin.mixin_argument.MixinArgumentDecorator object at 0x7a92fd784f80>, verb_extension=<colcon_core.verb.build.BuildVerb object at 0x7a92fd8d1880>, main=<bound method BuildVerb.main of <colcon_core.verb.build.BuildVerb object at 0x7a92fd8d1880>>, mixin_verb=('build',))
[0.274s] Level 1:colcon.colcon_core.package_discovery:discover_packages(colcon_meta) check parameters
[0.275s] Level 1:colcon.colcon_core.package_discovery:discover_packages(recursive) check parameters
[0.275s] Level 1:colcon.colcon_core.package_discovery:discover_packages(ignore) check parameters
[0.275s] Level 1:colcon.colcon_core.package_discovery:discover_packages(path) check parameters
[0.275s] Level 1:colcon.colcon_core.package_discovery:discover_packages(colcon_meta) discover
[0.275s] Level 1:colcon.colcon_core.package_discovery:discover_packages(recursive) discover
[0.275s] INFO:colcon.colcon_core.package_discovery:Crawling recursively for packages in '/home/hani/Desktop/ros2_ws'
[0.275s] Level 1:colcon.colcon_core.package_identification:_identify(.) by extensions ['ignore', 'ignore_ament_install']
[0.275s] Level 1:colcon.colcon_core.package_identification:_identify(.) by extension 'ignore'
[0.275s] Level 1:colcon.colcon_core.package_identification:_identify(.) by extension 'ignore_ament_install'
[0.276s] Level 1:colcon.colcon_core.package_identification:_identify(.) by extensions ['colcon_pkg']
[0.276s] Level 1:colcon.colcon_core.package_identification:_identify(.) by extension 'colcon_pkg'
[0.276s] Level 1:colcon.colcon_core.package_identification:_identify(.) by extensions ['colcon_meta']
[0.276s] Level 1:colcon.colcon_core.package_identification:_identify(.) by extension 'colcon_meta'
[0.276s] Level 1:colcon.colcon_core.package_identification:_identify(.) by extensions ['ros']
[0.276s] Level 1:colcon.colcon_core.package_identification:_identify(.) by extension 'ros'
[0.324s] Level 1:colcon.colcon_core.package_identification:_identify(.) by extensions ['cmake', 'python']
[0.324s] Level 1:colcon.colcon_core.package_identification:_identify(.) by extension 'cmake'
[0.324s] Level 1:colcon.colcon_core.package_identification:_identify(.) by extension 'python'
[0.324s] Level 1:colcon.colcon_core.package_identification:_identify(.) by extensions ['python_setup_py']
[0.324s] Level 1:colcon.colcon_core.package_identification:_identify(.) by extension 'python_setup_py'
[0.324s] Level 1:colcon.colcon_core.package_identification:_identify(build) by extensions ['ignore', 'ignore_ament_install']
[0.324s] Level 1:colcon.colcon_core.package_identification:_identify(build) by extension 'ignore'
[0.324s] Level 1:colcon.colcon_core.package_identification:_identify(build) ignored
[0.325s] Level 1:colcon.colcon_core.package_identification:_identify(install) by extensions ['ignore', 'ignore_ament_install']
[0.325s] Level 1:colcon.colcon_core.package_identification:_identify(install) by extension 'ignore'
[0.325s] Level 1:colcon.colcon_core.package_identification:_identify(install) ignored
[0.325s] Level 1:colcon.colcon_core.package_identification:_identify(log) by extensions ['ignore', 'ignore_ament_install']
[0.325s] Level 1:colcon.colcon_core.package_identification:_identify(log) by extension 'ignore'
[0.325s] Level 1:colcon.colcon_core.package_identification:_identify(log) ignored
[0.325s] Level 1:colcon.colcon_core.package_identification:_identify(src) by extensions ['ignore', 'ignore_ament_install']
[0.326s] Level 1:colcon.colcon_core.package_identification:_identify(src) by extension 'ignore'
[0.326s] Level 1:colcon.colcon_core.package_identification:_identify(src) by extension 'ignore_ament_install'
[0.326s] Level 1:colcon.colcon_core.package_identification:_identify(src) by extensions ['colcon_pkg']
[0.326s] Level 1:colcon.colcon_core.package_identification:_identify(src) by extension 'colcon_pkg'
[0.326s] Level 1:colcon.colcon_core.package_identification:_identify(src) by extensions ['colcon_meta']
[0.326s] Level 1:colcon.colcon_core.package_identification:_identify(src) by extension 'colcon_meta'
[0.326s] Level 1:colcon.colcon_core.package_identification:_identify(src) by extensions ['ros']
[0.326s] Level 1:colcon.colcon_core.package_identification:_identify(src) by extension 'ros'
[0.326s] Level 1:colcon.colcon_core.package_identification:_identify(src) by extensions ['cmake', 'python']
[0.326s] Level 1:colcon.colcon_core.package_identification:_identify(src) by extension 'cmake'
[0.326s] Level 1:colcon.colcon_core.package_identification:_identify(src) by extension 'python'
[0.327s] Level 1:colcon.colcon_core.package_identification:_identify(src) by extensions ['python_setup_py']
[0.327s] Level 1:colcon.colcon_core.package_identification:_identify(src) by extension 'python_setup_py'
[0.327s] Level 1:colcon.colcon_core.package_identification:_identify(src/assignment2_custom_msg) by extensions ['ignore', 'ignore_ament_install']
[0.327s] Level 1:colcon.colcon_core.package_identification:_identify(src/assignment2_custom_msg) by extension 'ignore'
[0.327s] Level 1:colcon.colcon_core.package_identification:_identify(src/assignment2_custom_msg) by extension 'ignore_ament_install'
[0.327s] Level 1:colcon.colcon_core.package_identification:_identify(src/assignment2_custom_msg) by extensions ['colcon_pkg']
[0.327s] Level 1:colcon.colcon_core.package_identification:_identify(src/assignment2_custom_msg) by extension 'colcon_pkg'
[0.327s] Level 1:colcon.colcon_core.package_identification:_identify(src/assignment2_custom_msg) by extensions ['colcon_meta']
[0.327s] Level 1:colcon.colcon_core.package_identification:_identify(src/assignment2_custom_msg) by extension 'colcon_meta'
[0.327s] Level 1:colcon.colcon_core.package_identification:_identify(src/assignment2_custom_msg) by extensions ['ros']
[0.327s] Level 1:colcon.colcon_core.package_identification:_identify(src/assignment2_custom_msg) by extension 'ros'
[0.332s] DEBUG:colcon.colcon_core.package_identification:Package 'src/assignment2_custom_msg' with type 'ros.ament_cmake' and name 'assignment2_custom_msg'
[0.332s] Level 1:colcon.colcon_core.package_identification:_identify(src/assignment2_rt) by extensions ['ignore', 'ignore_ament_install']
[0.332s] Level 1:colcon.colcon_core.package_identification:_identify(src/assignment2_rt) by extension 'ignore'
[0.332s] Level 1:colcon.colcon_core.package_identification:_identify(src/assignment2_rt) by extension 'ignore_ament_install'
[0.332s] Level 1:colcon.colcon_core.package_identification:_identify(src/assignment2_rt) by extensions ['colcon_pkg']
[0.332s] Level 1:colcon.colcon_core.package_identification:_identify(src/assignment2_rt) by extension 'colcon_pkg'
[0.332s] Level 1:colcon.colcon_core.package_identification:_identify(src/assignment2_rt) by extensions ['colcon_meta']
[0.332s] Level 1:colcon.colcon_core.package_identification:_identify(src/assignment2_rt) by extension 'colcon_meta'
[0.332s] Level 1:colcon.colcon_core.package_identification:_identify(src/assignment2_rt) by extensions ['ros']
[0.333s] Level 1:colcon.colcon_core.package_identification:_identify(src/assignment2_rt) by extension 'ros'
[0.333s] DEBUG:colcon.colcon_core.package_identification:Package 'src/assignment2_rt' with type 'ros.ament_python' and name 'assignment2_rt'
[0.334s] Level 1:colcon.colcon_core.package_identification:_identify(src/bme_gazebo_sensors) by extensions ['ignore', 'ignore_ament_install']
[0.334s] Level 1:colcon.colcon_core.package_identification:_identify(src/bme_gazebo_sensors) by extension 'ignore'
[0.334s] Level 1:colcon.colcon_core.package_identification:_identify(src/bme_gazebo_sensors) by extension 'ignore_ament_install'
[0.334s] Level 1:colcon.colcon_core.package_identification:_identify(src/bme_gazebo_sensors) by extensions ['colcon_pkg']
[0.334s] Level 1:colcon.colcon_core.package_identification:_identify(src/bme_gazebo_sensors) by extension 'colcon_pkg'
[0.334s] Level 1:colcon.colcon_core.package_identification:_identify(src/bme_gazebo_sensors) by extensions ['colcon_meta']
[0.334s] Level 1:colcon.colcon_core.package_identification:_identify(src/bme_gazebo_sensors) by extension 'colcon_meta'
[0.334s] Level 1:colcon.colcon_core.package_identification:_identify(src/bme_gazebo_sensors) by extensions ['ros']
[0.334s] Level 1:colcon.colcon_core.package_identification:_identify(src/bme_gazebo_sensors) by extension 'ros'
[0.335s] DEBUG:colcon.colcon_core.package_identification:Package 'src/bme_gazebo_sensors' with type 'ros.ament_cmake' and name 'bme_gazebo_sensors'
[0.335s] Level 1:colcon.colcon_core.package_discovery:discover_packages(recursive) using defaults
[0.335s] Level 1:colcon.colcon_core.package_discovery:discover_packages(ignore) discover
[0.335s] Level 1:colcon.colcon_core.package_discovery:discover_packages(ignore) using defaults
[0.335s] Level 1:colcon.colcon_core.package_discovery:discover_packages(path) discover
[0.335s] Level 1:colcon.colcon_core.package_discovery:discover_packages(path) using defaults
[0.367s] Level 1:colcon.colcon_core.package_discovery:discover_packages(prefix_path) check parameters
[0.367s] Level 1:colcon.colcon_core.package_discovery:discover_packages(prefix_path) discover
[0.369s] WARNING:colcon.colcon_ros.prefix_path.ament:The path '/home/hani/Desktop/ros2_ws/install/bme_gazebo_sensors' in the environment variable AMENT_PREFIX_PATH doesn't exist
[0.369s] WARNING:colcon.colcon_ros.prefix_path.ament:The path '/home/hani/Desktop/ros2_ws/install/assignment2_rt' in the environment variable AMENT_PREFIX_PATH doesn't exist
[0.369s] WARNING:colcon.colcon_ros.prefix_path.ament:The path '/home/hani/Desktop/ros2_ws/install/assignment2_custom_msg' in the environment variable AMENT_PREFIX_PATH doesn't exist
[0.369s] WARNING:colcon.colcon_ros.prefix_path.catkin:The path '/home/hani/Desktop/ros2_ws/install/bme_gazebo_sensors' in the environment variable CMAKE_PREFIX_PATH doesn't exist
[0.369s] WARNING:colcon.colcon_ros.prefix_path.catkin:The path '/home/hani/Desktop/ros2_ws/install/assignment2_custom_msg' in the environment variable CMAKE_PREFIX_PATH doesn't exist
[0.371s] DEBUG:colcon.colcon_installed_package_information.package_discovery:Found 0 installed packages in /home/hani/Desktop/ros2_ws/install
[0.375s] DEBUG:colcon.colcon_installed_package_information.package_discovery:Found 315 installed packages in /opt/ros/jazzy
[0.379s] Level 1:colcon.colcon_core.package_discovery:discover_packages(prefix_path) using defaults
[0.471s] Level 5:colcon.colcon_core.verb:set package 'assignment2_custom_msg' build argument 'cmake_args' from command line to 'None'
[0.472s] Level 5:colcon.colcon_core.verb:set package 'assignment2_custom_msg' build argument 'cmake_target' from command line to 'None'
[0.472s] Level 5:colcon.colcon_core.verb:set package 'assignment2_custom_msg' build argument 'cmake_target_skip_unavailable' from command line to 'False'
[0.472s] Level 5:colcon.colcon_core.verb:set package 'assignment2_custom_msg' build argument 'cmake_clean_cache' from command line to 'False'
[0.472s] Level 5:colcon.colcon_core.verb:set package 'assignment2_custom_msg' build argument 'cmake_clean_first' from command line to 'False'
[0.472s] Level 5:colcon.colcon_core.verb:set package 'assignment2_custom_msg' build argument 'cmake_force_configure' from command line to 'False'
[0.472s] Level 5:colcon.colcon_core.verb:set package 'assignment2_custom_msg' build argument 'ament_cmake_args' from command line to 'None'
[0.472s] Level 5:colcon.colcon_core.verb:set package 'assignment2_custom_msg' build argument 'catkin_cmake_args' from command line to 'None'
[0.472s] Level 5:colcon.colcon_core.verb:set package 'assignment2_custom_msg' build argument 'catkin_skip_building_tests' from command line to 'False'
[0.472s] DEBUG:colcon.colcon_core.verb:Building package 'assignment2_custom_msg' with the following arguments: {'ament_cmake_args': None, 'build_base': '/home/hani/Desktop/ros2_ws/build/assignment2_custom_msg', 'catkin_cmake_args': None, 'catkin_skip_building_tests': False, 'cmake_args': None, 'cmake_clean_cache': False, 'cmake_clean_first': False, 'cmake_force_configure': False, 'cmake_target': None, 'cmake_target_skip_unavailable': False, 'install_base': '/home/hani/Desktop/ros2_ws/install/assignment2_custom_msg', 'merge_install': False, 'path': '/home/hani/Desktop/ros2_ws/src/assignment2_custom_msg', 'symlink_install': False, 'test_result_base': None}
[0.473s] Level 5:colcon.colcon_core.verb:set package 'bme_gazebo_sensors' build argument 'cmake_args' from command line to 'None'
[0.473s] Level 5:colcon.colcon_core.verb:set package 'bme_gazebo_sensors' build argument 'cmake_target' from command line to 'None'
[0.473s] Level 5:colcon.colcon_core.verb:set package 'bme_gazebo_sensors' build argument 'cmake_target_skip_unavailable' from command line to 'False'
[0.473s] Level 5:colcon.colcon_core.verb:set package 'bme_gazebo_sensors' build argument 'cmake_clean_cache' from command line to 'False'
[0.473s] Level 5:colcon.colcon_core.verb:set package 'bme_gazebo_sensors' build argument 'cmake_clean_first' from command line to 'False'
[0.473s] Level 5:colcon.colcon_core.verb:set package 'bme_gazebo_sensors' build argument 'cmake_force_configure' from command line to 'False'
[0.473s] Level 5:colcon.colcon_core.verb:set package 'bme_gazebo_sensors' build argument 'ament_cmake_args' from command line to 'None'
[0.473s] Level 5:colcon.colcon_core.verb:set package 'bme_gazebo_sensors' build argument 'catkin_cmake_args' from command line to 'None'
[0.473s] Level 5:colcon.colcon_core.verb:set package 'bme_gazebo_sensors' build argument 'catkin_skip_building_tests' from command line to 'False'
[0.473s] DEBUG:colcon.colcon_core.verb:Building package 'bme_gazebo_sensors' with the following arguments: {'ament_cmake_args': None, 'build_base': '/home/hani/Desktop/ros2_ws/build/bme_gazebo_sensors', 'catkin_cmake_args': None, 'catkin_skip_building_tests': False, 'cmake_args': None, 'cmake_clean_cache': False, 'cmake_clean_first': False, 'cmake_force_configure': False, 'cmake_target': None, 'cmake_target_skip_unavailable': False, 'install_base': '/home/hani/Desktop/ros2_ws/install/bme_gazebo_sensors', 'merge_install': False, 'path': '/home/hani/Desktop/ros2_ws/src/bme_gazebo_sensors', 'symlink_install': False, 'test_result_base': None}
[0.474s] Level 5:colcon.colcon_core.verb:set package 'assignment2_rt' build argument 'cmake_args' from command line to 'None'
[0.474s] Level 5:colcon.colcon_core.verb:set package 'assignment2_rt' build argument 'cmake_target' from command line to 'None'
[0.474s] Level 5:colcon.colcon_core.verb:set package 'assignment2_rt' build argument 'cmake_target_skip_unavailable' from command line to 'False'
[0.474s] Level 5:colcon.colcon_core.verb:set package 'assignment2_rt' build argument 'cmake_clean_cache' from command line to 'False'
[0.474s] Level 5:colcon.colcon_core.verb:set package 'assignment2_rt' build argument 'cmake_clean_first' from command line to 'False'
[0.474s] Level 5:colcon.colcon_core.verb:set package 'assignment2_rt' build argument 'cmake_force_configure' from command line to 'False'
[0.474s] Level 5:colcon.colcon_core.verb:set package 'assignment2_rt' build argument 'ament_cmake_args' from command line to 'None'
[0.474s] Level 5:colcon.colcon_core.verb:set package 'assignment2_rt' build argument 'catkin_cmake_args' from command line to 'None'
[0.474s] Level 5:colcon.colcon_core.verb:set package 'assignment2_rt' build argument 'catkin_skip_building_tests' from command line to 'False'
[0.474s] DEBUG:colcon.colcon_core.verb:Building package 'assignment2_rt' with the following arguments: {'ament_cmake_args': None, 'build_base': '/home/hani/Desktop/ros2_ws/build/assignment2_rt', 'catkin_cmake_args': None, 'catkin_skip_building_tests': False, 'cmake_args': None, 'cmake_clean_cache': False, 'cmake_clean_first': False, 'cmake_force_configure': False, 'cmake_target': None, 'cmake_target_skip_unavailable': False, 'install_base': '/home/hani/Desktop/ros2_ws/install/assignment2_rt', 'merge_install': False, 'path': '/home/hani/Desktop/ros2_ws/src/assignment2_rt', 'symlink_install': False, 'test_result_base': None}
[0.474s] INFO:colcon.colcon_core.executor:Executing jobs using 'parallel' executor
[0.475s] DEBUG:colcon.colcon_parallel_executor.executor.parallel:run_until_complete
[0.476s] INFO:colcon.colcon_ros.task.ament_cmake.build:Building ROS package in '/home/hani/Desktop/ros2_ws/src/assignment2_custom_msg' with build type 'ament_cmake'
[0.476s] INFO:colcon.colcon_cmake.task.cmake.build:Building CMake package in '/home/hani/Desktop/ros2_ws/src/assignment2_custom_msg'
[0.480s] INFO:colcon.colcon_core.plugin_system:Skipping extension 'colcon_core.shell.bat': Not used on non-Windows systems
[0.481s] INFO:colcon.colcon_core.shell:Skip shell extension 'powershell' for command environment: Not usable outside of PowerShell
[0.481s] DEBUG:colcon.colcon_core.shell:Skip shell extension 'dsv' for command environment
[0.489s] INFO:colcon.colcon_ros.task.ament_cmake.build:Building ROS package in '/home/hani/Desktop/ros2_ws/src/bme_gazebo_sensors' with build type 'ament_cmake'
[0.489s] INFO:colcon.colcon_cmake.task.cmake.build:Building CMake package in '/home/hani/Desktop/ros2_ws/src/bme_gazebo_sensors'
[0.489s] INFO:colcon.colcon_core.shell:Skip shell extension 'powershell' for command environment: Not usable outside of PowerShell
[0.489s] DEBUG:colcon.colcon_core.shell:Skip shell extension 'dsv' for command environment
[0.500s] DEBUG:colcon.colcon_core.event_handler.log_command:Invoking command in '/home/hani/Desktop/ros2_ws/build/assignment2_custom_msg': CMAKE_PREFIX_PATH=${CMAKE_PREFIX_PATH}:/home/hani/Desktop/ros2_ws/install/assignment2_rt:/opt/ros/jazzy DEBUGINFOD_URLS=https://debuginfod.ubuntu.com /usr/bin/cmake /home/hani/Desktop/ros2_ws/src/assignment2_custom_msg -DCMAKE_INSTALL_PREFIX=/home/hani/Desktop/ros2_ws/install/assignment2_custom_msg
[0.508s] DEBUG:colcon.colcon_core.event_handler.log_command:Invoking command in '/home/hani/Desktop/ros2_ws/build/bme_gazebo_sensors': CMAKE_PREFIX_PATH=${CMAKE_PREFIX_PATH}:/home/hani/Desktop/ros2_ws/install/assignment2_rt:/opt/ros/jazzy DEBUGINFOD_URLS=https://debuginfod.ubuntu.com /usr/bin/cmake /home/hani/Desktop/ros2_ws/src/bme_gazebo_sensors -DCMAKE_INSTALL_PREFIX=/home/hani/Desktop/ros2_ws/install/bme_gazebo_sensors
[2.100s] DEBUG:colcon.colcon_core.event_handler.log_command:Invoked command in '/home/hani/Desktop/ros2_ws/build/bme_gazebo_sensors' returned '0': CMAKE_PREFIX_PATH=${CMAKE_PREFIX_PATH}:/home/hani/Desktop/ros2_ws/install/assignment2_rt:/opt/ros/jazzy DEBUGINFOD_URLS=https://debuginfod.ubuntu.com /usr/bin/cmake /home/hani/Desktop/ros2_ws/src/bme_gazebo_sensors -DCMAKE_INSTALL_PREFIX=/home/hani/Desktop/ros2_ws/install/bme_gazebo_sensors
[2.102s] DEBUG:colcon.colcon_core.event_handler.log_command:Invoking command in '/home/hani/Desktop/ros2_ws/build/bme_gazebo_sensors': CMAKE_PREFIX_PATH=${CMAKE_PREFIX_PATH}:/home/hani/Desktop/ros2_ws/install/assignment2_rt:/opt/ros/jazzy DEBUGINFOD_URLS=https://debuginfod.ubuntu.com /usr/bin/cmake --build /home/hani/Desktop/ros2_ws/build/bme_gazebo_sensors -- -j8 -l8
[2.170s] DEBUG:colcon.colcon_core.event_handler.log_command:Invoked command in '/home/hani/Desktop/ros2_ws/build/bme_gazebo_sensors' returned '0': CMAKE_PREFIX_PATH=${CMAKE_PREFIX_PATH}:/home/hani/Desktop/ros2_ws/install/assignment2_rt:/opt/ros/jazzy DEBUGINFOD_URLS=https://debuginfod.ubuntu.com /usr/bin/cmake --build /home/hani/Desktop/ros2_ws/build/bme_gazebo_sensors -- -j8 -l8
[2.190s] DEBUG:colcon.colcon_core.event_handler.log_command:Invoking command in '/home/hani/Desktop/ros2_ws/build/bme_gazebo_sensors': CMAKE_PREFIX_PATH=${CMAKE_PREFIX_PATH}:/home/hani/Desktop/ros2_ws/install/assignment2_rt:/opt/ros/jazzy DEBUGINFOD_URLS=https://debuginfod.ubuntu.com /usr/bin/cmake --install /home/hani/Desktop/ros2_ws/build/bme_gazebo_sensors
[2.215s] Level 1:colcon.colcon_core.environment:create_environment_scripts_only(bme_gazebo_sensors)
[2.215s] DEBUG:colcon.colcon_core.event_handler.log_command:Invoked command in '/home/hani/Desktop/ros2_ws/build/bme_gazebo_sensors' returned '0': CMAKE_PREFIX_PATH=${CMAKE_PREFIX_PATH}:/home/hani/Desktop/ros2_ws/install/assignment2_rt:/opt/ros/jazzy DEBUGINFOD_URLS=https://debuginfod.ubuntu.com /usr/bin/cmake --install /home/hani/Desktop/ros2_ws/build/bme_gazebo_sensors
[2.219s] Level 1:colcon.colcon_core.environment:checking '/home/hani/Desktop/ros2_ws/install/bme_gazebo_sensors' for CMake module files
[2.220s] Level 1:colcon.colcon_core.environment:checking '/home/hani/Desktop/ros2_ws/install/bme_gazebo_sensors' for CMake config files
[2.221s] Level 1:colcon.colcon_core.shell:create_environment_hook('bme_gazebo_sensors', 'cmake_prefix_path')
[2.221s] INFO:colcon.colcon_core.shell:Creating environment hook '/home/hani/Desktop/ros2_ws/install/bme_gazebo_sensors/share/bme_gazebo_sensors/hook/cmake_prefix_path.ps1'
[2.222s] INFO:colcon.colcon_core.shell:Creating environment descriptor '/home/hani/Desktop/ros2_ws/install/bme_gazebo_sensors/share/bme_gazebo_sensors/hook/cmake_prefix_path.dsv'
[2.223s] INFO:colcon.colcon_core.shell:Creating environment hook '/home/hani/Desktop/ros2_ws/install/bme_gazebo_sensors/share/bme_gazebo_sensors/hook/cmake_prefix_path.sh'
[2.224s] Level 1:colcon.colcon_core.environment:checking '/home/hani/Desktop/ros2_ws/install/bme_gazebo_sensors/bin'
[2.225s] Level 1:colcon.colcon_core.environment:checking '/home/hani/Desktop/ros2_ws/install/bme_gazebo_sensors/lib/pkgconfig/bme_gazebo_sensors.pc'
[2.225s] Level 1:colcon.colcon_core.environment:checking '/home/hani/Desktop/ros2_ws/install/bme_gazebo_sensors/lib/python3.12/site-packages'
[2.226s] Level 1:colcon.colcon_core.environment:checking '/home/hani/Desktop/ros2_ws/install/bme_gazebo_sensors/bin'
[2.227s] INFO:colcon.colcon_core.shell:Creating package script '/home/hani/Desktop/ros2_ws/install/bme_gazebo_sensors/share/bme_gazebo_sensors/package.ps1'
[2.228s] INFO:colcon.colcon_core.shell:Creating package descriptor '/home/hani/Desktop/ros2_ws/install/bme_gazebo_sensors/share/bme_gazebo_sensors/package.dsv'
[2.229s] INFO:colcon.colcon_core.shell:Creating package script '/home/hani/Desktop/ros2_ws/install/bme_gazebo_sensors/share/bme_gazebo_sensors/package.sh'
[2.230s] INFO:colcon.colcon_core.shell:Creating package script '/home/hani/Desktop/ros2_ws/install/bme_gazebo_sensors/share/bme_gazebo_sensors/package.bash'
[2.231s] INFO:colcon.colcon_core.shell:Creating package script '/home/hani/Desktop/ros2_ws/install/bme_gazebo_sensors/share/bme_gazebo_sensors/package.zsh'
[2.232s] Level 1:colcon.colcon_core.environment:create_file_with_runtime_dependencies(/home/hani/Desktop/ros2_ws/install/bme_gazebo_sensors/share/colcon-core/packages/bme_gazebo_sensors)
[2.234s] Level 1:colcon.colcon_core.environment:create_environment_scripts_only(bme_gazebo_sensors)
[2.234s] Level 1:colcon.colcon_core.environment:checking '/home/hani/Desktop/ros2_ws/install/bme_gazebo_sensors' for CMake module files
[2.235s] Level 1:colcon.colcon_core.environment:checking '/home/hani/Desktop/ros2_ws/install/bme_gazebo_sensors' for CMake config files
[2.235s] Level 1:colcon.colcon_core.shell:create_environment_hook('bme_gazebo_sensors', 'cmake_prefix_path')
[2.236s] INFO:colcon.colcon_core.shell:Creating environment hook '/home/hani/Desktop/ros2_ws/install/bme_gazebo_sensors/share/bme_gazebo_sensors/hook/cmake_prefix_path.ps1'
[2.236s] INFO:colcon.colcon_core.shell:Creating environment descriptor '/home/hani/Desktop/ros2_ws/install/bme_gazebo_sensors/share/bme_gazebo_sensors/hook/cmake_prefix_path.dsv'
[2.237s] INFO:colcon.colcon_core.shell:Creating environment hook '/home/hani/Desktop/ros2_ws/install/bme_gazebo_sensors/share/bme_gazebo_sensors/hook/cmake_prefix_path.sh'
[2.238s] Level 1:colcon.colcon_core.environment:checking '/home/hani/Desktop/ros2_ws/install/bme_gazebo_sensors/bin'
[2.238s] Level 1:colcon.colcon_core.environment:checking '/home/hani/Desktop/ros2_ws/install/bme_gazebo_sensors/lib/pkgconfig/bme_gazebo_sensors.pc'
[2.239s] Level 1:colcon.colcon_core.environment:checking '/home/hani/Desktop/ros2_ws/install/bme_gazebo_sensors/lib/python3.12/site-packages'
[2.240s] Level 1:colcon.colcon_core.environment:checking '/home/hani/Desktop/ros2_ws/install/bme_gazebo_sensors/bin'
[2.240s] INFO:colcon.colcon_core.shell:Creating package script '/home/hani/Desktop/ros2_ws/install/bme_gazebo_sensors/share/bme_gazebo_sensors/package.ps1'
[2.241s] INFO:colcon.colcon_core.shell:Creating package descriptor '/home/hani/Desktop/ros2_ws/install/bme_gazebo_sensors/share/bme_gazebo_sensors/package.dsv'
[2.242s] INFO:colcon.colcon_core.shell:Creating package script '/home/hani/Desktop/ros2_ws/install/bme_gazebo_sensors/share/bme_gazebo_sensors/package.sh'
[2.243s] INFO:colcon.colcon_core.shell:Creating package script '/home/hani/Desktop/ros2_ws/install/bme_gazebo_sensors/share/bme_gazebo_sensors/package.bash'
[2.243s] INFO:colcon.colcon_core.shell:Creating package script '/home/hani/Desktop/ros2_ws/install/bme_gazebo_sensors/share/bme_gazebo_sensors/package.zsh'
[2.244s] Level 1:colcon.colcon_core.environment:create_file_with_runtime_dependencies(/home/hani/Desktop/ros2_ws/install/bme_gazebo_sensors/share/colcon-core/packages/bme_gazebo_sensors)
[7.037s] DEBUG:colcon.colcon_core.event_handler.log_command:Invoked command in '/home/hani/Desktop/ros2_ws/build/assignment2_custom_msg' returned '0': CMAKE_PREFIX_PATH=${CMAKE_PREFIX_PATH}:/home/hani/Desktop/ros2_ws/install/assignment2_rt:/opt/ros/jazzy DEBUGINFOD_URLS=https://debuginfod.ubuntu.com /usr/bin/cmake /home/hani/Desktop/ros2_ws/src/assignment2_custom_msg -DCMAKE_INSTALL_PREFIX=/home/hani/Desktop/ros2_ws/install/assignment2_custom_msg
[7.040s] DEBUG:colcon.colcon_core.event_handler.log_command:Invoking command in '/home/hani/Desktop/ros2_ws/build/assignment2_custom_msg': CMAKE_PREFIX_PATH=${CMAKE_PREFIX_PATH}:/home/hani/Desktop/ros2_ws/install/assignment2_rt:/opt/ros/jazzy DEBUGINFOD_URLS=https://debuginfod.ubuntu.com /usr/bin/cmake --build /home/hani/Desktop/ros2_ws/build/assignment2_custom_msg -- -j8 -l8
[15.060s] DEBUG:colcon.colcon_core.event_handler.log_command:Invoked command in '/home/hani/Desktop/ros2_ws/build/assignment2_custom_msg' returned '0': CMAKE_PREFIX_PATH=${CMAKE_PREFIX_PATH}:/home/hani/Desktop/ros2_ws/install/assignment2_rt:/opt/ros/jazzy DEBUGINFOD_URLS=https://debuginfod.ubuntu.com /usr/bin/cmake --build /home/hani/Desktop/ros2_ws/build/assignment2_custom_msg -- -j8 -l8
[15.062s] DEBUG:colcon.colcon_core.event_handler.log_command:Invoking command in '/home/hani/Desktop/ros2_ws/build/assignment2_custom_msg': CMAKE_PREFIX_PATH=${CMAKE_PREFIX_PATH}:/home/hani/Desktop/ros2_ws/install/assignment2_rt:/opt/ros/jazzy DEBUGINFOD_URLS=https://debuginfod.ubuntu.com /usr/bin/cmake --install /home/hani/Desktop/ros2_ws/build/assignment2_custom_msg
[15.361s] Level 1:colcon.colcon_core.environment:create_environment_scripts_only(assignment2_custom_msg)
[15.361s] Level 1:colcon.colcon_core.environment:checking '/home/hani/Desktop/ros2_ws/install/assignment2_custom_msg' for CMake module files
[15.362s] DEBUG:colcon.colcon_core.event_handler.log_command:Invoked command in '/home/hani/Desktop/ros2_ws/build/assignment2_custom_msg' returned '0': CMAKE_PREFIX_PATH=${CMAKE_PREFIX_PATH}:/home/hani/Desktop/ros2_ws/install/assignment2_rt:/opt/ros/jazzy DEBUGINFOD_URLS=https://debuginfod.ubuntu.com /usr/bin/cmake --install /home/hani/Desktop/ros2_ws/build/assignment2_custom_msg
[15.363s] Level 1:colcon.colcon_core.environment:checking '/home/hani/Desktop/ros2_ws/install/assignment2_custom_msg' for CMake config files
[15.364s] Level 1:colcon.colcon_core.shell:create_environment_hook('assignment2_custom_msg', 'cmake_prefix_path')
[15.364s] INFO:colcon.colcon_core.shell:Creating environment hook '/home/hani/Desktop/ros2_ws/install/assignment2_custom_msg/share/assignment2_custom_msg/hook/cmake_prefix_path.ps1'
[15.365s] INFO:colcon.colcon_core.shell:Creating environment descriptor '/home/hani/Desktop/ros2_ws/install/assignment2_custom_msg/share/assignment2_custom_msg/hook/cmake_prefix_path.dsv'
[15.365s] INFO:colcon.colcon_core.shell:Creating environment hook '/home/hani/Desktop/ros2_ws/install/assignment2_custom_msg/share/assignment2_custom_msg/hook/cmake_prefix_path.sh'
[15.366s] Level 1:colcon.colcon_core.environment:checking '/home/hani/Desktop/ros2_ws/install/assignment2_custom_msg/lib'
[15.366s] Level 1:colcon.colcon_core.shell:create_environment_hook('assignment2_custom_msg', 'ld_library_path_lib')
[15.367s] INFO:colcon.colcon_core.shell:Creating environment hook '/home/hani/Desktop/ros2_ws/install/assignment2_custom_msg/share/assignment2_custom_msg/hook/ld_library_path_lib.ps1'
[15.367s] INFO:colcon.colcon_core.shell:Creating environment descriptor '/home/hani/Desktop/ros2_ws/install/assignment2_custom_msg/share/assignment2_custom_msg/hook/ld_library_path_lib.dsv'
[15.368s] INFO:colcon.colcon_core.shell:Creating environment hook '/home/hani/Desktop/ros2_ws/install/assignment2_custom_msg/share/assignment2_custom_msg/hook/ld_library_path_lib.sh'
[15.369s] Level 1:colcon.colcon_core.environment:checking '/home/hani/Desktop/ros2_ws/install/assignment2_custom_msg/bin'
[15.369s] Level 1:colcon.colcon_core.environment:checking '/home/hani/Desktop/ros2_ws/install/assignment2_custom_msg/lib/pkgconfig/assignment2_custom_msg.pc'
[15.369s] Level 1:colcon.colcon_core.environment:checking '/home/hani/Desktop/ros2_ws/install/assignment2_custom_msg/lib/python3.12/site-packages'
[15.370s] Level 1:colcon.colcon_core.shell:create_environment_hook('assignment2_custom_msg', 'pythonpath')
[15.370s] INFO:colcon.colcon_core.shell:Creating environment hook '/home/hani/Desktop/ros2_ws/install/assignment2_custom_msg/share/assignment2_custom_msg/hook/pythonpath.ps1'
[15.370s] INFO:colcon.colcon_core.shell:Creating environment descriptor '/home/hani/Desktop/ros2_ws/install/assignment2_custom_msg/share/assignment2_custom_msg/hook/pythonpath.dsv'
[15.371s] INFO:colcon.colcon_core.shell:Creating environment hook '/home/hani/Desktop/ros2_ws/install/assignment2_custom_msg/share/assignment2_custom_msg/hook/pythonpath.sh'
[15.372s] Level 1:colcon.colcon_core.environment:checking '/home/hani/Desktop/ros2_ws/install/assignment2_custom_msg/bin'
[15.373s] INFO:colcon.colcon_core.shell:Creating package script '/home/hani/Desktop/ros2_ws/install/assignment2_custom_msg/share/assignment2_custom_msg/package.ps1'
[15.374s] INFO:colcon.colcon_core.shell:Creating package descriptor '/home/hani/Desktop/ros2_ws/install/assignment2_custom_msg/share/assignment2_custom_msg/package.dsv'
[15.375s] INFO:colcon.colcon_core.shell:Creating package script '/home/hani/Desktop/ros2_ws/install/assignment2_custom_msg/share/assignment2_custom_msg/package.sh'
[15.376s] INFO:colcon.colcon_core.shell:Creating package script '/home/hani/Desktop/ros2_ws/install/assignment2_custom_msg/share/assignment2_custom_msg/package.bash'
[15.376s] INFO:colcon.colcon_core.shell:Creating package script '/home/hani/Desktop/ros2_ws/install/assignment2_custom_msg/share/assignment2_custom_msg/package.zsh'
[15.377s] Level 1:colcon.colcon_core.environment:create_file_with_runtime_dependencies(/home/hani/Desktop/ros2_ws/install/assignment2_custom_msg/share/colcon-core/packages/assignment2_custom_msg)
[15.378s] Level 1:colcon.colcon_core.environment:create_environment_scripts_only(assignment2_custom_msg)
[15.378s] Level 1:colcon.colcon_core.environment:checking '/home/hani/Desktop/ros2_ws/install/assignment2_custom_msg' for CMake module files
[15.379s] Level 1:colcon.colcon_core.environment:checking '/home/hani/Desktop/ros2_ws/install/assignment2_custom_msg' for CMake config files
[15.380s] Level 1:colcon.colcon_core.shell:create_environment_hook('assignment2_custom_msg', 'cmake_prefix_path')
[15.380s] INFO:colcon.colcon_core.shell:Creating environment hook '/home/hani/Desktop/ros2_ws/install/assignment2_custom_msg/share/assignment2_custom_msg/hook/cmake_prefix_path.ps1'
[15.381s] INFO:colcon.colcon_core.shell:Creating environment descriptor '/home/hani/Desktop/ros2_ws/install/assignment2_custom_msg/share/assignment2_custom_msg/hook/cmake_prefix_path.dsv'
[15.382s] INFO:colcon.colcon_core.shell:Creating environment hook '/home/hani/Desktop/ros2_ws/install/assignment2_custom_msg/share/assignment2_custom_msg/hook/cmake_prefix_path.sh'
[15.383s] Level 1:colcon.colcon_core.environment:checking '/home/hani/Desktop/ros2_ws/install/assignment2_custom_msg/lib'
[15.383s] Level 1:colcon.colcon_core.shell:create_environment_hook('assignment2_custom_msg', 'ld_library_path_lib')
[15.383s] INFO:colcon.colcon_core.shell:Creating environment hook '/home/hani/Desktop/ros2_ws/install/assignment2_custom_msg/share/assignment2_custom_msg/hook/ld_library_path_lib.ps1'
[15.384s] INFO:colcon.colcon_core.shell:Creating environment descriptor '/home/hani/Desktop/ros2_ws/install/assignment2_custom_msg/share/assignment2_custom_msg/hook/ld_library_path_lib.dsv'
[15.384s] INFO:colcon.colcon_core.shell:Creating environment hook '/home/hani/Desktop/ros2_ws/install/assignment2_custom_msg/share/assignment2_custom_msg/hook/ld_library_path_lib.sh'
[15.385s] Level 1:colcon.colcon_core.environment:checking '/home/hani/Desktop/ros2_ws/install/assignment2_custom_msg/bin'
[15.385s] Level 1:colcon.colcon_core.environment:checking '/home/hani/Desktop/ros2_ws/install/assignment2_custom_msg/lib/pkgconfig/assignment2_custom_msg.pc'
[15.386s] Level 1:colcon.colcon_core.environment:checking '/home/hani/Desktop/ros2_ws/install/assignment2_custom_msg/lib/python3.12/site-packages'
[15.386s] Level 1:colcon.colcon_core.shell:create_environment_hook('assignment2_custom_msg', 'pythonpath')
[15.386s] INFO:colcon.colcon_core.shell:Creating environment hook '/home/hani/Desktop/ros2_ws/install/assignment2_custom_msg/share/assignment2_custom_msg/hook/pythonpath.ps1'
[15.387s] INFO:colcon.colcon_core.shell:Creating environment descriptor '/home/hani/Desktop/ros2_ws/install/assignment2_custom_msg/share/assignment2_custom_msg/hook/pythonpath.dsv'
[15.388s] INFO:colcon.colcon_core.shell:Creating environment hook '/home/hani/Desktop/ros2_ws/install/assignment2_custom_msg/share/assignment2_custom_msg/hook/pythonpath.sh'
[15.389s] Level 1:colcon.colcon_core.environment:checking '/home/hani/Desktop/ros2_ws/install/assignment2_custom_msg/bin'
[15.389s] INFO:colcon.colcon_core.shell:Creating package script '/home/hani/Desktop/ros2_ws/install/assignment2_custom_msg/share/assignment2_custom_msg/package.ps1'
[15.390s] INFO:colcon.colcon_core.shell:Creating package descriptor '/home/hani/Desktop/ros2_ws/install/assignment2_custom_msg/share/assignment2_custom_msg/package.dsv'
[15.391s] INFO:colcon.colcon_core.shell:Creating package script '/home/hani/Desktop/ros2_ws/install/assignment2_custom_msg/share/assignment2_custom_msg/package.sh'
[15.392s] INFO:colcon.colcon_core.shell:Creating package script '/home/hani/Desktop/ros2_ws/install/assignment2_custom_msg/share/assignment2_custom_msg/package.bash'
[15.393s] INFO:colcon.colcon_core.shell:Creating package script '/home/hani/Desktop/ros2_ws/install/assignment2_custom_msg/share/assignment2_custom_msg/package.zsh'
[15.394s] Level 1:colcon.colcon_core.environment:create_file_with_runtime_dependencies(/home/hani/Desktop/ros2_ws/install/assignment2_custom_msg/share/colcon-core/packages/assignment2_custom_msg)
[15.394s] INFO:colcon.colcon_ros.task.ament_python.build:Building ROS package in '/home/hani/Desktop/ros2_ws/src/assignment2_rt' with build type 'ament_python'
[15.394s] Level 1:colcon.colcon_core.shell:create_environment_hook('assignment2_rt', 'ament_prefix_path')
[15.395s] INFO:colcon.colcon_core.shell:Creating environment hook '/home/hani/Desktop/ros2_ws/install/assignment2_rt/share/assignment2_rt/hook/ament_prefix_path.ps1'
[15.396s] INFO:colcon.colcon_core.shell:Creating environment descriptor '/home/hani/Desktop/ros2_ws/install/assignment2_rt/share/assignment2_rt/hook/ament_prefix_path.dsv'
[15.397s] INFO:colcon.colcon_core.shell:Creating environment hook '/home/hani/Desktop/ros2_ws/install/assignment2_rt/share/assignment2_rt/hook/ament_prefix_path.sh'
[15.398s] INFO:colcon.colcon_core.shell:Skip shell extension 'powershell' for command environment: Not usable outside of PowerShell
[15.398s] DEBUG:colcon.colcon_core.shell:Skip shell extension 'dsv' for command environment
[15.847s] INFO:colcon.colcon_core.task.python.build:Building Python package in '/home/hani/Desktop/ros2_ws/src/assignment2_rt'
[15.847s] INFO:colcon.colcon_core.shell:Skip shell extension 'powershell' for command environment: Not usable outside of PowerShell
[15.847s] DEBUG:colcon.colcon_core.shell:Skip shell extension 'dsv' for command environment
[17.088s] DEBUG:colcon.colcon_core.event_handler.log_command:Invoking command in '/home/hani/Desktop/ros2_ws/src/assignment2_rt': CMAKE_PREFIX_PATH=/home/hani/Desktop/ros2_ws/install/assignment2_custom_msg:/home/hani/Desktop/ros2_ws/install/bme_gazebo_sensors:/opt/ros/jazzy/opt/gz_sim_vendor:/opt/ros/jazzy/opt/gz_sensors_vendor:/opt/ros/jazzy/opt/gz_physics_vendor:/opt/ros/jazzy/opt/sdformat_vendor:/opt/ros/jazzy/opt/gz_gui_vendor:/opt/ros/jazzy/opt/gz_transport_vendor:/opt/ros/jazzy/opt/gz_rendering_vendor:/opt/ros/jazzy/opt/gz_plugin_vendor:/opt/ros/jazzy/opt/gz_fuel_tools_vendor:/opt/ros/jazzy/opt/gz_msgs_vendor:/opt/ros/jazzy/opt/gz_common_vendor:/opt/ros/jazzy/opt/gz_tools_vendor:/opt/ros/jazzy/opt/gz_ogre_next_vendor:/opt/ros/jazzy/opt/gz_dartsim_vendor:/opt/ros/jazzy/opt/gz_math_vendor:/opt/ros/jazzy/opt/gz_utils_vendor:/opt/ros/jazzy/opt/gz_cmake_vendor DEBUGINFOD_URLS=https://debuginfod.ubuntu.com LD_LIBRARY_PATH=/home/hani/Desktop/ros2_ws/install/assignment2_custom_msg/lib:/opt/ros/jazzy/opt/gz_sim_vendor/lib:/opt/ros/jazzy/opt/gz_sensors_vendor/lib:/opt/ros/jazzy/opt/gz_physics_vendor/lib:/opt/ros/jazzy/opt/sdformat_vendor/lib:/opt/ros/jazzy/opt/gz_gui_vendor/lib:/opt/ros/jazzy/opt/gz_transport_vendor/lib:/opt/ros/jazzy/opt/gz_rendering_vendor/lib:/opt/ros/jazzy/opt/gz_plugin_vendor/lib:/opt/ros/jazzy/opt/gz_fuel_tools_vendor/lib:/opt/ros/jazzy/opt/gz_msgs_vendor/lib:/opt/ros/jazzy/opt/gz_common_vendor/lib:/opt/ros/jazzy/opt/gz_tools_vendor/lib:/opt/ros/jazzy/opt/gz_ogre_next_vendor/lib:/opt/ros/jazzy/opt/gz_dartsim_vendor/lib:/opt/ros/jazzy/opt/rviz_ogre_vendor/lib:/opt/ros/jazzy/lib/x86_64-linux-gnu:/opt/ros/jazzy/opt/gz_math_vendor/lib:/opt/ros/jazzy/opt/gz_utils_vendor/lib:/opt/ros/jazzy/opt/gz_cmake_vendor/lib:/opt/ros/jazzy/lib PYTHONPATH=/home/hani/Desktop/ros2_ws/build/assignment2_rt/prefix_override:/usr/lib/python3/dist-packages/colcon_core/task/python/colcon_distutils_commands:/home/hani/Desktop/ros2_ws/install/assignment2_rt/lib/python3.12/site-packages:/home/hani/Desktop/ros2_ws/install/assignment2_custom_msg/lib/python3.12/site-packages:/home/hani/Desktop/ros2_ws/install/assignment2_rt/lib/python3.12/site-packages:/opt/ros/jazzy/lib/python3.12/site-packages /usr/bin/python3 -W ignore:setup.py install is deprecated -W ignore:easy_install command is deprecated setup.py egg_info --egg-base ../../build/assignment2_rt build --build-base /home/hani/Desktop/ros2_ws/build/assignment2_rt/build install --record /home/hani/Desktop/ros2_ws/build/assignment2_rt/install.log --single-version-externally-managed install_data
[18.247s] Level 1:colcon.colcon_core.environment:checking '/home/hani/Desktop/ros2_ws/install/assignment2_rt' for CMake module files
[18.248s] DEBUG:colcon.colcon_core.event_handler.log_command:Invoked command in '/home/hani/Desktop/ros2_ws/src/assignment2_rt' returned '0': CMAKE_PREFIX_PATH=/home/hani/Desktop/ros2_ws/install/assignment2_custom_msg:/home/hani/Desktop/ros2_ws/install/bme_gazebo_sensors:/opt/ros/jazzy/opt/gz_sim_vendor:/opt/ros/jazzy/opt/gz_sensors_vendor:/opt/ros/jazzy/opt/gz_physics_vendor:/opt/ros/jazzy/opt/sdformat_vendor:/opt/ros/jazzy/opt/gz_gui_vendor:/opt/ros/jazzy/opt/gz_transport_vendor:/opt/ros/jazzy/opt/gz_rendering_vendor:/opt/ros/jazzy/opt/gz_plugin_vendor:/opt/ros/jazzy/opt/gz_fuel_tools_vendor:/opt/ros/jazzy/opt/gz_msgs_vendor:/opt/ros/jazzy/opt/gz_common_vendor:/opt/ros/jazzy/opt/gz_tools_vendor:/opt/ros/jazzy/opt/gz_ogre_next_vendor:/opt/ros/jazzy/opt/gz_dartsim_vendor:/opt/ros/jazzy/opt/gz_math_vendor:/opt/ros/jazzy/opt/gz_utils_vendor:/opt/ros/jazzy/opt/gz_cmake_vendor DEBUGINFOD_URLS=https://debuginfod.ubuntu.com LD_LIBRARY_PATH=/home/hani/Desktop/ros2_ws/install/assignment2_custom_msg/lib:/opt/ros/jazzy/opt/gz_sim_vendor/lib:/opt/ros/jazzy/opt/gz_sensors_vendor/lib:/opt/ros/jazzy/opt/gz_physics_vendor/lib:/opt/ros/jazzy/opt/sdformat_vendor/lib:/opt/ros/jazzy/opt/gz_gui_vendor/lib:/opt/ros/jazzy/opt/gz_transport_vendor/lib:/opt/ros/jazzy/opt/gz_rendering_vendor/lib:/opt/ros/jazzy/opt/gz_plugin_vendor/lib:/opt/ros/jazzy/opt/gz_fuel_tools_vendor/lib:/opt/ros/jazzy/opt/gz_msgs_vendor/lib:/opt/ros/jazzy/opt/gz_common_vendor/lib:/opt/ros/jazzy/opt/gz_tools_vendor/lib:/opt/ros/jazzy/opt/gz_ogre_next_vendor/lib:/opt/ros/jazzy/opt/gz_dartsim_vendor/lib:/opt/ros/jazzy/opt/rviz_ogre_vendor/lib:/opt/ros/jazzy/lib/x86_64-linux-gnu:/opt/ros/jazzy/opt/gz_math_vendor/lib:/opt/ros/jazzy/opt/gz_utils_vendor/lib:/opt/ros/jazzy/opt/gz_cmake_vendor/lib:/opt/ros/jazzy/lib PYTHONPATH=/home/hani/Desktop/ros2_ws/build/assignment2_rt/prefix_override:/usr/lib/python3/dist-packages/colcon_core/task/python/colcon_distutils_commands:/home/hani/Desktop/ros2_ws/install/assignment2_rt/lib/python3.12/site-packages:/home/hani/Desktop/ros2_ws/install/assignment2_custom_msg/lib/python3.12/site-packages:/home/hani/Desktop/ros2_ws/install/assignment2_rt/lib/python3.12/site-packages:/opt/ros/jazzy/lib/python3.12/site-packages /usr/bin/python3 -W ignore:setup.py install is deprecated -W ignore:easy_install command is deprecated setup.py egg_info --egg-base ../../build/assignment2_rt build --build-base /home/hani/Desktop/ros2_ws/build/assignment2_rt/build install --record /home/hani/Desktop/ros2_ws/build/assignment2_rt/install.log --single-version-externally-managed install_data
[18.248s] Level 1:colcon.colcon_core.environment:checking '/home/hani/Desktop/ros2_ws/install/assignment2_rt' for CMake config files
[18.250s] Level 1:colcon.colcon_core.environment:checking '/home/hani/Desktop/ros2_ws/install/assignment2_rt/lib'
[18.250s] Level 1:colcon.colcon_core.environment:checking '/home/hani/Desktop/ros2_ws/install/assignment2_rt/bin'
[18.250s] Level 1:colcon.colcon_core.environment:checking '/home/hani/Desktop/ros2_ws/install/assignment2_rt/lib/pkgconfig/assignment2_rt.pc'
[18.251s] Level 1:colcon.colcon_core.environment:checking '/home/hani/Desktop/ros2_ws/install/assignment2_rt/lib/python3.12/site-packages'
[18.251s] Level 1:colcon.colcon_core.shell:create_environment_hook('assignment2_rt', 'pythonpath')
[18.251s] INFO:colcon.colcon_core.shell:Creating environment hook '/home/hani/Desktop/ros2_ws/install/assignment2_rt/share/assignment2_rt/hook/pythonpath.ps1'
[18.252s] INFO:colcon.colcon_core.shell:Creating environment descriptor '/home/hani/Desktop/ros2_ws/install/assignment2_rt/share/assignment2_rt/hook/pythonpath.dsv'
[18.253s] INFO:colcon.colcon_core.shell:Creating environment hook '/home/hani/Desktop/ros2_ws/install/assignment2_rt/share/assignment2_rt/hook/pythonpath.sh'
[18.254s] Level 1:colcon.colcon_core.environment:checking '/home/hani/Desktop/ros2_ws/install/assignment2_rt/bin'
[18.254s] Level 1:colcon.colcon_core.environment:create_environment_scripts_only(assignment2_rt)
[18.255s] INFO:colcon.colcon_core.shell:Creating package script '/home/hani/Desktop/ros2_ws/install/assignment2_rt/share/assignment2_rt/package.ps1'
[18.256s] INFO:colcon.colcon_core.shell:Creating package descriptor '/home/hani/Desktop/ros2_ws/install/assignment2_rt/share/assignment2_rt/package.dsv'
[18.257s] INFO:colcon.colcon_core.shell:Creating package script '/home/hani/Desktop/ros2_ws/install/assignment2_rt/share/assignment2_rt/package.sh'
[18.257s] INFO:colcon.colcon_core.shell:Creating package script '/home/hani/Desktop/ros2_ws/install/assignment2_rt/share/assignment2_rt/package.bash'
[18.258s] INFO:colcon.colcon_core.shell:Creating package script '/home/hani/Desktop/ros2_ws/install/assignment2_rt/share/assignment2_rt/package.zsh'
[18.258s] Level 1:colcon.colcon_core.environment:create_file_with_runtime_dependencies(/home/hani/Desktop/ros2_ws/install/assignment2_rt/share/colcon-core/packages/assignment2_rt)
[18.259s] DEBUG:colcon.colcon_parallel_executor.executor.parallel:closing loop
[18.259s] DEBUG:colcon.colcon_parallel_executor.executor.parallel:loop closed
[18.260s] DEBUG:colcon.colcon_parallel_executor.executor.parallel:run_until_complete finished with '0'
[18.260s] DEBUG:colcon.colcon_core.event_reactor:joining thread
[18.269s] INFO:colcon.colcon_core.plugin_system:Skipping extension 'colcon_notification.desktop_notification.terminal_notifier': Not used on non-Darwin systems
[18.269s] INFO:colcon.colcon_core.plugin_system:Skipping extension 'colcon_notification.desktop_notification.win32': Not used on non-Windows systems
[18.269s] INFO:colcon.colcon_notification.desktop_notification:Sending desktop notification using 'notify2'
[18.294s] DEBUG:colcon.colcon_core.event_reactor:joined thread
[18.295s] INFO:colcon.colcon_core.shell:Creating prefix script '/home/hani/Desktop/ros2_ws/install/local_setup.ps1'
[18.297s] INFO:colcon.colcon_core.shell:Creating prefix util module '/home/hani/Desktop/ros2_ws/install/_local_setup_util_ps1.py'
[18.301s] INFO:colcon.colcon_core.shell:Creating prefix chain script '/home/hani/Desktop/ros2_ws/install/setup.ps1'
[18.304s] INFO:colcon.colcon_core.shell:Creating prefix script '/home/hani/Desktop/ros2_ws/install/local_setup.sh'
[18.306s] INFO:colcon.colcon_core.shell:Creating prefix util module '/home/hani/Desktop/ros2_ws/install/_local_setup_util_sh.py'
[18.307s] INFO:colcon.colcon_core.shell:Creating prefix chain script '/home/hani/Desktop/ros2_ws/install/setup.sh'
[18.309s] INFO:colcon.colcon_core.shell:Creating prefix script '/home/hani/Desktop/ros2_ws/install/local_setup.bash'
[18.310s] INFO:colcon.colcon_core.shell:Creating prefix chain script '/home/hani/Desktop/ros2_ws/install/setup.bash'
[18.312s] INFO:colcon.colcon_core.shell:Creating prefix script '/home/hani/Desktop/ros2_ws/install/local_setup.zsh'
[18.313s] INFO:colcon.colcon_core.shell:Creating prefix chain script '/home/hani/Desktop/ros2_ws/install/setup.zsh'
