running egg_info
creating ../../build/assignment2_rt/assignment2_rt.egg-info
writing ../../build/assignment2_rt/assignment2_rt.egg-info/PKG-INFO
writing dependency_links to ../../build/assignment2_rt/assignment2_rt.egg-info/dependency_links.txt
writing entry points to ../../build/assignment2_rt/assignment2_rt.egg-info/entry_points.txt
writing requirements to ../../build/assignment2_rt/assignment2_rt.egg-info/requires.txt
writing top-level names to ../../build/assignment2_rt/assignment2_rt.egg-info/top_level.txt
writing manifest file '../../build/assignment2_rt/assignment2_rt.egg-info/SOURCES.txt'
reading manifest file '../../build/assignment2_rt/assignment2_rt.egg-info/SOURCES.txt'
writing manifest file '../../build/assignment2_rt/assignment2_rt.egg-info/SOURCES.txt'
running build
running build_py
creating /home/hani/Desktop/ros2_ws/build/assignment2_rt/build
creating /home/hani/Desktop/ros2_ws/build/assignment2_rt/build/lib
creating /home/hani/Desktop/ros2_ws/build/assignment2_rt/build/lib/assignment2_rt
copying assignment2_rt/safety_node.py -> /home/hani/Desktop/ros2_ws/build/assignment2_rt/build/lib/assignment2_rt
copying assignment2_rt/ui_node.py -> /home/hani/Desktop/ros2_ws/build/assignment2_rt/build/lib/assignment2_rt
copying assignment2_rt/__init__.py -> /home/hani/Desktop/ros2_ws/build/assignment2_rt/build/lib/assignment2_rt
running install
running install_lib
creating /home/hani/Desktop/ros2_ws/install/assignment2_rt/lib/python3.12/site-packages/assignment2_rt
copying /home/hani/Desktop/ros2_ws/build/assignment2_rt/build/lib/assignment2_rt/safety_node.py -> /home/hani/Desktop/ros2_ws/install/assignment2_rt/lib/python3.12/site-packages/assignment2_rt
copying /home/hani/Desktop/ros2_ws/build/assignment2_rt/build/lib/assignment2_rt/ui_node.py -> /home/hani/Desktop/ros2_ws/install/assignment2_rt/lib/python3.12/site-packages/assignment2_rt
copying /home/hani/Desktop/ros2_ws/build/assignment2_rt/build/lib/assignment2_rt/__init__.py -> /home/hani/Desktop/ros2_ws/install/assignment2_rt/lib/python3.12/site-packages/assignment2_rt
byte-compiling /home/hani/Desktop/ros2_ws/install/assignment2_rt/lib/python3.12/site-packages/assignment2_rt/safety_node.py to safety_node.cpython-312.pyc
byte-compiling /home/hani/Desktop/ros2_ws/install/assignment2_rt/lib/python3.12/site-packages/assignment2_rt/ui_node.py to ui_node.cpython-312.pyc
byte-compiling /home/hani/Desktop/ros2_ws/install/assignment2_rt/lib/python3.12/site-packages/assignment2_rt/__init__.py to __init__.cpython-312.pyc
running install_data
creating /home/hani/Desktop/ros2_ws/install/assignment2_rt/share/ament_index
creating /home/hani/Desktop/ros2_ws/install/assignment2_rt/share/ament_index/resource_index
creating /home/hani/Desktop/ros2_ws/install/assignment2_rt/share/ament_index/resource_index/packages
copying resource/assignment2_rt -> /home/hani/Desktop/ros2_ws/install/assignment2_rt/share/ament_index/resource_index/packages
copying package.xml -> /home/hani/Desktop/ros2_ws/install/assignment2_rt/share/assignment2_rt
creating /home/hani/Desktop/ros2_ws/install/assignment2_rt/share/assignment2_rt/launch
copying launch/assignment2.launch.py -> /home/hani/Desktop/ros2_ws/install/assignment2_rt/share/assignment2_rt/launch
running install_egg_info
Copying ../../build/assignment2_rt/assignment2_rt.egg-info to /home/hani/Desktop/ros2_ws/install/assignment2_rt/lib/python3.12/site-packages/assignment2_rt-0.0.0-py3.12.egg-info
running install_scripts
Installing safety_controller script to /home/hani/Desktop/ros2_ws/install/assignment2_rt/lib/assignment2_rt
Installing ui_node script to /home/hani/Desktop/ros2_ws/install/assignment2_rt/lib/assignment2_rt
writing list of installed files to '/home/hani/Desktop/ros2_ws/build/assignment2_rt/install.log'
