[1.691s] Invoking command in '/home/hani/Desktop/ros2_ws/src/assignment2_rt': CMAKE_PREFIX_PATH=/home/hani/Desktop/ros2_ws/install/assignment2_custom_msg:/home/hani/Desktop/ros2_ws/install/bme_gazebo_sensors:/opt/ros/jazzy/opt/gz_sim_vendor:/opt/ros/jazzy/opt/gz_sensors_vendor:/opt/ros/jazzy/opt/gz_physics_vendor:/opt/ros/jazzy/opt/sdformat_vendor:/opt/ros/jazzy/opt/gz_gui_vendor:/opt/ros/jazzy/opt/gz_transport_vendor:/opt/ros/jazzy/opt/gz_rendering_vendor:/opt/ros/jazzy/opt/gz_plugin_vendor:/opt/ros/jazzy/opt/gz_fuel_tools_vendor:/opt/ros/jazzy/opt/gz_msgs_vendor:/opt/ros/jazzy/opt/gz_common_vendor:/opt/ros/jazzy/opt/gz_tools_vendor:/opt/ros/jazzy/opt/gz_ogre_next_vendor:/opt/ros/jazzy/opt/gz_dartsim_vendor:/opt/ros/jazzy/opt/gz_math_vendor:/opt/ros/jazzy/opt/gz_utils_vendor:/opt/ros/jazzy/opt/gz_cmake_vendor DEBUGINFOD_URLS=https://debuginfod.ubuntu.com LD_LIBRARY_PATH=/home/hani/Desktop/ros2_ws/install/assignment2_custom_msg/lib:/opt/ros/jazzy/opt/gz_sim_vendor/lib:/opt/ros/jazzy/opt/gz_sensors_vendor/lib:/opt/ros/jazzy/opt/gz_physics_vendor/lib:/opt/ros/jazzy/opt/sdformat_vendor/lib:/opt/ros/jazzy/opt/gz_gui_vendor/lib:/opt/ros/jazzy/opt/gz_transport_vendor/lib:/opt/ros/jazzy/opt/gz_rendering_vendor/lib:/opt/ros/jazzy/opt/gz_plugin_vendor/lib:/opt/ros/jazzy/opt/gz_fuel_tools_vendor/lib:/opt/ros/jazzy/opt/gz_msgs_vendor/lib:/opt/ros/jazzy/opt/gz_common_vendor/lib:/opt/ros/jazzy/opt/gz_tools_vendor/lib:/opt/ros/jazzy/opt/gz_ogre_next_vendor/lib:/opt/ros/jazzy/opt/gz_dartsim_vendor/lib:/opt/ros/jazzy/opt/rviz_ogre_vendor/lib:/opt/ros/jazzy/lib/x86_64-linux-gnu:/opt/ros/jazzy/opt/gz_math_vendor/lib:/opt/ros/jazzy/opt/gz_utils_vendor/lib:/opt/ros/jazzy/opt/gz_cmake_vendor/lib:/opt/ros/jazzy/lib PYTHONPATH=/home/hani/Desktop/ros2_ws/build/assignment2_rt/prefix_override:/usr/lib/python3/dist-packages/colcon_core/task/python/colcon_distutils_commands:/home/hani/Desktop/ros2_ws/install/assignment2_rt/lib/python3.12/site-packages:/home/hani/Desktop/ros2_ws/install/assignment2_custom_msg/lib/python3.12/site-packages:/home/hani/Desktop/ros2_ws/install/assignment2_rt/lib/python3.12/site-packages:/opt/ros/jazzy/lib/python3.12/site-packages /usr/bin/python3 -W ignore:setup.py install is deprecated -W ignore:easy_install command is deprecated setup.py egg_info --egg-base ../../build/assignment2_rt build --build-base /home/hani/Desktop/ros2_ws/build/assignment2_rt/build install --record /home/hani/Desktop/ros2_ws/build/assignment2_rt/install.log --single-version-externally-managed install_data
[2.276s] running egg_info
[2.276s] creating ../../build/assignment2_rt/assignment2_rt.egg-info
[2.318s] writing ../../build/assignment2_rt/assignment2_rt.egg-info/PKG-INFO
[2.319s] writing dependency_links to ../../build/assignment2_rt/assignment2_rt.egg-info/dependency_links.txt
[2.319s] writing entry points to ../../build/assignment2_rt/assignment2_rt.egg-info/entry_points.txt
[2.319s] writing requirements to ../../build/assignment2_rt/assignment2_rt.egg-info/requires.txt
[2.319s] writing top-level names to ../../build/assignment2_rt/assignment2_rt.egg-info/top_level.txt
[2.320s] writing manifest file '../../build/assignment2_rt/assignment2_rt.egg-info/SOURCES.txt'
[2.408s] reading manifest file '../../build/assignment2_rt/assignment2_rt.egg-info/SOURCES.txt'
[2.409s] writing manifest file '../../build/assignment2_rt/assignment2_rt.egg-info/SOURCES.txt'
[2.409s] running build
[2.409s] running build_py
[2.409s] creating /home/hani/Desktop/ros2_ws/build/assignment2_rt/build
[2.410s] creating /home/hani/Desktop/ros2_ws/build/assignment2_rt/build/lib
[2.410s] creating /home/hani/Desktop/ros2_ws/build/assignment2_rt/build/lib/assignment2_rt
[2.410s] copying assignment2_rt/safety_node.py -> /home/hani/Desktop/ros2_ws/build/assignment2_rt/build/lib/assignment2_rt
[2.410s] copying assignment2_rt/ui_node.py -> /home/hani/Desktop/ros2_ws/build/assignment2_rt/build/lib/assignment2_rt
[2.410s] copying assignment2_rt/__init__.py -> /home/hani/Desktop/ros2_ws/build/assignment2_rt/build/lib/assignment2_rt
[2.411s] running install
[2.422s] running install_lib
[2.467s] creating /home/hani/Desktop/ros2_ws/install/assignment2_rt/lib/python3.12/site-packages/assignment2_rt
[2.468s] copying /home/hani/Desktop/ros2_ws/build/assignment2_rt/build/lib/assignment2_rt/safety_node.py -> /home/hani/Desktop/ros2_ws/install/assignment2_rt/lib/python3.12/site-packages/assignment2_rt
[2.468s] copying /home/hani/Desktop/ros2_ws/build/assignment2_rt/build/lib/assignment2_rt/ui_node.py -> /home/hani/Desktop/ros2_ws/install/assignment2_rt/lib/python3.12/site-packages/assignment2_rt
[2.468s] copying /home/hani/Desktop/ros2_ws/build/assignment2_rt/build/lib/assignment2_rt/__init__.py -> /home/hani/Desktop/ros2_ws/install/assignment2_rt/lib/python3.12/site-packages/assignment2_rt
[2.469s] byte-compiling /home/hani/Desktop/ros2_ws/install/assignment2_rt/lib/python3.12/site-packages/assignment2_rt/safety_node.py to safety_node.cpython-312.pyc
[2.471s] byte-compiling /home/hani/Desktop/ros2_ws/install/assignment2_rt/lib/python3.12/site-packages/assignment2_rt/ui_node.py to ui_node.cpython-312.pyc
[2.472s] byte-compiling /home/hani/Desktop/ros2_ws/install/assignment2_rt/lib/python3.12/site-packages/assignment2_rt/__init__.py to __init__.cpython-312.pyc
[2.472s] running install_data
[2.473s] creating /home/hani/Desktop/ros2_ws/install/assignment2_rt/share/ament_index
[2.473s] creating /home/hani/Desktop/ros2_ws/install/assignment2_rt/share/ament_index/resource_index
[2.473s] creating /home/hani/Desktop/ros2_ws/install/assignment2_rt/share/ament_index/resource_index/packages
[2.473s] copying resource/assignment2_rt -> /home/hani/Desktop/ros2_ws/install/assignment2_rt/share/ament_index/resource_index/packages
[2.474s] copying package.xml -> /home/hani/Desktop/ros2_ws/install/assignment2_rt/share/assignment2_rt
[2.474s] creating /home/hani/Desktop/ros2_ws/install/assignment2_rt/share/assignment2_rt/launch
[2.474s] copying launch/assignment2.launch.py -> /home/hani/Desktop/ros2_ws/install/assignment2_rt/share/assignment2_rt/launch
[2.474s] running install_egg_info
[2.518s] Copying ../../build/assignment2_rt/assignment2_rt.egg-info to /home/hani/Desktop/ros2_ws/install/assignment2_rt/lib/python3.12/site-packages/assignment2_rt-0.0.0-py3.12.egg-info
[2.520s] running install_scripts
[2.802s] Installing safety_controller script to /home/hani/Desktop/ros2_ws/install/assignment2_rt/lib/assignment2_rt
[2.802s] Installing ui_node script to /home/hani/Desktop/ros2_ws/install/assignment2_rt/lib/assignment2_rt
[2.803s] writing list of installed files to '/home/hani/Desktop/ros2_ws/build/assignment2_rt/install.log'
[2.851s] Invoked command in '/home/hani/Desktop/ros2_ws/src/assignment2_rt' returned '0': CMAKE_PREFIX_PATH=/home/hani/Desktop/ros2_ws/install/assignment2_custom_msg:/home/hani/Desktop/ros2_ws/install/bme_gazebo_sensors:/opt/ros/jazzy/opt/gz_sim_vendor:/opt/ros/jazzy/opt/gz_sensors_vendor:/opt/ros/jazzy/opt/gz_physics_vendor:/opt/ros/jazzy/opt/sdformat_vendor:/opt/ros/jazzy/opt/gz_gui_vendor:/opt/ros/jazzy/opt/gz_transport_vendor:/opt/ros/jazzy/opt/gz_rendering_vendor:/opt/ros/jazzy/opt/gz_plugin_vendor:/opt/ros/jazzy/opt/gz_fuel_tools_vendor:/opt/ros/jazzy/opt/gz_msgs_vendor:/opt/ros/jazzy/opt/gz_common_vendor:/opt/ros/jazzy/opt/gz_tools_vendor:/opt/ros/jazzy/opt/gz_ogre_next_vendor:/opt/ros/jazzy/opt/gz_dartsim_vendor:/opt/ros/jazzy/opt/gz_math_vendor:/opt/ros/jazzy/opt/gz_utils_vendor:/opt/ros/jazzy/opt/gz_cmake_vendor DEBUGINFOD_URLS=https://debuginfod.ubuntu.com LD_LIBRARY_PATH=/home/hani/Desktop/ros2_ws/install/assignment2_custom_msg/lib:/opt/ros/jazzy/opt/gz_sim_vendor/lib:/opt/ros/jazzy/opt/gz_sensors_vendor/lib:/opt/ros/jazzy/opt/gz_physics_vendor/lib:/opt/ros/jazzy/opt/sdformat_vendor/lib:/opt/ros/jazzy/opt/gz_gui_vendor/lib:/opt/ros/jazzy/opt/gz_transport_vendor/lib:/opt/ros/jazzy/opt/gz_rendering_vendor/lib:/opt/ros/jazzy/opt/gz_plugin_vendor/lib:/opt/ros/jazzy/opt/gz_fuel_tools_vendor/lib:/opt/ros/jazzy/opt/gz_msgs_vendor/lib:/opt/ros/jazzy/opt/gz_common_vendor/lib:/opt/ros/jazzy/opt/gz_tools_vendor/lib:/opt/ros/jazzy/opt/gz_ogre_next_vendor/lib:/opt/ros/jazzy/opt/gz_dartsim_vendor/lib:/opt/ros/jazzy/opt/rviz_ogre_vendor/lib:/opt/ros/jazzy/lib/x86_64-linux-gnu:/opt/ros/jazzy/opt/gz_math_vendor/lib:/opt/ros/jazzy/opt/gz_utils_vendor/lib:/opt/ros/jazzy/opt/gz_cmake_vendor/lib:/opt/ros/jazzy/lib PYTHONPATH=/home/hani/Desktop/ros2_ws/build/assignment2_rt/prefix_override:/usr/lib/python3/dist-packages/colcon_core/task/python/colcon_distutils_commands:/home/hani/Desktop/ros2_ws/install/assignment2_rt/lib/python3.12/site-packages:/home/hani/Desktop/ros2_ws/install/assignment2_custom_msg/lib/python3.12/site-packages:/home/hani/Desktop/ros2_ws/install/assignment2_rt/lib/python3.12/site-packages:/opt/ros/jazzy/lib/python3.12/site-packages /usr/bin/python3 -W ignore:setup.py install is deprecated -W ignore:easy_install command is deprecated setup.py egg_info --egg-base ../../build/assignment2_rt build --build-base /home/hani/Desktop/ros2_ws/build/assignment2_rt/build install --record /home/hani/Desktop/ros2_ws/build/assignment2_rt/install.log --single-version-externally-managed install_data
