[0.015s] Invoking command in '/home/hani/Desktop/ros2_ws/build/assignment2_custom_msg': CMAKE_PREFIX_PATH=${CMAKE_PREFIX_PATH}:/opt/ros/jazzy DEBUGINFOD_URLS=https://debuginfod.ubuntu.com /usr/bin/cmake /home/hani/Desktop/ros2_ws/assignment2_custom_msg -DCMAKE_INSTALL_PREFIX=/home/hani/Desktop/ros2_ws/install/assignment2_custom_msg
[0.037s] -- Found ament_cmake: 2.5.4 (/opt/ros/jazzy/share/ament_cmake/cmake)
[0.556s] [31mCMake Error at CMakeLists.txt:10 (find_package):
[0.556s]   By not providing "Findrosidl_default_genertaors.cmake" in CMAKE_MODULE_PATH
[0.556s]   this project has asked CMake to find a package configuration file provided
[0.556s]   by "rosidl_default_genertaors", but CMake did not find one.
[0.556s] 
[0.557s]   Could not find a package configuration file provided by
[0.557s]   "rosidl_default_genertaors" with any of the following names:
[0.557s] 
[0.557s]     rosidl_default_genertaorsConfig.cmake
[0.557s]     rosidl_default_genertaors-config.cmake
[0.557s] 
[0.557s]   Add the installation prefix of "rosidl_default_genertaors" to
[0.558s]   CMAKE_PREFIX_PATH or set "rosidl_default_genertaors_DIR" to a directory
[0.558s]   containing one of the above files.  If "rosidl_default_genertaors" provides
[0.558s]   a separate development package or SDK, be sure it has been installed.
[0.558s] 
[0.558s] [0m
[0.558s] -- Configuring incomplete, errors occurred!
[0.561s] Invoked command in '/home/hani/Desktop/ros2_ws/build/assignment2_custom_msg' returned '1': CMAKE_PREFIX_PATH=${CMAKE_PREFIX_PATH}:/opt/ros/jazzy DEBUGINFOD_URLS=https://debuginfod.ubuntu.com /usr/bin/cmake /home/hani/Desktop/ros2_ws/assignment2_custom_msg -DCMAKE_INSTALL_PREFIX=/home/hani/Desktop/ros2_ws/install/assignment2_custom_msg
