[0.016s] Invoking command in '/home/hani/Desktop/ros2_ws/build/assignment2_custom_msg': CMAKE_PREFIX_PATH=${CMAKE_PREFIX_PATH}:/opt/ros/jazzy DEBUGINFOD_URLS=https://debuginfod.ubuntu.com /usr/bin/cmake /home/hani/Desktop/ros2_ws/assignment2_custom_msg -DCMAKE_INSTALL_PREFIX=/home/hani/Desktop/ros2_ws/install/assignment2_custom_msg
[0.039s] -- Found ament_cmake: 2.5.4 (/opt/ros/jazzy/share/ament_cmake/cmake)
[0.106s] -- Found Python3: /usr/bin/python3 (found version "3.12.3") found components: Interpreter 
[0.303s] -- Found rosidl_default_generators: 1.6.0 (/opt/ros/jazzy/share/rosidl_default_generators/cmake)
[0.307s] -- Using all available rosidl_typesupport_c: rosidl_typesupport_fastrtps_c;rosidl_typesupport_introspection_c
[0.375s] -- Using all available rosidl_typesupport_cpp: rosidl_typesupport_fastrtps_cpp;rosidl_typesupport_introspection_cpp
[0.432s] -- Found rosidl_adapter: 4.6.6 (/opt/ros/jazzy/share/rosidl_adapter/cmake)
[1.128s] -- Found ament_cmake_ros: 0.12.0 (/opt/ros/jazzy/share/ament_cmake_ros/cmake)
[1.527s] -- Using all available rosidl_typesupport_c: rosidl_typesupport_fastrtps_c;rosidl_typesupport_introspection_c
[2.043s] -- Using all available rosidl_typesupport_cpp: rosidl_typesupport_fastrtps_cpp;rosidl_typesupport_introspection_cpp
[2.047s] -- Found python_cmake_module: 0.11.1 (/opt/ros/jazzy/share/python_cmake_module/cmake)
[2.684s] -- Found Python3: /usr/bin/python3 (found version "3.12.3") found components: Interpreter Development NumPy Development.Module Development.Embed 
[2.722s] -- Configuring done (2.7s)
[2.794s] -- Generating done (0.1s)
[2.817s] -- Build files have been written to: /home/hani/Desktop/ros2_ws/build/assignment2_custom_msg
[2.829s] Invoked command in '/home/hani/Desktop/ros2_ws/build/assignment2_custom_msg' returned '0': CMAKE_PREFIX_PATH=${CMAKE_PREFIX_PATH}:/opt/ros/jazzy DEBUGINFOD_URLS=https://debuginfod.ubuntu.com /usr/bin/cmake /home/hani/Desktop/ros2_ws/assignment2_custom_msg -DCMAKE_INSTALL_PREFIX=/home/hani/Desktop/ros2_ws/install/assignment2_custom_msg
[2.831s] Invoking command in '/home/hani/Desktop/ros2_ws/build/assignment2_custom_msg': CMAKE_PREFIX_PATH=${CMAKE_PREFIX_PATH}:/opt/ros/jazzy DEBUGINFOD_URLS=https://debuginfod.ubuntu.com /usr/bin/cmake --build /home/hani/Desktop/ros2_ws/build/assignment2_custom_msg -- -j8 -l8
[2.912s] [  1%] [34m[1mGenerating type hashes for ROS interfaces[0m
[2.926s] [  1%] Built target ament_cmake_python_copy_assignment2_custom_msg
[3.359s] running egg_info
[3.361s] creating assignment2_custom_msg.egg-info
[3.384s] [  1%] Built target assignment2_custom_msg__rosidl_generator_type_description
[3.399s] [  3%] [34m[1mGenerating C code for ROS interfaces[0m
[3.405s] writing assignment2_custom_msg.egg-info/PKG-INFO
[3.406s] writing dependency_links to assignment2_custom_msg.egg-info/dependency_links.txt
[3.406s] writing top-level names to assignment2_custom_msg.egg-info/top_level.txt
[3.406s] writing manifest file 'assignment2_custom_msg.egg-info/SOURCES.txt'
[3.418s] [  5%] [34m[1mGenerating C++ code for ROS interfaces[0m
[3.537s] reading manifest file 'assignment2_custom_msg.egg-info/SOURCES.txt'
[3.538s] writing manifest file 'assignment2_custom_msg.egg-info/SOURCES.txt'
[3.587s] [  5%] Built target ament_cmake_python_build_assignment2_custom_msg_egg
[4.163s] [  5%] Built target assignment2_custom_msg__cpp
[4.313s] [  9%] [32mBuilding C object CMakeFiles/assignment2_custom_msg__rosidl_generator_c.dir/rosidl_generator_c/assignment2_custom_msg/msg/detail/obstacle_info__type_support.c.o[0m
[4.313s] [  7%] [32mBuilding C object CMakeFiles/assignment2_custom_msg__rosidl_generator_c.dir/rosidl_generator_c/assignment2_custom_msg/msg/detail/obstacle_info__description.c.o[0m
[4.313s] [ 12%] [32mBuilding C object CMakeFiles/assignment2_custom_msg__rosidl_generator_c.dir/rosidl_generator_c/assignment2_custom_msg/msg/detail/obstacle_info__functions.c.o[0m
[4.313s] [ 12%] [32mBuilding C object CMakeFiles/assignment2_custom_msg__rosidl_generator_c.dir/rosidl_generator_c/assignment2_custom_msg/srv/detail/set_threshold__functions.c.o[0m
[4.314s] [ 16%] [32mBuilding C object CMakeFiles/assignment2_custom_msg__rosidl_generator_c.dir/rosidl_generator_c/assignment2_custom_msg/srv/detail/get_last_velocity__description.c.o[0m
[4.314s] [ 16%] [32mBuilding C object CMakeFiles/assignment2_custom_msg__rosidl_generator_c.dir/rosidl_generator_c/assignment2_custom_msg/srv/detail/set_threshold__type_support.c.o[0m
[4.316s] [ 18%] [32mBuilding C object CMakeFiles/assignment2_custom_msg__rosidl_generator_c.dir/rosidl_generator_c/assignment2_custom_msg/srv/detail/get_last_velocity__functions.c.o[0m
[4.317s] [ 20%] [32mBuilding C object CMakeFiles/assignment2_custom_msg__rosidl_generator_c.dir/rosidl_generator_c/assignment2_custom_msg/srv/detail/set_threshold__description.c.o[0m
[4.418s] [ 22%] [32mBuilding C object CMakeFiles/assignment2_custom_msg__rosidl_generator_c.dir/rosidl_generator_c/assignment2_custom_msg/srv/detail/get_last_velocity__type_support.c.o[0m
[4.556s] [ 24%] [32m[1mLinking C shared library libassignment2_custom_msg__rosidl_generator_c.so[0m
[4.648s] [ 24%] Built target assignment2_custom_msg__rosidl_generator_c
[4.691s] [ 25%] [34m[1mGenerating C type support for eProsima Fast-RTPS[0m
[4.700s] [ 29%] [34m[1mGenerating C++ introspection for ROS interfaces[0m
[4.701s] [ 29%] [34m[1mGenerating C++ type support for eProsima Fast-RTPS[0m
[4.703s] [ 35%] [34m[1mGenerating C introspection for ROS interfaces[0m
[4.704s] [ 35%] [34m[1mGenerating C type support dispatch for ROS interfaces[0m
[4.705s] [ 35%] [34m[1mGenerating C++ type support dispatch for ROS interfaces[0m
[5.552s] [ 38%] [32mBuilding CXX object CMakeFiles/assignment2_custom_msg__rosidl_typesupport_introspection_cpp.dir/rosidl_typesupport_introspection_cpp/assignment2_custom_msg/srv/detail/set_threshold__type_support.cpp.o[0m
[5.552s] [ 38%] [32mBuilding CXX object CMakeFiles/assignment2_custom_msg__rosidl_typesupport_introspection_cpp.dir/rosidl_typesupport_introspection_cpp/assignment2_custom_msg/msg/detail/obstacle_info__type_support.cpp.o[0m
[5.561s] [ 40%] [32mBuilding CXX object CMakeFiles/assignment2_custom_msg__rosidl_typesupport_introspection_cpp.dir/rosidl_typesupport_introspection_cpp/assignment2_custom_msg/srv/detail/get_last_velocity__type_support.cpp.o[0m
[5.744s] [ 42%] [32mBuilding CXX object CMakeFiles/assignment2_custom_msg__rosidl_typesupport_cpp.dir/rosidl_typesupport_cpp/assignment2_custom_msg/msg/obstacle_info__type_support.cpp.o[0m
[5.749s] [ 44%] [32mBuilding CXX object CMakeFiles/assignment2_custom_msg__rosidl_typesupport_c.dir/rosidl_typesupport_c/assignment2_custom_msg/msg/obstacle_info__type_support.cpp.o[0m
[5.772s] [ 46%] [32mBuilding C object CMakeFiles/assignment2_custom_msg__rosidl_typesupport_introspection_c.dir/rosidl_typesupport_introspection_c/assignment2_custom_msg/msg/detail/obstacle_info__type_support.c.o[0m
[5.868s] [ 48%] [32mBuilding CXX object CMakeFiles/assignment2_custom_msg__rosidl_typesupport_c.dir/rosidl_typesupport_c/assignment2_custom_msg/srv/set_threshold__type_support.cpp.o[0m
[5.877s] [ 50%] [32mBuilding C object CMakeFiles/assignment2_custom_msg__rosidl_typesupport_introspection_c.dir/rosidl_typesupport_introspection_c/assignment2_custom_msg/srv/detail/set_threshold__type_support.c.o[0m
[6.018s] [ 51%] [32mBuilding CXX object CMakeFiles/assignment2_custom_msg__rosidl_typesupport_c.dir/rosidl_typesupport_c/assignment2_custom_msg/srv/get_last_velocity__type_support.cpp.o[0m
[6.021s] [ 53%] [32mBuilding C object CMakeFiles/assignment2_custom_msg__rosidl_typesupport_introspection_c.dir/rosidl_typesupport_introspection_c/assignment2_custom_msg/srv/detail/get_last_velocity__type_support.c.o[0m
[6.163s] [ 55%] [32m[1mLinking C shared library libassignment2_custom_msg__rosidl_typesupport_introspection_c.so[0m
[6.167s] [ 57%] [32m[1mLinking CXX shared library libassignment2_custom_msg__rosidl_typesupport_c.so[0m
[6.245s] [ 57%] Built target assignment2_custom_msg__rosidl_typesupport_introspection_c
[6.270s] [ 59%] [32mBuilding CXX object CMakeFiles/assignment2_custom_msg__rosidl_typesupport_cpp.dir/rosidl_typesupport_cpp/assignment2_custom_msg/srv/set_threshold__type_support.cpp.o[0m
[6.299s] [ 59%] Built target assignment2_custom_msg__rosidl_typesupport_c
[6.320s] [ 61%] [32mBuilding CXX object CMakeFiles/assignment2_custom_msg__rosidl_typesupport_cpp.dir/rosidl_typesupport_cpp/assignment2_custom_msg/srv/get_last_velocity__type_support.cpp.o[0m
[6.365s] [ 62%] [32mBuilding CXX object CMakeFiles/assignment2_custom_msg__rosidl_typesupport_fastrtps_cpp.dir/rosidl_typesupport_fastrtps_cpp/assignment2_custom_msg/msg/detail/dds_fastrtps/obstacle_info__type_support.cpp.o[0m
[6.386s] [ 64%] [32mBuilding CXX object CMakeFiles/assignment2_custom_msg__rosidl_typesupport_fastrtps_c.dir/rosidl_typesupport_fastrtps_c/assignment2_custom_msg/msg/detail/obstacle_info__type_support_c.cpp.o[0m
[6.608s] [ 66%] [32mBuilding CXX object CMakeFiles/assignment2_custom_msg__rosidl_typesupport_fastrtps_c.dir/rosidl_typesupport_fastrtps_c/assignment2_custom_msg/srv/detail/set_threshold__type_support_c.cpp.o[0m
[6.819s] [ 68%] [32mBuilding CXX object CMakeFiles/assignment2_custom_msg__rosidl_typesupport_fastrtps_c.dir/rosidl_typesupport_fastrtps_c/assignment2_custom_msg/srv/detail/get_last_velocity__type_support_c.cpp.o[0m
[6.947s] [ 70%] [32m[1mLinking CXX shared library libassignment2_custom_msg__rosidl_typesupport_introspection_cpp.so[0m
[6.962s] [ 72%] [32mBuilding CXX object CMakeFiles/assignment2_custom_msg__rosidl_typesupport_fastrtps_cpp.dir/rosidl_typesupport_fastrtps_cpp/assignment2_custom_msg/srv/detail/dds_fastrtps/set_threshold__type_support.cpp.o[0m
[7.189s] [ 72%] Built target assignment2_custom_msg__rosidl_typesupport_introspection_cpp
[7.211s] [ 74%] [32mBuilding CXX object CMakeFiles/assignment2_custom_msg__rosidl_typesupport_fastrtps_cpp.dir/rosidl_typesupport_fastrtps_cpp/assignment2_custom_msg/srv/detail/dds_fastrtps/get_last_velocity__type_support.cpp.o[0m
[7.658s] [ 75%] [32m[1mLinking CXX shared library libassignment2_custom_msg__rosidl_typesupport_cpp.so[0m
[7.878s] [ 75%] Built target assignment2_custom_msg__rosidl_typesupport_cpp
[8.356s] [ 77%] [32m[1mLinking CXX shared library libassignment2_custom_msg__rosidl_typesupport_fastrtps_c.so[0m
[8.496s] [ 77%] Built target assignment2_custom_msg__rosidl_typesupport_fastrtps_c
[8.644s] [ 79%] [32m[1mLinking CXX shared library libassignment2_custom_msg__rosidl_typesupport_fastrtps_cpp.so[0m
[8.870s] [ 79%] Built target assignment2_custom_msg__rosidl_typesupport_fastrtps_cpp
[8.903s] [ 79%] Built target assignment2_custom_msg
[8.943s] [ 81%] [34m[1mGenerating Python code for ROS interfaces[0m
[10.154s] [ 81%] Built target assignment2_custom_msg__py
[10.192s] [ 85%] [32mBuilding C object CMakeFiles/assignment2_custom_msg__rosidl_generator_py.dir/rosidl_generator_py/assignment2_custom_msg/srv/_set_threshold_s.c.o[0m
[10.193s] [ 85%] [32mBuilding C object CMakeFiles/assignment2_custom_msg__rosidl_generator_py.dir/rosidl_generator_py/assignment2_custom_msg/msg/_obstacle_info_s.c.o[0m
[10.193s] [ 87%] [32mBuilding C object CMakeFiles/assignment2_custom_msg__rosidl_generator_py.dir/rosidl_generator_py/assignment2_custom_msg/srv/_get_last_velocity_s.c.o[0m
[10.504s] [ 88%] [32m[1mLinking C shared library libassignment2_custom_msg__rosidl_generator_py.so[0m
[10.597s] [ 88%] Built target assignment2_custom_msg__rosidl_generator_py
[10.670s] [ 92%] [32mBuilding C object CMakeFiles/assignment2_custom_msg_s__rosidl_typesupport_fastrtps_c.dir/rosidl_generator_py/assignment2_custom_msg/_assignment2_custom_msg_s.ep.rosidl_typesupport_fastrtps_c.c.o[0m
[10.671s] [ 92%] [32mBuilding C object CMakeFiles/assignment2_custom_msg_s__rosidl_typesupport_c.dir/rosidl_generator_py/assignment2_custom_msg/_assignment2_custom_msg_s.ep.rosidl_typesupport_c.c.o[0m
[10.672s] [ 94%] [32mBuilding C object CMakeFiles/assignment2_custom_msg_s__rosidl_typesupport_introspection_c.dir/rosidl_generator_py/assignment2_custom_msg/_assignment2_custom_msg_s.ep.rosidl_typesupport_introspection_c.c.o[0m
[11.050s] [ 96%] [32m[1mLinking C shared module rosidl_generator_py/assignment2_custom_msg/assignment2_custom_msg_s__rosidl_typesupport_c.so[0m
[11.056s] [ 98%] [32m[1mLinking C shared module rosidl_generator_py/assignment2_custom_msg/assignment2_custom_msg_s__rosidl_typesupport_introspection_c.so[0m
[11.069s] [100%] [32m[1mLinking C shared module rosidl_generator_py/assignment2_custom_msg/assignment2_custom_msg_s__rosidl_typesupport_fastrtps_c.so[0m
[11.118s] [100%] Built target assignment2_custom_msg_s__rosidl_typesupport_c
[11.127s] [100%] Built target assignment2_custom_msg_s__rosidl_typesupport_introspection_c
[11.140s] [100%] Built target assignment2_custom_msg_s__rosidl_typesupport_fastrtps_c
[11.164s] Invoked command in '/home/hani/Desktop/ros2_ws/build/assignment2_custom_msg' returned '0': CMAKE_PREFIX_PATH=${CMAKE_PREFIX_PATH}:/opt/ros/jazzy DEBUGINFOD_URLS=https://debuginfod.ubuntu.com /usr/bin/cmake --build /home/hani/Desktop/ros2_ws/build/assignment2_custom_msg -- -j8 -l8
[11.184s] Invoking command in '/home/hani/Desktop/ros2_ws/build/assignment2_custom_msg': CMAKE_PREFIX_PATH=${CMAKE_PREFIX_PATH}:/opt/ros/jazzy DEBUGINFOD_URLS=https://debuginfod.ubuntu.com /usr/bin/cmake --install /home/hani/Desktop/ros2_ws/build/assignment2_custom_msg
[11.200s] -- Install configuration: ""
[11.200s] -- Installing: /home/hani/Desktop/ros2_ws/install/assignment2_custom_msg/share/ament_index/resource_index/rosidl_interfaces/assignment2_custom_msg
[11.201s] -- Installing: /home/hani/Desktop/ros2_ws/install/assignment2_custom_msg/share/assignment2_custom_msg/msg/ObstacleInfo.json
[11.201s] -- Installing: /home/hani/Desktop/ros2_ws/install/assignment2_custom_msg/share/assignment2_custom_msg/srv/SetThreshold.json
[11.202s] -- Installing: /home/hani/Desktop/ros2_ws/install/assignment2_custom_msg/share/assignment2_custom_msg/srv/GetLastVelocity.json
[11.202s] -- Installing: /home/hani/Desktop/ros2_ws/install/assignment2_custom_msg/include/assignment2_custom_msg/assignment2_custom_msg
[11.202s] -- Installing: /home/hani/Desktop/ros2_ws/install/assignment2_custom_msg/include/assignment2_custom_msg/assignment2_custom_msg/msg
[11.203s] -- Installing: /home/hani/Desktop/ros2_ws/install/assignment2_custom_msg/include/assignment2_custom_msg/assignment2_custom_msg/msg/obstacle_info.h
[11.203s] -- Installing: /home/hani/Desktop/ros2_ws/install/assignment2_custom_msg/include/assignment2_custom_msg/assignment2_custom_msg/msg/rosidl_generator_c__visibility_control.h
[11.203s] -- Installing: /home/hani/Desktop/ros2_ws/install/assignment2_custom_msg/include/assignment2_custom_msg/assignment2_custom_msg/msg/detail
[11.204s] -- Installing: /home/hani/Desktop/ros2_ws/install/assignment2_custom_msg/include/assignment2_custom_msg/assignment2_custom_msg/msg/detail/obstacle_info__functions.h
[11.204s] -- Installing: /home/hani/Desktop/ros2_ws/install/assignment2_custom_msg/include/assignment2_custom_msg/assignment2_custom_msg/msg/detail/obstacle_info__type_support.h
[11.204s] -- Installing: /home/hani/Desktop/ros2_ws/install/assignment2_custom_msg/include/assignment2_custom_msg/assignment2_custom_msg/msg/detail/obstacle_info__struct.h
[11.205s] -- Installing: /home/hani/Desktop/ros2_ws/install/assignment2_custom_msg/include/assignment2_custom_msg/assignment2_custom_msg/msg/detail/obstacle_info__functions.c
[11.205s] -- Installing: /home/hani/Desktop/ros2_ws/install/assignment2_custom_msg/include/assignment2_custom_msg/assignment2_custom_msg/msg/detail/obstacle_info__description.c
[11.205s] -- Installing: /home/hani/Desktop/ros2_ws/install/assignment2_custom_msg/include/assignment2_custom_msg/assignment2_custom_msg/msg/detail/obstacle_info__type_support.c
[11.206s] -- Installing: /home/hani/Desktop/ros2_ws/install/assignment2_custom_msg/include/assignment2_custom_msg/assignment2_custom_msg/srv
[11.206s] -- Installing: /home/hani/Desktop/ros2_ws/install/assignment2_custom_msg/include/assignment2_custom_msg/assignment2_custom_msg/srv/get_last_velocity.h
[11.207s] -- Installing: /home/hani/Desktop/ros2_ws/install/assignment2_custom_msg/include/assignment2_custom_msg/assignment2_custom_msg/srv/set_threshold.h
[11.207s] -- Installing: /home/hani/Desktop/ros2_ws/install/assignment2_custom_msg/include/assignment2_custom_msg/assignment2_custom_msg/srv/detail
[11.208s] -- Installing: /home/hani/Desktop/ros2_ws/install/assignment2_custom_msg/include/assignment2_custom_msg/assignment2_custom_msg/srv/detail/set_threshold__description.c
[11.208s] -- Installing: /home/hani/Desktop/ros2_ws/install/assignment2_custom_msg/include/assignment2_custom_msg/assignment2_custom_msg/srv/detail/set_threshold__functions.h
[11.208s] -- Installing: /home/hani/Desktop/ros2_ws/install/assignment2_custom_msg/include/assignment2_custom_msg/assignment2_custom_msg/srv/detail/set_threshold__type_support.h
[11.209s] -- Installing: /home/hani/Desktop/ros2_ws/install/assignment2_custom_msg/include/assignment2_custom_msg/assignment2_custom_msg/srv/detail/get_last_velocity__functions.h
[11.209s] -- Installing: /home/hani/Desktop/ros2_ws/install/assignment2_custom_msg/include/assignment2_custom_msg/assignment2_custom_msg/srv/detail/set_threshold__functions.c
[11.209s] -- Installing: /home/hani/Desktop/ros2_ws/install/assignment2_custom_msg/include/assignment2_custom_msg/assignment2_custom_msg/srv/detail/set_threshold__type_support.c
[11.210s] -- Installing: /home/hani/Desktop/ros2_ws/install/assignment2_custom_msg/include/assignment2_custom_msg/assignment2_custom_msg/srv/detail/get_last_velocity__description.c
[11.210s] -- Installing: /home/hani/Desktop/ros2_ws/install/assignment2_custom_msg/include/assignment2_custom_msg/assignment2_custom_msg/srv/detail/get_last_velocity__functions.c
[11.210s] -- Installing: /home/hani/Desktop/ros2_ws/install/assignment2_custom_msg/include/assignment2_custom_msg/assignment2_custom_msg/srv/detail/get_last_velocity__struct.h
[11.211s] -- Installing: /home/hani/Desktop/ros2_ws/install/assignment2_custom_msg/include/assignment2_custom_msg/assignment2_custom_msg/srv/detail/set_threshold__struct.h
[11.211s] -- Installing: /home/hani/Desktop/ros2_ws/install/assignment2_custom_msg/include/assignment2_custom_msg/assignment2_custom_msg/srv/detail/get_last_velocity__type_support.c
[11.211s] -- Installing: /home/hani/Desktop/ros2_ws/install/assignment2_custom_msg/include/assignment2_custom_msg/assignment2_custom_msg/srv/detail/get_last_velocity__type_support.h
[11.211s] -- Installing: /home/hani/Desktop/ros2_ws/install/assignment2_custom_msg/share/assignment2_custom_msg/environment/library_path.sh
[11.212s] -- Installing: /home/hani/Desktop/ros2_ws/install/assignment2_custom_msg/share/assignment2_custom_msg/environment/library_path.dsv
[11.212s] -- Installing: /home/hani/Desktop/ros2_ws/install/assignment2_custom_msg/lib/libassignment2_custom_msg__rosidl_generator_c.so
[11.212s] -- Set non-toolchain portion of runtime path of "/home/hani/Desktop/ros2_ws/install/assignment2_custom_msg/lib/libassignment2_custom_msg__rosidl_generator_c.so" to ""
[11.212s] -- Up-to-date: /home/hani/Desktop/ros2_ws/install/assignment2_custom_msg/include/assignment2_custom_msg/assignment2_custom_msg
[11.213s] -- Up-to-date: /home/hani/Desktop/ros2_ws/install/assignment2_custom_msg/include/assignment2_custom_msg/assignment2_custom_msg/msg
[11.213s] -- Installing: /home/hani/Desktop/ros2_ws/install/assignment2_custom_msg/include/assignment2_custom_msg/assignment2_custom_msg/msg/rosidl_typesupport_fastrtps_c__visibility_control.h
[11.213s] -- Up-to-date: /home/hani/Desktop/ros2_ws/install/assignment2_custom_msg/include/assignment2_custom_msg/assignment2_custom_msg/msg/detail
[11.214s] -- Installing: /home/hani/Desktop/ros2_ws/install/assignment2_custom_msg/include/assignment2_custom_msg/assignment2_custom_msg/msg/detail/obstacle_info__rosidl_typesupport_fastrtps_c.h
[11.214s] -- Up-to-date: /home/hani/Desktop/ros2_ws/install/assignment2_custom_msg/include/assignment2_custom_msg/assignment2_custom_msg/srv
[11.214s] -- Up-to-date: /home/hani/Desktop/ros2_ws/install/assignment2_custom_msg/include/assignment2_custom_msg/assignment2_custom_msg/srv/detail
[11.214s] -- Installing: /home/hani/Desktop/ros2_ws/install/assignment2_custom_msg/include/assignment2_custom_msg/assignment2_custom_msg/srv/detail/set_threshold__rosidl_typesupport_fastrtps_c.h
[11.214s] -- Installing: /home/hani/Desktop/ros2_ws/install/assignment2_custom_msg/include/assignment2_custom_msg/assignment2_custom_msg/srv/detail/get_last_velocity__rosidl_typesupport_fastrtps_c.h
[11.215s] -- Installing: /home/hani/Desktop/ros2_ws/install/assignment2_custom_msg/lib/libassignment2_custom_msg__rosidl_typesupport_fastrtps_c.so
[11.215s] -- Set non-toolchain portion of runtime path of "/home/hani/Desktop/ros2_ws/install/assignment2_custom_msg/lib/libassignment2_custom_msg__rosidl_typesupport_fastrtps_c.so" to ""
[11.215s] -- Up-to-date: /home/hani/Desktop/ros2_ws/install/assignment2_custom_msg/include/assignment2_custom_msg/assignment2_custom_msg
[11.215s] -- Up-to-date: /home/hani/Desktop/ros2_ws/install/assignment2_custom_msg/include/assignment2_custom_msg/assignment2_custom_msg/msg
[11.215s] -- Up-to-date: /home/hani/Desktop/ros2_ws/install/assignment2_custom_msg/include/assignment2_custom_msg/assignment2_custom_msg/msg/detail
[11.216s] -- Installing: /home/hani/Desktop/ros2_ws/install/assignment2_custom_msg/include/assignment2_custom_msg/assignment2_custom_msg/msg/detail/obstacle_info__rosidl_typesupport_introspection_c.h
[11.216s] -- Installing: /home/hani/Desktop/ros2_ws/install/assignment2_custom_msg/include/assignment2_custom_msg/assignment2_custom_msg/msg/detail/obstacle_info__type_support.c
[11.216s] -- Installing: /home/hani/Desktop/ros2_ws/install/assignment2_custom_msg/include/assignment2_custom_msg/assignment2_custom_msg/msg/rosidl_typesupport_introspection_c__visibility_control.h
[11.216s] -- Up-to-date: /home/hani/Desktop/ros2_ws/install/assignment2_custom_msg/include/assignment2_custom_msg/assignment2_custom_msg/srv
[11.217s] -- Up-to-date: /home/hani/Desktop/ros2_ws/install/assignment2_custom_msg/include/assignment2_custom_msg/assignment2_custom_msg/srv/detail
[11.217s] -- Installing: /home/hani/Desktop/ros2_ws/install/assignment2_custom_msg/include/assignment2_custom_msg/assignment2_custom_msg/srv/detail/get_last_velocity__rosidl_typesupport_introspection_c.h
[11.217s] -- Installing: /home/hani/Desktop/ros2_ws/install/assignment2_custom_msg/include/assignment2_custom_msg/assignment2_custom_msg/srv/detail/set_threshold__rosidl_typesupport_introspection_c.h
[11.217s] -- Installing: /home/hani/Desktop/ros2_ws/install/assignment2_custom_msg/include/assignment2_custom_msg/assignment2_custom_msg/srv/detail/set_threshold__type_support.c
[11.217s] -- Installing: /home/hani/Desktop/ros2_ws/install/assignment2_custom_msg/include/assignment2_custom_msg/assignment2_custom_msg/srv/detail/get_last_velocity__type_support.c
[11.218s] -- Installing: /home/hani/Desktop/ros2_ws/install/assignment2_custom_msg/lib/libassignment2_custom_msg__rosidl_typesupport_introspection_c.so
[11.218s] -- Set non-toolchain portion of runtime path of "/home/hani/Desktop/ros2_ws/install/assignment2_custom_msg/lib/libassignment2_custom_msg__rosidl_typesupport_introspection_c.so" to ""
[11.218s] -- Installing: /home/hani/Desktop/ros2_ws/install/assignment2_custom_msg/lib/libassignment2_custom_msg__rosidl_typesupport_c.so
[11.219s] -- Set non-toolchain portion of runtime path of "/home/hani/Desktop/ros2_ws/install/assignment2_custom_msg/lib/libassignment2_custom_msg__rosidl_typesupport_c.so" to ""
[11.219s] -- Up-to-date: /home/hani/Desktop/ros2_ws/install/assignment2_custom_msg/include/assignment2_custom_msg/assignment2_custom_msg
[11.219s] -- Up-to-date: /home/hani/Desktop/ros2_ws/install/assignment2_custom_msg/include/assignment2_custom_msg/assignment2_custom_msg/msg
[11.219s] -- Installing: /home/hani/Desktop/ros2_ws/install/assignment2_custom_msg/include/assignment2_custom_msg/assignment2_custom_msg/msg/rosidl_generator_cpp__visibility_control.hpp
[11.220s] -- Installing: /home/hani/Desktop/ros2_ws/install/assignment2_custom_msg/include/assignment2_custom_msg/assignment2_custom_msg/msg/obstacle_info.hpp
[11.220s] -- Up-to-date: /home/hani/Desktop/ros2_ws/install/assignment2_custom_msg/include/assignment2_custom_msg/assignment2_custom_msg/msg/detail
[11.220s] -- Installing: /home/hani/Desktop/ros2_ws/install/assignment2_custom_msg/include/assignment2_custom_msg/assignment2_custom_msg/msg/detail/obstacle_info__struct.hpp
[11.221s] -- Installing: /home/hani/Desktop/ros2_ws/install/assignment2_custom_msg/include/assignment2_custom_msg/assignment2_custom_msg/msg/detail/obstacle_info__builder.hpp
[11.221s] -- Installing: /home/hani/Desktop/ros2_ws/install/assignment2_custom_msg/include/assignment2_custom_msg/assignment2_custom_msg/msg/detail/obstacle_info__traits.hpp
[11.221s] -- Installing: /home/hani/Desktop/ros2_ws/install/assignment2_custom_msg/include/assignment2_custom_msg/assignment2_custom_msg/msg/detail/obstacle_info__type_support.hpp
[11.221s] -- Up-to-date: /home/hani/Desktop/ros2_ws/install/assignment2_custom_msg/include/assignment2_custom_msg/assignment2_custom_msg/srv
[11.222s] -- Installing: /home/hani/Desktop/ros2_ws/install/assignment2_custom_msg/include/assignment2_custom_msg/assignment2_custom_msg/srv/get_last_velocity.hpp
[11.222s] -- Up-to-date: /home/hani/Desktop/ros2_ws/install/assignment2_custom_msg/include/assignment2_custom_msg/assignment2_custom_msg/srv/detail
[11.222s] -- Installing: /home/hani/Desktop/ros2_ws/install/assignment2_custom_msg/include/assignment2_custom_msg/assignment2_custom_msg/srv/detail/get_last_velocity__traits.hpp
[11.223s] -- Installing: /home/hani/Desktop/ros2_ws/install/assignment2_custom_msg/include/assignment2_custom_msg/assignment2_custom_msg/srv/detail/get_last_velocity__builder.hpp
[11.223s] -- Installing: /home/hani/Desktop/ros2_ws/install/assignment2_custom_msg/include/assignment2_custom_msg/assignment2_custom_msg/srv/detail/set_threshold__builder.hpp
[11.223s] -- Installing: /home/hani/Desktop/ros2_ws/install/assignment2_custom_msg/include/assignment2_custom_msg/assignment2_custom_msg/srv/detail/set_threshold__type_support.hpp
[11.224s] -- Installing: /home/hani/Desktop/ros2_ws/install/assignment2_custom_msg/include/assignment2_custom_msg/assignment2_custom_msg/srv/detail/set_threshold__struct.hpp
[11.224s] -- Installing: /home/hani/Desktop/ros2_ws/install/assignment2_custom_msg/include/assignment2_custom_msg/assignment2_custom_msg/srv/detail/set_threshold__traits.hpp
[11.224s] -- Installing: /home/hani/Desktop/ros2_ws/install/assignment2_custom_msg/include/assignment2_custom_msg/assignment2_custom_msg/srv/detail/get_last_velocity__type_support.hpp
[11.224s] -- Installing: /home/hani/Desktop/ros2_ws/install/assignment2_custom_msg/include/assignment2_custom_msg/assignment2_custom_msg/srv/detail/get_last_velocity__struct.hpp
[11.225s] -- Installing: /home/hani/Desktop/ros2_ws/install/assignment2_custom_msg/include/assignment2_custom_msg/assignment2_custom_msg/srv/set_threshold.hpp
[11.225s] -- Up-to-date: /home/hani/Desktop/ros2_ws/install/assignment2_custom_msg/include/assignment2_custom_msg/assignment2_custom_msg
[11.225s] -- Up-to-date: /home/hani/Desktop/ros2_ws/install/assignment2_custom_msg/include/assignment2_custom_msg/assignment2_custom_msg/msg
[11.225s] -- Installing: /home/hani/Desktop/ros2_ws/install/assignment2_custom_msg/include/assignment2_custom_msg/assignment2_custom_msg/msg/rosidl_typesupport_fastrtps_cpp__visibility_control.h
[11.225s] -- Up-to-date: /home/hani/Desktop/ros2_ws/install/assignment2_custom_msg/include/assignment2_custom_msg/assignment2_custom_msg/msg/detail
[11.226s] -- Installing: /home/hani/Desktop/ros2_ws/install/assignment2_custom_msg/include/assignment2_custom_msg/assignment2_custom_msg/msg/detail/dds_fastrtps
[11.226s] -- Installing: /home/hani/Desktop/ros2_ws/install/assignment2_custom_msg/include/assignment2_custom_msg/assignment2_custom_msg/msg/detail/obstacle_info__rosidl_typesupport_fastrtps_cpp.hpp
[11.226s] -- Up-to-date: /home/hani/Desktop/ros2_ws/install/assignment2_custom_msg/include/assignment2_custom_msg/assignment2_custom_msg/srv
[11.226s] -- Up-to-date: /home/hani/Desktop/ros2_ws/install/assignment2_custom_msg/include/assignment2_custom_msg/assignment2_custom_msg/srv/detail
[11.226s] -- Installing: /home/hani/Desktop/ros2_ws/install/assignment2_custom_msg/include/assignment2_custom_msg/assignment2_custom_msg/srv/detail/dds_fastrtps
[11.227s] -- Installing: /home/hani/Desktop/ros2_ws/install/assignment2_custom_msg/include/assignment2_custom_msg/assignment2_custom_msg/srv/detail/get_last_velocity__rosidl_typesupport_fastrtps_cpp.hpp
[11.227s] -- Installing: /home/hani/Desktop/ros2_ws/install/assignment2_custom_msg/include/assignment2_custom_msg/assignment2_custom_msg/srv/detail/set_threshold__rosidl_typesupport_fastrtps_cpp.hpp
[11.228s] -- Installing: /home/hani/Desktop/ros2_ws/install/assignment2_custom_msg/lib/libassignment2_custom_msg__rosidl_typesupport_fastrtps_cpp.so
[11.228s] -- Set non-toolchain portion of runtime path of "/home/hani/Desktop/ros2_ws/install/assignment2_custom_msg/lib/libassignment2_custom_msg__rosidl_typesupport_fastrtps_cpp.so" to ""
[11.228s] -- Up-to-date: /home/hani/Desktop/ros2_ws/install/assignment2_custom_msg/include/assignment2_custom_msg/assignment2_custom_msg
[11.228s] -- Up-to-date: /home/hani/Desktop/ros2_ws/install/assignment2_custom_msg/include/assignment2_custom_msg/assignment2_custom_msg/msg
[11.229s] -- Up-to-date: /home/hani/Desktop/ros2_ws/install/assignment2_custom_msg/include/assignment2_custom_msg/assignment2_custom_msg/msg/detail
[11.229s] -- Installing: /home/hani/Desktop/ros2_ws/install/assignment2_custom_msg/include/assignment2_custom_msg/assignment2_custom_msg/msg/detail/obstacle_info__rosidl_typesupport_introspection_cpp.hpp
[11.229s] -- Installing: /home/hani/Desktop/ros2_ws/install/assignment2_custom_msg/include/assignment2_custom_msg/assignment2_custom_msg/msg/detail/obstacle_info__type_support.cpp
[11.230s] -- Up-to-date: /home/hani/Desktop/ros2_ws/install/assignment2_custom_msg/include/assignment2_custom_msg/assignment2_custom_msg/srv
[11.230s] -- Up-to-date: /home/hani/Desktop/ros2_ws/install/assignment2_custom_msg/include/assignment2_custom_msg/assignment2_custom_msg/srv/detail
[11.230s] -- Installing: /home/hani/Desktop/ros2_ws/install/assignment2_custom_msg/include/assignment2_custom_msg/assignment2_custom_msg/srv/detail/set_threshold__type_support.cpp
[11.230s] -- Installing: /home/hani/Desktop/ros2_ws/install/assignment2_custom_msg/include/assignment2_custom_msg/assignment2_custom_msg/srv/detail/get_last_velocity__type_support.cpp
[11.230s] -- Installing: /home/hani/Desktop/ros2_ws/install/assignment2_custom_msg/include/assignment2_custom_msg/assignment2_custom_msg/srv/detail/get_last_velocity__rosidl_typesupport_introspection_cpp.hpp
[11.231s] -- Installing: /home/hani/Desktop/ros2_ws/install/assignment2_custom_msg/include/assignment2_custom_msg/assignment2_custom_msg/srv/detail/set_threshold__rosidl_typesupport_introspection_cpp.hpp
[11.231s] -- Installing: /home/hani/Desktop/ros2_ws/install/assignment2_custom_msg/lib/libassignment2_custom_msg__rosidl_typesupport_introspection_cpp.so
[11.231s] -- Set non-toolchain portion of runtime path of "/home/hani/Desktop/ros2_ws/install/assignment2_custom_msg/lib/libassignment2_custom_msg__rosidl_typesupport_introspection_cpp.so" to ""
[11.231s] -- Installing: /home/hani/Desktop/ros2_ws/install/assignment2_custom_msg/lib/libassignment2_custom_msg__rosidl_typesupport_cpp.so
[11.232s] -- Set non-toolchain portion of runtime path of "/home/hani/Desktop/ros2_ws/install/assignment2_custom_msg/lib/libassignment2_custom_msg__rosidl_typesupport_cpp.so" to ""
[11.232s] -- Installing: /home/hani/Desktop/ros2_ws/install/assignment2_custom_msg/share/assignment2_custom_msg/environment/pythonpath.sh
[11.232s] -- Installing: /home/hani/Desktop/ros2_ws/install/assignment2_custom_msg/share/assignment2_custom_msg/environment/pythonpath.dsv
[11.233s] -- Installing: /home/hani/Desktop/ros2_ws/install/assignment2_custom_msg/lib/python3.12/site-packages/assignment2_custom_msg-0.0.0-py3.12.egg-info
[11.233s] -- Installing: /home/hani/Desktop/ros2_ws/install/assignment2_custom_msg/lib/python3.12/site-packages/assignment2_custom_msg-0.0.0-py3.12.egg-info/PKG-INFO
[11.233s] -- Installing: /home/hani/Desktop/ros2_ws/install/assignment2_custom_msg/lib/python3.12/site-packages/assignment2_custom_msg-0.0.0-py3.12.egg-info/dependency_links.txt
[11.233s] -- Installing: /home/hani/Desktop/ros2_ws/install/assignment2_custom_msg/lib/python3.12/site-packages/assignment2_custom_msg-0.0.0-py3.12.egg-info/top_level.txt
[11.234s] -- Installing: /home/hani/Desktop/ros2_ws/install/assignment2_custom_msg/lib/python3.12/site-packages/assignment2_custom_msg-0.0.0-py3.12.egg-info/SOURCES.txt
[11.234s] -- Installing: /home/hani/Desktop/ros2_ws/install/assignment2_custom_msg/lib/python3.12/site-packages/assignment2_custom_msg
[11.234s] -- Installing: /home/hani/Desktop/ros2_ws/install/assignment2_custom_msg/lib/python3.12/site-packages/assignment2_custom_msg/_assignment2_custom_msg_s.ep.rosidl_typesupport_introspection_c.c
[11.234s] -- Installing: /home/hani/Desktop/ros2_ws/install/assignment2_custom_msg/lib/python3.12/site-packages/assignment2_custom_msg/assignment2_custom_msg_s__rosidl_typesupport_fastrtps_c.so
[11.234s] -- Installing: /home/hani/Desktop/ros2_ws/install/assignment2_custom_msg/lib/python3.12/site-packages/assignment2_custom_msg/_assignment2_custom_msg_s.ep.rosidl_typesupport_fastrtps_c.c
[11.235s] -- Installing: /home/hani/Desktop/ros2_ws/install/assignment2_custom_msg/lib/python3.12/site-packages/assignment2_custom_msg/msg
[11.235s] -- Installing: /home/hani/Desktop/ros2_ws/install/assignment2_custom_msg/lib/python3.12/site-packages/assignment2_custom_msg/msg/_obstacle_info.py
[11.235s] -- Installing: /home/hani/Desktop/ros2_ws/install/assignment2_custom_msg/lib/python3.12/site-packages/assignment2_custom_msg/msg/_obstacle_info_s.c
[11.235s] -- Installing: /home/hani/Desktop/ros2_ws/install/assignment2_custom_msg/lib/python3.12/site-packages/assignment2_custom_msg/msg/__init__.py
[11.235s] -- Installing: /home/hani/Desktop/ros2_ws/install/assignment2_custom_msg/lib/python3.12/site-packages/assignment2_custom_msg/__init__.py
[11.236s] -- Installing: /home/hani/Desktop/ros2_ws/install/assignment2_custom_msg/lib/python3.12/site-packages/assignment2_custom_msg/srv
[11.236s] -- Installing: /home/hani/Desktop/ros2_ws/install/assignment2_custom_msg/lib/python3.12/site-packages/assignment2_custom_msg/srv/_set_threshold_s.c
[11.236s] -- Installing: /home/hani/Desktop/ros2_ws/install/assignment2_custom_msg/lib/python3.12/site-packages/assignment2_custom_msg/srv/__init__.py
[11.236s] -- Installing: /home/hani/Desktop/ros2_ws/install/assignment2_custom_msg/lib/python3.12/site-packages/assignment2_custom_msg/srv/_set_threshold.py
[11.236s] -- Installing: /home/hani/Desktop/ros2_ws/install/assignment2_custom_msg/lib/python3.12/site-packages/assignment2_custom_msg/srv/_get_last_velocity.py
[11.237s] -- Installing: /home/hani/Desktop/ros2_ws/install/assignment2_custom_msg/lib/python3.12/site-packages/assignment2_custom_msg/srv/_get_last_velocity_s.c
[11.237s] -- Installing: /home/hani/Desktop/ros2_ws/install/assignment2_custom_msg/lib/python3.12/site-packages/assignment2_custom_msg/assignment2_custom_msg_s__rosidl_typesupport_c.so
[11.237s] -- Installing: /home/hani/Desktop/ros2_ws/install/assignment2_custom_msg/lib/python3.12/site-packages/assignment2_custom_msg/assignment2_custom_msg_s__rosidl_typesupport_introspection_c.so
[11.237s] -- Installing: /home/hani/Desktop/ros2_ws/install/assignment2_custom_msg/lib/python3.12/site-packages/assignment2_custom_msg/_assignment2_custom_msg_s.ep.rosidl_typesupport_c.c
[11.353s] Listing '/home/hani/Desktop/ros2_ws/install/assignment2_custom_msg/lib/python3.12/site-packages/assignment2_custom_msg'...
[11.353s] Compiling '/home/hani/Desktop/ros2_ws/install/assignment2_custom_msg/lib/python3.12/site-packages/assignment2_custom_msg/__init__.py'...
[11.354s] Listing '/home/hani/Desktop/ros2_ws/install/assignment2_custom_msg/lib/python3.12/site-packages/assignment2_custom_msg/msg'...
[11.354s] Compiling '/home/hani/Desktop/ros2_ws/install/assignment2_custom_msg/lib/python3.12/site-packages/assignment2_custom_msg/msg/__init__.py'...
[11.354s] Compiling '/home/hani/Desktop/ros2_ws/install/assignment2_custom_msg/lib/python3.12/site-packages/assignment2_custom_msg/msg/_obstacle_info.py'...
[11.354s] Listing '/home/hani/Desktop/ros2_ws/install/assignment2_custom_msg/lib/python3.12/site-packages/assignment2_custom_msg/srv'...
[11.354s] Compiling '/home/hani/Desktop/ros2_ws/install/assignment2_custom_msg/lib/python3.12/site-packages/assignment2_custom_msg/srv/__init__.py'...
[11.354s] Compiling '/home/hani/Desktop/ros2_ws/install/assignment2_custom_msg/lib/python3.12/site-packages/assignment2_custom_msg/srv/_get_last_velocity.py'...
[11.355s] Compiling '/home/hani/Desktop/ros2_ws/install/assignment2_custom_msg/lib/python3.12/site-packages/assignment2_custom_msg/srv/_set_threshold.py'...
[11.368s] -- Installing: /home/hani/Desktop/ros2_ws/install/assignment2_custom_msg/lib/python3.12/site-packages/assignment2_custom_msg/assignment2_custom_msg_s__rosidl_typesupport_fastrtps_c.so
[11.368s] -- Set non-toolchain portion of runtime path of "/home/hani/Desktop/ros2_ws/install/assignment2_custom_msg/lib/python3.12/site-packages/assignment2_custom_msg/assignment2_custom_msg_s__rosidl_typesupport_fastrtps_c.so" to ""
[11.369s] -- Installing: /home/hani/Desktop/ros2_ws/install/assignment2_custom_msg/lib/python3.12/site-packages/assignment2_custom_msg/assignment2_custom_msg_s__rosidl_typesupport_introspection_c.so
[11.369s] -- Set non-toolchain portion of runtime path of "/home/hani/Desktop/ros2_ws/install/assignment2_custom_msg/lib/python3.12/site-packages/assignment2_custom_msg/assignment2_custom_msg_s__rosidl_typesupport_introspection_c.so" to ""
[11.370s] -- Installing: /home/hani/Desktop/ros2_ws/install/assignment2_custom_msg/lib/python3.12/site-packages/assignment2_custom_msg/assignment2_custom_msg_s__rosidl_typesupport_c.so
[11.371s] -- Set non-toolchain portion of runtime path of "/home/hani/Desktop/ros2_ws/install/assignment2_custom_msg/lib/python3.12/site-packages/assignment2_custom_msg/assignment2_custom_msg_s__rosidl_typesupport_c.so" to ""
[11.371s] -- Installing: /home/hani/Desktop/ros2_ws/install/assignment2_custom_msg/lib/libassignment2_custom_msg__rosidl_generator_py.so
[11.371s] -- Set non-toolchain portion of runtime path of "/home/hani/Desktop/ros2_ws/install/assignment2_custom_msg/lib/libassignment2_custom_msg__rosidl_generator_py.so" to ""
[11.372s] -- Installing: /home/hani/Desktop/ros2_ws/install/assignment2_custom_msg/share/assignment2_custom_msg/msg/ObstacleInfo.idl
[11.372s] -- Installing: /home/hani/Desktop/ros2_ws/install/assignment2_custom_msg/share/assignment2_custom_msg/srv/SetThreshold.idl
[11.372s] -- Installing: /home/hani/Desktop/ros2_ws/install/assignment2_custom_msg/share/assignment2_custom_msg/srv/GetLastVelocity.idl
[11.373s] -- Installing: /home/hani/Desktop/ros2_ws/install/assignment2_custom_msg/share/assignment2_custom_msg/msg/ObstacleInfo.msg
[11.373s] -- Installing: /home/hani/Desktop/ros2_ws/install/assignment2_custom_msg/share/assignment2_custom_msg/srv/SetThreshold.srv
[11.374s] -- Installing: /home/hani/Desktop/ros2_ws/install/assignment2_custom_msg/share/assignment2_custom_msg/srv/GetLastVelocity.srv
[11.374s] -- Installing: /home/hani/Desktop/ros2_ws/install/assignment2_custom_msg/share/ament_index/resource_index/package_run_dependencies/assignment2_custom_msg
[11.374s] -- Installing: /home/hani/Desktop/ros2_ws/install/assignment2_custom_msg/share/ament_index/resource_index/parent_prefix_path/assignment2_custom_msg
[11.375s] -- Installing: /home/hani/Desktop/ros2_ws/install/assignment2_custom_msg/share/assignment2_custom_msg/environment/ament_prefix_path.sh
[11.375s] -- Installing: /home/hani/Desktop/ros2_ws/install/assignment2_custom_msg/share/assignment2_custom_msg/environment/ament_prefix_path.dsv
[11.376s] -- Installing: /home/hani/Desktop/ros2_ws/install/assignment2_custom_msg/share/assignment2_custom_msg/environment/path.sh
[11.376s] -- Installing: /home/hani/Desktop/ros2_ws/install/assignment2_custom_msg/share/assignment2_custom_msg/environment/path.dsv
[11.376s] -- Installing: /home/hani/Desktop/ros2_ws/install/assignment2_custom_msg/share/assignment2_custom_msg/local_setup.bash
[11.377s] -- Installing: /home/hani/Desktop/ros2_ws/install/assignment2_custom_msg/share/assignment2_custom_msg/local_setup.sh
[11.377s] -- Installing: /home/hani/Desktop/ros2_ws/install/assignment2_custom_msg/share/assignment2_custom_msg/local_setup.zsh
[11.378s] -- Installing: /home/hani/Desktop/ros2_ws/install/assignment2_custom_msg/share/assignment2_custom_msg/local_setup.dsv
[11.378s] -- Installing: /home/hani/Desktop/ros2_ws/install/assignment2_custom_msg/share/assignment2_custom_msg/package.dsv
[11.379s] -- Installing: /home/hani/Desktop/ros2_ws/install/assignment2_custom_msg/share/ament_index/resource_index/packages/assignment2_custom_msg
[11.379s] -- Installing: /home/hani/Desktop/ros2_ws/install/assignment2_custom_msg/share/assignment2_custom_msg/cmake/export_assignment2_custom_msg__rosidl_generator_cExport.cmake
[11.380s] -- Installing: /home/hani/Desktop/ros2_ws/install/assignment2_custom_msg/share/assignment2_custom_msg/cmake/export_assignment2_custom_msg__rosidl_generator_cExport-noconfig.cmake
[11.380s] -- Installing: /home/hani/Desktop/ros2_ws/install/assignment2_custom_msg/share/assignment2_custom_msg/cmake/export_assignment2_custom_msg__rosidl_typesupport_fastrtps_cExport.cmake
[11.380s] -- Installing: /home/hani/Desktop/ros2_ws/install/assignment2_custom_msg/share/assignment2_custom_msg/cmake/export_assignment2_custom_msg__rosidl_typesupport_fastrtps_cExport-noconfig.cmake
[11.380s] -- Installing: /home/hani/Desktop/ros2_ws/install/assignment2_custom_msg/share/assignment2_custom_msg/cmake/assignment2_custom_msg__rosidl_typesupport_introspection_cExport.cmake
[11.381s] -- Installing: /home/hani/Desktop/ros2_ws/install/assignment2_custom_msg/share/assignment2_custom_msg/cmake/assignment2_custom_msg__rosidl_typesupport_introspection_cExport-noconfig.cmake
[11.381s] -- Installing: /home/hani/Desktop/ros2_ws/install/assignment2_custom_msg/share/assignment2_custom_msg/cmake/assignment2_custom_msg__rosidl_typesupport_cExport.cmake
[11.381s] -- Installing: /home/hani/Desktop/ros2_ws/install/assignment2_custom_msg/share/assignment2_custom_msg/cmake/assignment2_custom_msg__rosidl_typesupport_cExport-noconfig.cmake
[11.382s] -- Installing: /home/hani/Desktop/ros2_ws/install/assignment2_custom_msg/share/assignment2_custom_msg/cmake/export_assignment2_custom_msg__rosidl_generator_cppExport.cmake
[11.382s] -- Installing: /home/hani/Desktop/ros2_ws/install/assignment2_custom_msg/share/assignment2_custom_msg/cmake/export_assignment2_custom_msg__rosidl_typesupport_fastrtps_cppExport.cmake
[11.382s] -- Installing: /home/hani/Desktop/ros2_ws/install/assignment2_custom_msg/share/assignment2_custom_msg/cmake/export_assignment2_custom_msg__rosidl_typesupport_fastrtps_cppExport-noconfig.cmake
[11.382s] -- Installing: /home/hani/Desktop/ros2_ws/install/assignment2_custom_msg/share/assignment2_custom_msg/cmake/assignment2_custom_msg__rosidl_typesupport_introspection_cppExport.cmake
[11.383s] -- Installing: /home/hani/Desktop/ros2_ws/install/assignment2_custom_msg/share/assignment2_custom_msg/cmake/assignment2_custom_msg__rosidl_typesupport_introspection_cppExport-noconfig.cmake
[11.383s] -- Installing: /home/hani/Desktop/ros2_ws/install/assignment2_custom_msg/share/assignment2_custom_msg/cmake/assignment2_custom_msg__rosidl_typesupport_cppExport.cmake
[11.383s] -- Installing: /home/hani/Desktop/ros2_ws/install/assignment2_custom_msg/share/assignment2_custom_msg/cmake/assignment2_custom_msg__rosidl_typesupport_cppExport-noconfig.cmake
[11.384s] -- Installing: /home/hani/Desktop/ros2_ws/install/assignment2_custom_msg/share/assignment2_custom_msg/cmake/export_assignment2_custom_msg__rosidl_generator_pyExport.cmake
[11.384s] -- Installing: /home/hani/Desktop/ros2_ws/install/assignment2_custom_msg/share/assignment2_custom_msg/cmake/export_assignment2_custom_msg__rosidl_generator_pyExport-noconfig.cmake
[11.384s] -- Installing: /home/hani/Desktop/ros2_ws/install/assignment2_custom_msg/share/assignment2_custom_msg/cmake/rosidl_cmake-extras.cmake
[11.385s] -- Installing: /home/hani/Desktop/ros2_ws/install/assignment2_custom_msg/share/assignment2_custom_msg/cmake/ament_cmake_export_dependencies-extras.cmake
[11.385s] -- Installing: /home/hani/Desktop/ros2_ws/install/assignment2_custom_msg/share/assignment2_custom_msg/cmake/ament_cmake_export_include_directories-extras.cmake
[11.385s] -- Installing: /home/hani/Desktop/ros2_ws/install/assignment2_custom_msg/share/assignment2_custom_msg/cmake/ament_cmake_export_libraries-extras.cmake
[11.385s] -- Installing: /home/hani/Desktop/ros2_ws/install/assignment2_custom_msg/share/assignment2_custom_msg/cmake/ament_cmake_export_targets-extras.cmake
[11.386s] -- Installing: /home/hani/Desktop/ros2_ws/install/assignment2_custom_msg/share/assignment2_custom_msg/cmake/rosidl_cmake_export_typesupport_targets-extras.cmake
[11.386s] -- Installing: /home/hani/Desktop/ros2_ws/install/assignment2_custom_msg/share/assignment2_custom_msg/cmake/rosidl_cmake_export_typesupport_libraries-extras.cmake
[11.386s] -- Installing: /home/hani/Desktop/ros2_ws/install/assignment2_custom_msg/share/assignment2_custom_msg/cmake/assignment2_custom_msgConfig.cmake
[11.387s] -- Installing: /home/hani/Desktop/ros2_ws/install/assignment2_custom_msg/share/assignment2_custom_msg/cmake/assignment2_custom_msgConfig-version.cmake
[11.387s] -- Installing: /home/hani/Desktop/ros2_ws/install/assignment2_custom_msg/share/assignment2_custom_msg/package.xml
[11.391s] Invoked command in '/home/hani/Desktop/ros2_ws/build/assignment2_custom_msg' returned '0': CMAKE_PREFIX_PATH=${CMAKE_PREFIX_PATH}:/opt/ros/jazzy DEBUGINFOD_URLS=https://debuginfod.ubuntu.com /usr/bin/cmake --install /home/hani/Desktop/ros2_ws/build/assignment2_custom_msg
