[0.018s] Invoking command in '/home/hani/Desktop/ros2_ws/build/bme_gazebo_sensors': CMAKE_PREFIX_PATH=${CMAKE_PREFIX_PATH}:/home/hani/Desktop/ros2_ws/install/assignment2_rt:/opt/ros/jazzy DEBUGINFOD_URLS=https://debuginfod.ubuntu.com /usr/bin/cmake /home/hani/Desktop/ros2_ws/src/bme_gazebo_sensors -DCMAKE_INSTALL_PREFIX=/home/hani/Desktop/ros2_ws/install/bme_gazebo_sensors
[0.122s] -- The C compiler identification is GNU 13.3.0
[0.248s] -- The CXX compiler identification is GNU 13.3.0
[0.283s] -- Detecting C compiler ABI info
[0.472s] -- Detecting C compiler ABI info - done
[0.498s] -- Check for working C compiler: /usr/bin/cc - skipped
[0.499s] -- Detecting C compile features
[0.499s] -- Detecting C compile features - done
[0.518s] -- Detecting CXX compiler ABI info
[0.767s] -- Detecting CXX compiler ABI info - done
[0.798s] -- Check for working CXX compiler: /usr/bin/c++ - skipped
[0.799s] -- Detecting CXX compile features
[0.801s] -- Detecting CXX compile features - done
[0.811s] -- Found ament_cmake: 2.5.4 (/opt/ros/jazzy/share/ament_cmake/cmake)
[1.102s] -- Found Python3: /usr/bin/python3 (found version "3.12.3") found components: Interpreter 
[1.342s] -- Found ament_lint_auto: 0.17.3 (/opt/ros/jazzy/share/ament_lint_auto/cmake)
[1.574s] -- Added test 'flake8' to check Python code syntax and style conventions
[1.574s] -- Configured 'flake8' exclude dirs and/or files: 
[1.577s] -- Added test 'lint_cmake' to check CMake code style
[1.579s] -- Added test 'pep257' to check Python code against some of the docstring style conventions in PEP 257
[1.586s] -- Added test 'xmllint' to check XML markup files
[1.590s] -- Configuring done (1.6s)
[1.597s] -- Generating done (0.0s)
[1.601s] -- Build files have been written to: /home/hani/Desktop/ros2_ws/build/bme_gazebo_sensors
[1.609s] Invoked command in '/home/hani/Desktop/ros2_ws/build/bme_gazebo_sensors' returned '0': CMAKE_PREFIX_PATH=${CMAKE_PREFIX_PATH}:/home/hani/Desktop/ros2_ws/install/assignment2_rt:/opt/ros/jazzy DEBUGINFOD_URLS=https://debuginfod.ubuntu.com /usr/bin/cmake /home/hani/Desktop/ros2_ws/src/bme_gazebo_sensors -DCMAKE_INSTALL_PREFIX=/home/hani/Desktop/ros2_ws/install/bme_gazebo_sensors
[1.612s] Invoking command in '/home/hani/Desktop/ros2_ws/build/bme_gazebo_sensors': CMAKE_PREFIX_PATH=${CMAKE_PREFIX_PATH}:/home/hani/Desktop/ros2_ws/install/assignment2_rt:/opt/ros/jazzy DEBUGINFOD_URLS=https://debuginfod.ubuntu.com /usr/bin/cmake --build /home/hani/Desktop/ros2_ws/build/bme_gazebo_sensors -- -j8 -l8
[1.680s] Invoked command in '/home/hani/Desktop/ros2_ws/build/bme_gazebo_sensors' returned '0': CMAKE_PREFIX_PATH=${CMAKE_PREFIX_PATH}:/home/hani/Desktop/ros2_ws/install/assignment2_rt:/opt/ros/jazzy DEBUGINFOD_URLS=https://debuginfod.ubuntu.com /usr/bin/cmake --build /home/hani/Desktop/ros2_ws/build/bme_gazebo_sensors -- -j8 -l8
[1.700s] Invoking command in '/home/hani/Desktop/ros2_ws/build/bme_gazebo_sensors': CMAKE_PREFIX_PATH=${CMAKE_PREFIX_PATH}:/home/hani/Desktop/ros2_ws/install/assignment2_rt:/opt/ros/jazzy DEBUGINFOD_URLS=https://debuginfod.ubuntu.com /usr/bin/cmake --install /home/hani/Desktop/ros2_ws/build/bme_gazebo_sensors
[1.714s] -- Install configuration: ""
[1.714s] -- Installing: /home/hani/Desktop/ros2_ws/install/bme_gazebo_sensors/share/bme_gazebo_sensors/launch
[1.715s] -- Installing: /home/hani/Desktop/ros2_ws/install/bme_gazebo_sensors/share/bme_gazebo_sensors/launch/world.launch.py
[1.715s] -- Installing: /home/hani/Desktop/ros2_ws/install/bme_gazebo_sensors/share/bme_gazebo_sensors/launch/spawn_robot.launch.py
[1.715s] -- Installing: /home/hani/Desktop/ros2_ws/install/bme_gazebo_sensors/share/bme_gazebo_sensors/worlds
[1.715s] -- Installing: /home/hani/Desktop/ros2_ws/install/bme_gazebo_sensors/share/bme_gazebo_sensors/worlds/world.sdf
[1.716s] -- Installing: /home/hani/Desktop/ros2_ws/install/bme_gazebo_sensors/share/bme_gazebo_sensors/worlds/my.sdf
[1.716s] -- Installing: /home/hani/Desktop/ros2_ws/install/bme_gazebo_sensors/share/bme_gazebo_sensors/worlds/my_world.sdf
[1.716s] -- Installing: /home/hani/Desktop/ros2_ws/install/bme_gazebo_sensors/share/bme_gazebo_sensors/worlds/home.sdf
[1.716s] -- Installing: /home/hani/Desktop/ros2_ws/install/bme_gazebo_sensors/share/bme_gazebo_sensors/rviz
[1.716s] -- Installing: /home/hani/Desktop/ros2_ws/install/bme_gazebo_sensors/share/bme_gazebo_sensors/rviz/gps.rviz
[1.717s] -- Installing: /home/hani/Desktop/ros2_ws/install/bme_gazebo_sensors/share/bme_gazebo_sensors/rviz/urdf.rviz
[1.717s] -- Installing: /home/hani/Desktop/ros2_ws/install/bme_gazebo_sensors/share/bme_gazebo_sensors/rviz/rviz.rviz
[1.717s] -- Installing: /home/hani/Desktop/ros2_ws/install/bme_gazebo_sensors/share/bme_gazebo_sensors/urdf
[1.717s] -- Installing: /home/hani/Desktop/ros2_ws/install/bme_gazebo_sensors/share/bme_gazebo_sensors/urdf/mogi_bot.gazebo
[1.718s] -- Installing: /home/hani/Desktop/ros2_ws/install/bme_gazebo_sensors/share/bme_gazebo_sensors/urdf/materials.xacro
[1.718s] -- Installing: /home/hani/Desktop/ros2_ws/install/bme_gazebo_sensors/share/bme_gazebo_sensors/urdf/mogi_bot.urdf
[1.718s] -- Installing: /home/hani/Desktop/ros2_ws/install/bme_gazebo_sensors/share/bme_gazebo_sensors/meshes
[1.718s] -- Installing: /home/hani/Desktop/ros2_ws/install/bme_gazebo_sensors/share/bme_gazebo_sensors/meshes/mogi_bot.dae
[1.718s] -- Installing: /home/hani/Desktop/ros2_ws/install/bme_gazebo_sensors/share/bme_gazebo_sensors/meshes/lidar.dae
[1.719s] -- Installing: /home/hani/Desktop/ros2_ws/install/bme_gazebo_sensors/share/bme_gazebo_sensors/meshes/wheel.dae
[1.719s] -- Installing: /home/hani/Desktop/ros2_ws/install/bme_gazebo_sensors/share/bme_gazebo_sensors/config
[1.719s] -- Installing: /home/hani/Desktop/ros2_ws/install/bme_gazebo_sensors/share/bme_gazebo_sensors/config/ekf.yaml
[1.719s] -- Installing: /home/hani/Desktop/ros2_ws/install/bme_gazebo_sensors/share/ament_index/resource_index/package_run_dependencies/bme_gazebo_sensors
[1.720s] -- Installing: /home/hani/Desktop/ros2_ws/install/bme_gazebo_sensors/share/ament_index/resource_index/parent_prefix_path/bme_gazebo_sensors
[1.720s] -- Installing: /home/hani/Desktop/ros2_ws/install/bme_gazebo_sensors/share/bme_gazebo_sensors/environment/ament_prefix_path.sh
[1.720s] -- Installing: /home/hani/Desktop/ros2_ws/install/bme_gazebo_sensors/share/bme_gazebo_sensors/environment/ament_prefix_path.dsv
[1.721s] -- Installing: /home/hani/Desktop/ros2_ws/install/bme_gazebo_sensors/share/bme_gazebo_sensors/environment/path.sh
[1.721s] -- Installing: /home/hani/Desktop/ros2_ws/install/bme_gazebo_sensors/share/bme_gazebo_sensors/environment/path.dsv
[1.721s] -- Installing: /home/hani/Desktop/ros2_ws/install/bme_gazebo_sensors/share/bme_gazebo_sensors/local_setup.bash
[1.721s] -- Installing: /home/hani/Desktop/ros2_ws/install/bme_gazebo_sensors/share/bme_gazebo_sensors/local_setup.sh
[1.722s] -- Installing: /home/hani/Desktop/ros2_ws/install/bme_gazebo_sensors/share/bme_gazebo_sensors/local_setup.zsh
[1.722s] -- Installing: /home/hani/Desktop/ros2_ws/install/bme_gazebo_sensors/share/bme_gazebo_sensors/local_setup.dsv
[1.722s] -- Installing: /home/hani/Desktop/ros2_ws/install/bme_gazebo_sensors/share/bme_gazebo_sensors/package.dsv
[1.722s] -- Installing: /home/hani/Desktop/ros2_ws/install/bme_gazebo_sensors/share/ament_index/resource_index/packages/bme_gazebo_sensors
[1.722s] -- Installing: /home/hani/Desktop/ros2_ws/install/bme_gazebo_sensors/share/bme_gazebo_sensors/cmake/bme_gazebo_sensorsConfig.cmake
[1.723s] -- Installing: /home/hani/Desktop/ros2_ws/install/bme_gazebo_sensors/share/bme_gazebo_sensors/cmake/bme_gazebo_sensorsConfig-version.cmake
[1.723s] -- Installing: /home/hani/Desktop/ros2_ws/install/bme_gazebo_sensors/share/bme_gazebo_sensors/package.xml
[1.725s] Invoked command in '/home/hani/Desktop/ros2_ws/build/bme_gazebo_sensors' returned '0': CMAKE_PREFIX_PATH=${CMAKE_PREFIX_PATH}:/home/hani/Desktop/ros2_ws/install/assignment2_rt:/opt/ros/jazzy DEBUGINFOD_URLS=https://debuginfod.ubuntu.com /usr/bin/cmake --install /home/hani/Desktop/ros2_ws/build/bme_gazebo_sensors
