[0.017s] Invoking command in '/home/hani/Desktop/ros2_ws/build/assignment2_custom_msg': CMAKE_PREFIX_PATH=${CMAKE_PREFIX_PATH}:/opt/ros/jazzy DEBUGINFOD_URLS=https://debuginfod.ubuntu.com /usr/bin/cmake /home/hani/Desktop/ros2_ws/assignment2_custom_msg -DCMAKE_INSTALL_PREFIX=/home/hani/Desktop/ros2_ws/install/assignment2_custom_msg
[0.323s] -- The C compiler identification is GNU 13.3.0
[0.637s] -- The CXX compiler identification is GNU 13.3.0
[0.716s] -- Detecting C compiler ABI info
[1.065s] -- Detecting C compiler ABI info - done
[1.113s] -- Check for working C compiler: /usr/bin/cc - skipped
[1.119s] -- Detecting C compile features
[1.122s] -- Detecting C compile features - done
[1.158s] -- Detecting CXX compiler ABI info
[1.472s] -- Detecting CXX compiler ABI info - done
[1.491s] -- Check for working CXX compiler: /usr/bin/c++ - skipped
[1.492s] -- Detecting CXX compile features
[1.492s] -- Detecting CXX compile features - done
[1.501s] -- Found ament_cmake: 2.5.4 (/opt/ros/jazzy/share/ament_cmake/cmake)
[1.839s] -- Found Python3: /usr/bin/python3 (found version "3.12.3") found components: Interpreter 
[2.187s] [31mCMake Error at CMakeLists.txt:10 (find_package):
[2.188s]   By not providing "Findrosidl_default_genertaors.cmake" in CMAKE_MODULE_PATH
[2.188s]   this project has asked CMake to find a package configuration file provided
[2.188s]   by "rosidl_default_genertaors", but CMake did not find one.
[2.189s] 
[2.189s]   Could not find a package configuration file provided by
[2.189s]   "rosidl_default_genertaors" with any of the following names:
[2.189s] 
[2.190s]     rosidl_default_genertaorsConfig.cmake
[2.190s]     rosidl_default_genertaors-config.cmake
[2.190s] 
[2.191s]   Add the installation prefix of "rosidl_default_genertaors" to
[2.191s]   CMAKE_PREFIX_PATH or set "rosidl_default_genertaors_DIR" to a directory
[2.191s]   containing one of the above files.  If "rosidl_default_genertaors" provides
[2.191s]   a separate development package or SDK, be sure it has been installed.
[2.192s] 
[2.192s] [0m
[2.192s] -- Configuring incomplete, errors occurred!
[2.203s] Invoked command in '/home/hani/Desktop/ros2_ws/build/assignment2_custom_msg' returned '1': CMAKE_PREFIX_PATH=${CMAKE_PREFIX_PATH}:/opt/ros/jazzy DEBUGINFOD_URLS=https://debuginfod.ubuntu.com /usr/bin/cmake /home/hani/Desktop/ros2_ws/assignment2_custom_msg -DCMAKE_INSTALL_PREFIX=/home/hani/Desktop/ros2_ws/install/assignment2_custom_msg
