-- The C compiler identification is GNU 13.3.0
-- The CXX compiler identification is GNU 13.3.0
-- Detecting C compiler ABI info
-- Detecting C compiler ABI info - done
-- Check for working C compiler: /usr/bin/cc - skipped
-- Detecting C compile features
-- Detecting C compile features - done
-- Detecting CXX compiler ABI info
-- Detecting CXX compiler ABI info - done
-- Check for working CXX compiler: /usr/bin/c++ - skipped
-- Detecting CXX compile features
-- Detecting CXX compile features - done
-- Found ament_cmake: 2.5.4 (/opt/ros/jazzy/share/ament_cmake/cmake)
-- Found Python3: /usr/bin/python3 (found version "3.12.3") found components: Interpreter 
-- Found rosidl_default_generators: 1.6.0 (/opt/ros/jazzy/share/rosidl_default_generators/cmake)
-- Using all available rosidl_typesupport_c: rosidl_typesupport_fastrtps_c;rosidl_typesupport_introspection_c
-- Using all available rosidl_typesupport_cpp: rosidl_typesupport_fastrtps_cpp;rosidl_typesupport_introspection_cpp
-- Found rosidl_adapter: 4.6.6 (/opt/ros/jazzy/share/rosidl_adapter/cmake)
-- Found ament_cmake_ros: 0.12.0 (/opt/ros/jazzy/share/ament_cmake_ros/cmake)
-- Using all available rosidl_typesupport_c: rosidl_typesupport_fastrtps_c;rosidl_typesupport_introspection_c
-- Using all available rosidl_typesupport_cpp: rosidl_typesupport_fastrtps_cpp;rosidl_typesupport_introspection_cpp
-- Found python_cmake_module: 0.11.1 (/opt/ros/jazzy/share/python_cmake_module/cmake)
-- Found PythonExtra: /usr/bin/python3  
-- Found Python3: /usr/bin/python3 (found version "3.12.3") found components: Interpreter Development NumPy Development.Module Development.Embed 
-- Configuring done (6.4s)
-- Generating done (0.1s)
-- Build files have been written to: /home/hani/Desktop/ros2_ws/build/assignment2_custom_msg
[  1%] [34m[1mGenerating type hashes for ROS interfaces[0m
[  1%] Built target ament_cmake_python_copy_assignment2_custom_msg
[  1%] Built target assignment2_custom_msg__rosidl_generator_type_description
[  3%] [34m[1mGenerating C code for ROS interfaces[0m
[  5%] [34m[1mGenerating C++ code for ROS interfaces[0m
running egg_info
creating assignment2_custom_msg.egg-info
writing assignment2_custom_msg.egg-info/PKG-INFO
writing dependency_links to assignment2_custom_msg.egg-info/dependency_links.txt
writing top-level names to assignment2_custom_msg.egg-info/top_level.txt
writing manifest file 'assignment2_custom_msg.egg-info/SOURCES.txt'
reading manifest file 'assignment2_custom_msg.egg-info/SOURCES.txt'
writing manifest file 'assignment2_custom_msg.egg-info/SOURCES.txt'
[  5%] Built target ament_cmake_python_build_assignment2_custom_msg_egg
[  5%] Built target assignment2_custom_msg__cpp
[  9%] [32mBuilding C object CMakeFiles/assignment2_custom_msg__rosidl_generator_c.dir/rosidl_generator_c/assignment2_custom_msg/msg/detail/obstacle_info__functions.c.o[0m
[  9%] [32mBuilding C object CMakeFiles/assignment2_custom_msg__rosidl_generator_c.dir/rosidl_generator_c/assignment2_custom_msg/msg/detail/obstacle_info__description.c.o[0m
[ 11%] [32mBuilding C object CMakeFiles/assignment2_custom_msg__rosidl_generator_c.dir/rosidl_generator_c/assignment2_custom_msg/msg/detail/obstacle_info__type_support.c.o[0m
[ 12%] [32mBuilding C object CMakeFiles/assignment2_custom_msg__rosidl_generator_c.dir/rosidl_generator_c/assignment2_custom_msg/srv/detail/set_threshold__description.c.o[0m
[ 16%] [32mBuilding C object CMakeFiles/assignment2_custom_msg__rosidl_generator_c.dir/rosidl_generator_c/assignment2_custom_msg/srv/detail/get_last_velocity__description.c.o[0m
[ 18%] [32mBuilding C object CMakeFiles/assignment2_custom_msg__rosidl_generator_c.dir/rosidl_generator_c/assignment2_custom_msg/srv/detail/get_last_velocity__functions.c.o[0m
[ 14%] [32mBuilding C object CMakeFiles/assignment2_custom_msg__rosidl_generator_c.dir/rosidl_generator_c/assignment2_custom_msg/srv/detail/set_threshold__functions.c.o[0m
[ 20%] [32mBuilding C object CMakeFiles/assignment2_custom_msg__rosidl_generator_c.dir/rosidl_generator_c/assignment2_custom_msg/srv/detail/set_threshold__type_support.c.o[0m
[ 22%] [32mBuilding C object CMakeFiles/assignment2_custom_msg__rosidl_generator_c.dir/rosidl_generator_c/assignment2_custom_msg/srv/detail/get_last_velocity__type_support.c.o[0m
[ 24%] [32m[1mLinking C shared library libassignment2_custom_msg__rosidl_generator_c.so[0m
[ 24%] Built target assignment2_custom_msg__rosidl_generator_c
[ 25%] [34m[1mGenerating C++ type support for eProsima Fast-RTPS[0m
[ 27%] [34m[1mGenerating C++ type support dispatch for ROS interfaces[0m
[ 31%] [34m[1mGenerating C introspection for ROS interfaces[0m
[ 31%] [34m[1mGenerating C type support for eProsima Fast-RTPS[0m
[ 33%] [34m[1mGenerating C type support dispatch for ROS interfaces[0m
[ 35%] [34m[1mGenerating C++ introspection for ROS interfaces[0m
[ 38%] [32mBuilding CXX object CMakeFiles/assignment2_custom_msg__rosidl_typesupport_c.dir/rosidl_typesupport_c/assignment2_custom_msg/msg/obstacle_info__type_support.cpp.o[0m
[ 38%] [32mBuilding CXX object CMakeFiles/assignment2_custom_msg__rosidl_typesupport_c.dir/rosidl_typesupport_c/assignment2_custom_msg/srv/get_last_velocity__type_support.cpp.o[0m
[ 40%] [32mBuilding CXX object CMakeFiles/assignment2_custom_msg__rosidl_typesupport_c.dir/rosidl_typesupport_c/assignment2_custom_msg/srv/set_threshold__type_support.cpp.o[0m
[ 42%] [32m[1mLinking CXX shared library libassignment2_custom_msg__rosidl_typesupport_c.so[0m
[ 46%] [32mBuilding CXX object CMakeFiles/assignment2_custom_msg__rosidl_typesupport_cpp.dir/rosidl_typesupport_cpp/assignment2_custom_msg/srv/get_last_velocity__type_support.cpp.o[0m
[ 46%] [32mBuilding CXX object CMakeFiles/assignment2_custom_msg__rosidl_typesupport_cpp.dir/rosidl_typesupport_cpp/assignment2_custom_msg/srv/set_threshold__type_support.cpp.o[0m
[ 48%] [32mBuilding CXX object CMakeFiles/assignment2_custom_msg__rosidl_typesupport_cpp.dir/rosidl_typesupport_cpp/assignment2_custom_msg/msg/obstacle_info__type_support.cpp.o[0m
[ 48%] Built target assignment2_custom_msg__rosidl_typesupport_c
[ 50%] [32mBuilding CXX object CMakeFiles/assignment2_custom_msg__rosidl_typesupport_introspection_cpp.dir/rosidl_typesupport_introspection_cpp/assignment2_custom_msg/msg/detail/obstacle_info__type_support.cpp.o[0m
[ 51%] [32mBuilding CXX object CMakeFiles/assignment2_custom_msg__rosidl_typesupport_introspection_cpp.dir/rosidl_typesupport_introspection_cpp/assignment2_custom_msg/srv/detail/set_threshold__type_support.cpp.o[0m
[ 53%] [32mBuilding C object CMakeFiles/assignment2_custom_msg__rosidl_typesupport_introspection_c.dir/rosidl_typesupport_introspection_c/assignment2_custom_msg/msg/detail/obstacle_info__type_support.c.o[0m
[ 55%] [32mBuilding C object CMakeFiles/assignment2_custom_msg__rosidl_typesupport_introspection_c.dir/rosidl_typesupport_introspection_c/assignment2_custom_msg/srv/detail/set_threshold__type_support.c.o[0m
[ 57%] [32mBuilding CXX object CMakeFiles/assignment2_custom_msg__rosidl_typesupport_fastrtps_cpp.dir/rosidl_typesupport_fastrtps_cpp/assignment2_custom_msg/msg/detail/dds_fastrtps/obstacle_info__type_support.cpp.o[0m
[ 59%] [32mBuilding C object CMakeFiles/assignment2_custom_msg__rosidl_typesupport_introspection_c.dir/rosidl_typesupport_introspection_c/assignment2_custom_msg/srv/detail/get_last_velocity__type_support.c.o[0m
[ 61%] [32m[1mLinking C shared library libassignment2_custom_msg__rosidl_typesupport_introspection_c.so[0m
[ 62%] [32mBuilding CXX object CMakeFiles/assignment2_custom_msg__rosidl_typesupport_fastrtps_c.dir/rosidl_typesupport_fastrtps_c/assignment2_custom_msg/msg/detail/obstacle_info__type_support_c.cpp.o[0m
[ 62%] Built target assignment2_custom_msg__rosidl_typesupport_introspection_c
[ 64%] [32mBuilding CXX object CMakeFiles/assignment2_custom_msg__rosidl_typesupport_fastrtps_cpp.dir/rosidl_typesupport_fastrtps_cpp/assignment2_custom_msg/srv/detail/dds_fastrtps/set_threshold__type_support.cpp.o[0m
[ 66%] [32mBuilding CXX object CMakeFiles/assignment2_custom_msg__rosidl_typesupport_fastrtps_cpp.dir/rosidl_typesupport_fastrtps_cpp/assignment2_custom_msg/srv/detail/dds_fastrtps/get_last_velocity__type_support.cpp.o[0m
[ 68%] [32mBuilding CXX object CMakeFiles/assignment2_custom_msg__rosidl_typesupport_introspection_cpp.dir/rosidl_typesupport_introspection_cpp/assignment2_custom_msg/srv/detail/get_last_velocity__type_support.cpp.o[0m
[ 70%] [32m[1mLinking CXX shared library libassignment2_custom_msg__rosidl_typesupport_cpp.so[0m
[ 72%] [32mBuilding CXX object CMakeFiles/assignment2_custom_msg__rosidl_typesupport_fastrtps_c.dir/rosidl_typesupport_fastrtps_c/assignment2_custom_msg/srv/detail/set_threshold__type_support_c.cpp.o[0m
[ 72%] Built target assignment2_custom_msg__rosidl_typesupport_cpp
[ 74%] [32mBuilding CXX object CMakeFiles/assignment2_custom_msg__rosidl_typesupport_fastrtps_c.dir/rosidl_typesupport_fastrtps_c/assignment2_custom_msg/srv/detail/get_last_velocity__type_support_c.cpp.o[0m
[ 75%] [32m[1mLinking CXX shared library libassignment2_custom_msg__rosidl_typesupport_introspection_cpp.so[0m
[ 75%] Built target assignment2_custom_msg__rosidl_typesupport_introspection_cpp
[ 77%] [32m[1mLinking CXX shared library libassignment2_custom_msg__rosidl_typesupport_fastrtps_cpp.so[0m
[ 77%] Built target assignment2_custom_msg__rosidl_typesupport_fastrtps_cpp
[ 79%] [32m[1mLinking CXX shared library libassignment2_custom_msg__rosidl_typesupport_fastrtps_c.so[0m
[ 79%] Built target assignment2_custom_msg__rosidl_typesupport_fastrtps_c
[ 79%] Built target assignment2_custom_msg
[ 81%] [34m[1mGenerating Python code for ROS interfaces[0m
[ 81%] Built target assignment2_custom_msg__py
[ 87%] [32mBuilding C object CMakeFiles/assignment2_custom_msg__rosidl_generator_py.dir/rosidl_generator_py/assignment2_custom_msg/msg/_obstacle_info_s.c.o[0m
[ 87%] [32mBuilding C object CMakeFiles/assignment2_custom_msg__rosidl_generator_py.dir/rosidl_generator_py/assignment2_custom_msg/srv/_get_last_velocity_s.c.o[0m
[ 87%] [32mBuilding C object CMakeFiles/assignment2_custom_msg__rosidl_generator_py.dir/rosidl_generator_py/assignment2_custom_msg/srv/_set_threshold_s.c.o[0m
[ 88%] [32m[1mLinking C shared library libassignment2_custom_msg__rosidl_generator_py.so[0m
[ 88%] Built target assignment2_custom_msg__rosidl_generator_py
[ 90%] [32mBuilding C object CMakeFiles/assignment2_custom_msg_s__rosidl_typesupport_c.dir/rosidl_generator_py/assignment2_custom_msg/_assignment2_custom_msg_s.ep.rosidl_typesupport_c.c.o[0m
[ 94%] [32mBuilding C object CMakeFiles/assignment2_custom_msg_s__rosidl_typesupport_introspection_c.dir/rosidl_generator_py/assignment2_custom_msg/_assignment2_custom_msg_s.ep.rosidl_typesupport_introspection_c.c.o[0m
[ 94%] [32mBuilding C object CMakeFiles/assignment2_custom_msg_s__rosidl_typesupport_fastrtps_c.dir/rosidl_generator_py/assignment2_custom_msg/_assignment2_custom_msg_s.ep.rosidl_typesupport_fastrtps_c.c.o[0m
[ 96%] [32m[1mLinking C shared module rosidl_generator_py/assignment2_custom_msg/assignment2_custom_msg_s__rosidl_typesupport_c.so[0m
[ 98%] [32m[1mLinking C shared module rosidl_generator_py/assignment2_custom_msg/assignment2_custom_msg_s__rosidl_typesupport_introspection_c.so[0m
[100%] [32m[1mLinking C shared module rosidl_generator_py/assignment2_custom_msg/assignment2_custom_msg_s__rosidl_typesupport_fastrtps_c.so[0m
[100%] Built target assignment2_custom_msg_s__rosidl_typesupport_c
[100%] Built target assignment2_custom_msg_s__rosidl_typesupport_introspection_c
[100%] Built target assignment2_custom_msg_s__rosidl_typesupport_fastrtps_c
-- Install configuration: ""
-- Installing: /home/hani/Desktop/ros2_ws/install/assignment2_custom_msg/share/ament_index/resource_index/rosidl_interfaces/assignment2_custom_msg
-- Installing: /home/hani/Desktop/ros2_ws/install/assignment2_custom_msg/share/assignment2_custom_msg/msg/ObstacleInfo.json
-- Installing: /home/hani/Desktop/ros2_ws/install/assignment2_custom_msg/share/assignment2_custom_msg/srv/SetThreshold.json
-- Installing: /home/hani/Desktop/ros2_ws/install/assignment2_custom_msg/share/assignment2_custom_msg/srv/GetLastVelocity.json
-- Installing: /home/hani/Desktop/ros2_ws/install/assignment2_custom_msg/include/assignment2_custom_msg/assignment2_custom_msg
-- Installing: /home/hani/Desktop/ros2_ws/install/assignment2_custom_msg/include/assignment2_custom_msg/assignment2_custom_msg/msg
-- Installing: /home/hani/Desktop/ros2_ws/install/assignment2_custom_msg/include/assignment2_custom_msg/assignment2_custom_msg/msg/obstacle_info.h
-- Installing: /home/hani/Desktop/ros2_ws/install/assignment2_custom_msg/include/assignment2_custom_msg/assignment2_custom_msg/msg/rosidl_generator_c__visibility_control.h
-- Installing: /home/hani/Desktop/ros2_ws/install/assignment2_custom_msg/include/assignment2_custom_msg/assignment2_custom_msg/msg/detail
-- Installing: /home/hani/Desktop/ros2_ws/install/assignment2_custom_msg/include/assignment2_custom_msg/assignment2_custom_msg/msg/detail/obstacle_info__functions.h
-- Installing: /home/hani/Desktop/ros2_ws/install/assignment2_custom_msg/include/assignment2_custom_msg/assignment2_custom_msg/msg/detail/obstacle_info__type_support.h
-- Installing: /home/hani/Desktop/ros2_ws/install/assignment2_custom_msg/include/assignment2_custom_msg/assignment2_custom_msg/msg/detail/obstacle_info__struct.h
-- Installing: /home/hani/Desktop/ros2_ws/install/assignment2_custom_msg/include/assignment2_custom_msg/assignment2_custom_msg/msg/detail/obstacle_info__functions.c
-- Installing: /home/hani/Desktop/ros2_ws/install/assignment2_custom_msg/include/assignment2_custom_msg/assignment2_custom_msg/msg/detail/obstacle_info__description.c
-- Installing: /home/hani/Desktop/ros2_ws/install/assignment2_custom_msg/include/assignment2_custom_msg/assignment2_custom_msg/msg/detail/obstacle_info__type_support.c
-- Installing: /home/hani/Desktop/ros2_ws/install/assignment2_custom_msg/include/assignment2_custom_msg/assignment2_custom_msg/srv
-- Installing: /home/hani/Desktop/ros2_ws/install/assignment2_custom_msg/include/assignment2_custom_msg/assignment2_custom_msg/srv/get_last_velocity.h
-- Installing: /home/hani/Desktop/ros2_ws/install/assignment2_custom_msg/include/assignment2_custom_msg/assignment2_custom_msg/srv/set_threshold.h
-- Installing: /home/hani/Desktop/ros2_ws/install/assignment2_custom_msg/include/assignment2_custom_msg/assignment2_custom_msg/srv/detail
-- Installing: /home/hani/Desktop/ros2_ws/install/assignment2_custom_msg/include/assignment2_custom_msg/assignment2_custom_msg/srv/detail/set_threshold__description.c
-- Installing: /home/hani/Desktop/ros2_ws/install/assignment2_custom_msg/include/assignment2_custom_msg/assignment2_custom_msg/srv/detail/set_threshold__functions.h
-- Installing: /home/hani/Desktop/ros2_ws/install/assignment2_custom_msg/include/assignment2_custom_msg/assignment2_custom_msg/srv/detail/set_threshold__type_support.h
-- Installing: /home/hani/Desktop/ros2_ws/install/assignment2_custom_msg/include/assignment2_custom_msg/assignment2_custom_msg/srv/detail/get_last_velocity__functions.h
-- Installing: /home/hani/Desktop/ros2_ws/install/assignment2_custom_msg/include/assignment2_custom_msg/assignment2_custom_msg/srv/detail/set_threshold__functions.c
-- Installing: /home/hani/Desktop/ros2_ws/install/assignment2_custom_msg/include/assignment2_custom_msg/assignment2_custom_msg/srv/detail/set_threshold__type_support.c
-- Installing: /home/hani/Desktop/ros2_ws/install/assignment2_custom_msg/include/assignment2_custom_msg/assignment2_custom_msg/srv/detail/get_last_velocity__description.c
-- Installing: /home/hani/Desktop/ros2_ws/install/assignment2_custom_msg/include/assignment2_custom_msg/assignment2_custom_msg/srv/detail/get_last_velocity__functions.c
-- Installing: /home/hani/Desktop/ros2_ws/install/assignment2_custom_msg/include/assignment2_custom_msg/assignment2_custom_msg/srv/detail/get_last_velocity__struct.h
-- Installing: /home/hani/Desktop/ros2_ws/install/assignment2_custom_msg/include/assignment2_custom_msg/assignment2_custom_msg/srv/detail/set_threshold__struct.h
-- Installing: /home/hani/Desktop/ros2_ws/install/assignment2_custom_msg/include/assignment2_custom_msg/assignment2_custom_msg/srv/detail/get_last_velocity__type_support.c
-- Installing: /home/hani/Desktop/ros2_ws/install/assignment2_custom_msg/include/assignment2_custom_msg/assignment2_custom_msg/srv/detail/get_last_velocity__type_support.h
-- Installing: /home/hani/Desktop/ros2_ws/install/assignment2_custom_msg/share/assignment2_custom_msg/environment/library_path.sh
-- Installing: /home/hani/Desktop/ros2_ws/install/assignment2_custom_msg/share/assignment2_custom_msg/environment/library_path.dsv
-- Installing: /home/hani/Desktop/ros2_ws/install/assignment2_custom_msg/lib/libassignment2_custom_msg__rosidl_generator_c.so
-- Set non-toolchain portion of runtime path of "/home/hani/Desktop/ros2_ws/install/assignment2_custom_msg/lib/libassignment2_custom_msg__rosidl_generator_c.so" to ""
-- Up-to-date: /home/hani/Desktop/ros2_ws/install/assignment2_custom_msg/include/assignment2_custom_msg/assignment2_custom_msg
-- Up-to-date: /home/hani/Desktop/ros2_ws/install/assignment2_custom_msg/include/assignment2_custom_msg/assignment2_custom_msg/msg
-- Installing: /home/hani/Desktop/ros2_ws/install/assignment2_custom_msg/include/assignment2_custom_msg/assignment2_custom_msg/msg/rosidl_typesupport_fastrtps_c__visibility_control.h
-- Up-to-date: /home/hani/Desktop/ros2_ws/install/assignment2_custom_msg/include/assignment2_custom_msg/assignment2_custom_msg/msg/detail
-- Installing: /home/hani/Desktop/ros2_ws/install/assignment2_custom_msg/include/assignment2_custom_msg/assignment2_custom_msg/msg/detail/obstacle_info__rosidl_typesupport_fastrtps_c.h
-- Up-to-date: /home/hani/Desktop/ros2_ws/install/assignment2_custom_msg/include/assignment2_custom_msg/assignment2_custom_msg/srv
-- Up-to-date: /home/hani/Desktop/ros2_ws/install/assignment2_custom_msg/include/assignment2_custom_msg/assignment2_custom_msg/srv/detail
-- Installing: /home/hani/Desktop/ros2_ws/install/assignment2_custom_msg/include/assignment2_custom_msg/assignment2_custom_msg/srv/detail/set_threshold__rosidl_typesupport_fastrtps_c.h
-- Installing: /home/hani/Desktop/ros2_ws/install/assignment2_custom_msg/include/assignment2_custom_msg/assignment2_custom_msg/srv/detail/get_last_velocity__rosidl_typesupport_fastrtps_c.h
-- Installing: /home/hani/Desktop/ros2_ws/install/assignment2_custom_msg/lib/libassignment2_custom_msg__rosidl_typesupport_fastrtps_c.so
-- Set non-toolchain portion of runtime path of "/home/hani/Desktop/ros2_ws/install/assignment2_custom_msg/lib/libassignment2_custom_msg__rosidl_typesupport_fastrtps_c.so" to ""
-- Up-to-date: /home/hani/Desktop/ros2_ws/install/assignment2_custom_msg/include/assignment2_custom_msg/assignment2_custom_msg
-- Up-to-date: /home/hani/Desktop/ros2_ws/install/assignment2_custom_msg/include/assignment2_custom_msg/assignment2_custom_msg/msg
-- Up-to-date: /home/hani/Desktop/ros2_ws/install/assignment2_custom_msg/include/assignment2_custom_msg/assignment2_custom_msg/msg/detail
-- Installing: /home/hani/Desktop/ros2_ws/install/assignment2_custom_msg/include/assignment2_custom_msg/assignment2_custom_msg/msg/detail/obstacle_info__rosidl_typesupport_introspection_c.h
-- Installing: /home/hani/Desktop/ros2_ws/install/assignment2_custom_msg/include/assignment2_custom_msg/assignment2_custom_msg/msg/detail/obstacle_info__type_support.c
-- Installing: /home/hani/Desktop/ros2_ws/install/assignment2_custom_msg/include/assignment2_custom_msg/assignment2_custom_msg/msg/rosidl_typesupport_introspection_c__visibility_control.h
-- Up-to-date: /home/hani/Desktop/ros2_ws/install/assignment2_custom_msg/include/assignment2_custom_msg/assignment2_custom_msg/srv
-- Up-to-date: /home/hani/Desktop/ros2_ws/install/assignment2_custom_msg/include/assignment2_custom_msg/assignment2_custom_msg/srv/detail
-- Installing: /home/hani/Desktop/ros2_ws/install/assignment2_custom_msg/include/assignment2_custom_msg/assignment2_custom_msg/srv/detail/get_last_velocity__rosidl_typesupport_introspection_c.h
-- Installing: /home/hani/Desktop/ros2_ws/install/assignment2_custom_msg/include/assignment2_custom_msg/assignment2_custom_msg/srv/detail/set_threshold__rosidl_typesupport_introspection_c.h
-- Installing: /home/hani/Desktop/ros2_ws/install/assignment2_custom_msg/include/assignment2_custom_msg/assignment2_custom_msg/srv/detail/set_threshold__type_support.c
-- Installing: /home/hani/Desktop/ros2_ws/install/assignment2_custom_msg/include/assignment2_custom_msg/assignment2_custom_msg/srv/detail/get_last_velocity__type_support.c
-- Installing: /home/hani/Desktop/ros2_ws/install/assignment2_custom_msg/lib/libassignment2_custom_msg__rosidl_typesupport_introspection_c.so
-- Set non-toolchain portion of runtime path of "/home/hani/Desktop/ros2_ws/install/assignment2_custom_msg/lib/libassignment2_custom_msg__rosidl_typesupport_introspection_c.so" to ""
-- Installing: /home/hani/Desktop/ros2_ws/install/assignment2_custom_msg/lib/libassignment2_custom_msg__rosidl_typesupport_c.so
-- Set non-toolchain portion of runtime path of "/home/hani/Desktop/ros2_ws/install/assignment2_custom_msg/lib/libassignment2_custom_msg__rosidl_typesupport_c.so" to ""
-- Up-to-date: /home/hani/Desktop/ros2_ws/install/assignment2_custom_msg/include/assignment2_custom_msg/assignment2_custom_msg
-- Up-to-date: /home/hani/Desktop/ros2_ws/install/assignment2_custom_msg/include/assignment2_custom_msg/assignment2_custom_msg/msg
-- Installing: /home/hani/Desktop/ros2_ws/install/assignment2_custom_msg/include/assignment2_custom_msg/assignment2_custom_msg/msg/rosidl_generator_cpp__visibility_control.hpp
-- Installing: /home/hani/Desktop/ros2_ws/install/assignment2_custom_msg/include/assignment2_custom_msg/assignment2_custom_msg/msg/obstacle_info.hpp
-- Up-to-date: /home/hani/Desktop/ros2_ws/install/assignment2_custom_msg/include/assignment2_custom_msg/assignment2_custom_msg/msg/detail
-- Installing: /home/hani/Desktop/ros2_ws/install/assignment2_custom_msg/include/assignment2_custom_msg/assignment2_custom_msg/msg/detail/obstacle_info__struct.hpp
-- Installing: /home/hani/Desktop/ros2_ws/install/assignment2_custom_msg/include/assignment2_custom_msg/assignment2_custom_msg/msg/detail/obstacle_info__builder.hpp
-- Installing: /home/hani/Desktop/ros2_ws/install/assignment2_custom_msg/include/assignment2_custom_msg/assignment2_custom_msg/msg/detail/obstacle_info__traits.hpp
-- Installing: /home/hani/Desktop/ros2_ws/install/assignment2_custom_msg/include/assignment2_custom_msg/assignment2_custom_msg/msg/detail/obstacle_info__type_support.hpp
-- Up-to-date: /home/hani/Desktop/ros2_ws/install/assignment2_custom_msg/include/assignment2_custom_msg/assignment2_custom_msg/srv
-- Installing: /home/hani/Desktop/ros2_ws/install/assignment2_custom_msg/include/assignment2_custom_msg/assignment2_custom_msg/srv/get_last_velocity.hpp
-- Up-to-date: /home/hani/Desktop/ros2_ws/install/assignment2_custom_msg/include/assignment2_custom_msg/assignment2_custom_msg/srv/detail
-- Installing: /home/hani/Desktop/ros2_ws/install/assignment2_custom_msg/include/assignment2_custom_msg/assignment2_custom_msg/srv/detail/get_last_velocity__traits.hpp
-- Installing: /home/hani/Desktop/ros2_ws/install/assignment2_custom_msg/include/assignment2_custom_msg/assignment2_custom_msg/srv/detail/get_last_velocity__builder.hpp
-- Installing: /home/hani/Desktop/ros2_ws/install/assignment2_custom_msg/include/assignment2_custom_msg/assignment2_custom_msg/srv/detail/set_threshold__builder.hpp
-- Installing: /home/hani/Desktop/ros2_ws/install/assignment2_custom_msg/include/assignment2_custom_msg/assignment2_custom_msg/srv/detail/set_threshold__type_support.hpp
-- Installing: /home/hani/Desktop/ros2_ws/install/assignment2_custom_msg/include/assignment2_custom_msg/assignment2_custom_msg/srv/detail/set_threshold__struct.hpp
-- Installing: /home/hani/Desktop/ros2_ws/install/assignment2_custom_msg/include/assignment2_custom_msg/assignment2_custom_msg/srv/detail/set_threshold__traits.hpp
-- Installing: /home/hani/Desktop/ros2_ws/install/assignment2_custom_msg/include/assignment2_custom_msg/assignment2_custom_msg/srv/detail/get_last_velocity__type_support.hpp
-- Installing: /home/hani/Desktop/ros2_ws/install/assignment2_custom_msg/include/assignment2_custom_msg/assignment2_custom_msg/srv/detail/get_last_velocity__struct.hpp
-- Installing: /home/hani/Desktop/ros2_ws/install/assignment2_custom_msg/include/assignment2_custom_msg/assignment2_custom_msg/srv/set_threshold.hpp
-- Up-to-date: /home/hani/Desktop/ros2_ws/install/assignment2_custom_msg/include/assignment2_custom_msg/assignment2_custom_msg
-- Up-to-date: /home/hani/Desktop/ros2_ws/install/assignment2_custom_msg/include/assignment2_custom_msg/assignment2_custom_msg/msg
-- Installing: /home/hani/Desktop/ros2_ws/install/assignment2_custom_msg/include/assignment2_custom_msg/assignment2_custom_msg/msg/rosidl_typesupport_fastrtps_cpp__visibility_control.h
-- Up-to-date: /home/hani/Desktop/ros2_ws/install/assignment2_custom_msg/include/assignment2_custom_msg/assignment2_custom_msg/msg/detail
-- Installing: /home/hani/Desktop/ros2_ws/install/assignment2_custom_msg/include/assignment2_custom_msg/assignment2_custom_msg/msg/detail/dds_fastrtps
-- Installing: /home/hani/Desktop/ros2_ws/install/assignment2_custom_msg/include/assignment2_custom_msg/assignment2_custom_msg/msg/detail/obstacle_info__rosidl_typesupport_fastrtps_cpp.hpp
-- Up-to-date: /home/hani/Desktop/ros2_ws/install/assignment2_custom_msg/include/assignment2_custom_msg/assignment2_custom_msg/srv
-- Up-to-date: /home/hani/Desktop/ros2_ws/install/assignment2_custom_msg/include/assignment2_custom_msg/assignment2_custom_msg/srv/detail
-- Installing: /home/hani/Desktop/ros2_ws/install/assignment2_custom_msg/include/assignment2_custom_msg/assignment2_custom_msg/srv/detail/dds_fastrtps
-- Installing: /home/hani/Desktop/ros2_ws/install/assignment2_custom_msg/include/assignment2_custom_msg/assignment2_custom_msg/srv/detail/get_last_velocity__rosidl_typesupport_fastrtps_cpp.hpp
-- Installing: /home/hani/Desktop/ros2_ws/install/assignment2_custom_msg/include/assignment2_custom_msg/assignment2_custom_msg/srv/detail/set_threshold__rosidl_typesupport_fastrtps_cpp.hpp
-- Installing: /home/hani/Desktop/ros2_ws/install/assignment2_custom_msg/lib/libassignment2_custom_msg__rosidl_typesupport_fastrtps_cpp.so
-- Set non-toolchain portion of runtime path of "/home/hani/Desktop/ros2_ws/install/assignment2_custom_msg/lib/libassignment2_custom_msg__rosidl_typesupport_fastrtps_cpp.so" to ""
-- Up-to-date: /home/hani/Desktop/ros2_ws/install/assignment2_custom_msg/include/assignment2_custom_msg/assignment2_custom_msg
-- Up-to-date: /home/hani/Desktop/ros2_ws/install/assignment2_custom_msg/include/assignment2_custom_msg/assignment2_custom_msg/msg
-- Up-to-date: /home/hani/Desktop/ros2_ws/install/assignment2_custom_msg/include/assignment2_custom_msg/assignment2_custom_msg/msg/detail
-- Installing: /home/hani/Desktop/ros2_ws/install/assignment2_custom_msg/include/assignment2_custom_msg/assignment2_custom_msg/msg/detail/obstacle_info__rosidl_typesupport_introspection_cpp.hpp
-- Installing: /home/hani/Desktop/ros2_ws/install/assignment2_custom_msg/include/assignment2_custom_msg/assignment2_custom_msg/msg/detail/obstacle_info__type_support.cpp
-- Up-to-date: /home/hani/Desktop/ros2_ws/install/assignment2_custom_msg/include/assignment2_custom_msg/assignment2_custom_msg/srv
-- Up-to-date: /home/hani/Desktop/ros2_ws/install/assignment2_custom_msg/include/assignment2_custom_msg/assignment2_custom_msg/srv/detail
-- Installing: /home/hani/Desktop/ros2_ws/install/assignment2_custom_msg/include/assignment2_custom_msg/assignment2_custom_msg/srv/detail/set_threshold__type_support.cpp
-- Installing: /home/hani/Desktop/ros2_ws/install/assignment2_custom_msg/include/assignment2_custom_msg/assignment2_custom_msg/srv/detail/get_last_velocity__type_support.cpp
-- Installing: /home/hani/Desktop/ros2_ws/install/assignment2_custom_msg/include/assignment2_custom_msg/assignment2_custom_msg/srv/detail/get_last_velocity__rosidl_typesupport_introspection_cpp.hpp
-- Installing: /home/hani/Desktop/ros2_ws/install/assignment2_custom_msg/include/assignment2_custom_msg/assignment2_custom_msg/srv/detail/set_threshold__rosidl_typesupport_introspection_cpp.hpp
-- Installing: /home/hani/Desktop/ros2_ws/install/assignment2_custom_msg/lib/libassignment2_custom_msg__rosidl_typesupport_introspection_cpp.so
-- Set non-toolchain portion of runtime path of "/home/hani/Desktop/ros2_ws/install/assignment2_custom_msg/lib/libassignment2_custom_msg__rosidl_typesupport_introspection_cpp.so" to ""
-- Installing: /home/hani/Desktop/ros2_ws/install/assignment2_custom_msg/lib/libassignment2_custom_msg__rosidl_typesupport_cpp.so
-- Set non-toolchain portion of runtime path of "/home/hani/Desktop/ros2_ws/install/assignment2_custom_msg/lib/libassignment2_custom_msg__rosidl_typesupport_cpp.so" to ""
-- Installing: /home/hani/Desktop/ros2_ws/install/assignment2_custom_msg/share/assignment2_custom_msg/environment/pythonpath.sh
-- Installing: /home/hani/Desktop/ros2_ws/install/assignment2_custom_msg/share/assignment2_custom_msg/environment/pythonpath.dsv
-- Installing: /home/hani/Desktop/ros2_ws/install/assignment2_custom_msg/lib/python3.12/site-packages/assignment2_custom_msg-0.0.0-py3.12.egg-info
-- Installing: /home/hani/Desktop/ros2_ws/install/assignment2_custom_msg/lib/python3.12/site-packages/assignment2_custom_msg-0.0.0-py3.12.egg-info/PKG-INFO
-- Installing: /home/hani/Desktop/ros2_ws/install/assignment2_custom_msg/lib/python3.12/site-packages/assignment2_custom_msg-0.0.0-py3.12.egg-info/dependency_links.txt
-- Installing: /home/hani/Desktop/ros2_ws/install/assignment2_custom_msg/lib/python3.12/site-packages/assignment2_custom_msg-0.0.0-py3.12.egg-info/top_level.txt
-- Installing: /home/hani/Desktop/ros2_ws/install/assignment2_custom_msg/lib/python3.12/site-packages/assignment2_custom_msg-0.0.0-py3.12.egg-info/SOURCES.txt
-- Installing: /home/hani/Desktop/ros2_ws/install/assignment2_custom_msg/lib/python3.12/site-packages/assignment2_custom_msg
-- Installing: /home/hani/Desktop/ros2_ws/install/assignment2_custom_msg/lib/python3.12/site-packages/assignment2_custom_msg/_assignment2_custom_msg_s.ep.rosidl_typesupport_introspection_c.c
-- Installing: /home/hani/Desktop/ros2_ws/install/assignment2_custom_msg/lib/python3.12/site-packages/assignment2_custom_msg/assignment2_custom_msg_s__rosidl_typesupport_fastrtps_c.so
-- Installing: /home/hani/Desktop/ros2_ws/install/assignment2_custom_msg/lib/python3.12/site-packages/assignment2_custom_msg/_assignment2_custom_msg_s.ep.rosidl_typesupport_fastrtps_c.c
-- Installing: /home/hani/Desktop/ros2_ws/install/assignment2_custom_msg/lib/python3.12/site-packages/assignment2_custom_msg/msg
-- Installing: /home/hani/Desktop/ros2_ws/install/assignment2_custom_msg/lib/python3.12/site-packages/assignment2_custom_msg/msg/_obstacle_info.py
-- Installing: /home/hani/Desktop/ros2_ws/install/assignment2_custom_msg/lib/python3.12/site-packages/assignment2_custom_msg/msg/_obstacle_info_s.c
-- Installing: /home/hani/Desktop/ros2_ws/install/assignment2_custom_msg/lib/python3.12/site-packages/assignment2_custom_msg/msg/__init__.py
-- Installing: /home/hani/Desktop/ros2_ws/install/assignment2_custom_msg/lib/python3.12/site-packages/assignment2_custom_msg/__init__.py
-- Installing: /home/hani/Desktop/ros2_ws/install/assignment2_custom_msg/lib/python3.12/site-packages/assignment2_custom_msg/srv
-- Installing: /home/hani/Desktop/ros2_ws/install/assignment2_custom_msg/lib/python3.12/site-packages/assignment2_custom_msg/srv/_set_threshold_s.c
-- Installing: /home/hani/Desktop/ros2_ws/install/assignment2_custom_msg/lib/python3.12/site-packages/assignment2_custom_msg/srv/__init__.py
-- Installing: /home/hani/Desktop/ros2_ws/install/assignment2_custom_msg/lib/python3.12/site-packages/assignment2_custom_msg/srv/_set_threshold.py
-- Installing: /home/hani/Desktop/ros2_ws/install/assignment2_custom_msg/lib/python3.12/site-packages/assignment2_custom_msg/srv/_get_last_velocity.py
-- Installing: /home/hani/Desktop/ros2_ws/install/assignment2_custom_msg/lib/python3.12/site-packages/assignment2_custom_msg/srv/_get_last_velocity_s.c
-- Installing: /home/hani/Desktop/ros2_ws/install/assignment2_custom_msg/lib/python3.12/site-packages/assignment2_custom_msg/assignment2_custom_msg_s__rosidl_typesupport_c.so
-- Installing: /home/hani/Desktop/ros2_ws/install/assignment2_custom_msg/lib/python3.12/site-packages/assignment2_custom_msg/assignment2_custom_msg_s__rosidl_typesupport_introspection_c.so
-- Installing: /home/hani/Desktop/ros2_ws/install/assignment2_custom_msg/lib/python3.12/site-packages/assignment2_custom_msg/_assignment2_custom_msg_s.ep.rosidl_typesupport_c.c
Listing '/home/hani/Desktop/ros2_ws/install/assignment2_custom_msg/lib/python3.12/site-packages/assignment2_custom_msg'...
Compiling '/home/hani/Desktop/ros2_ws/install/assignment2_custom_msg/lib/python3.12/site-packages/assignment2_custom_msg/__init__.py'...
Listing '/home/hani/Desktop/ros2_ws/install/assignment2_custom_msg/lib/python3.12/site-packages/assignment2_custom_msg/msg'...
Compiling '/home/hani/Desktop/ros2_ws/install/assignment2_custom_msg/lib/python3.12/site-packages/assignment2_custom_msg/msg/__init__.py'...
Compiling '/home/hani/Desktop/ros2_ws/install/assignment2_custom_msg/lib/python3.12/site-packages/assignment2_custom_msg/msg/_obstacle_info.py'...
Listing '/home/hani/Desktop/ros2_ws/install/assignment2_custom_msg/lib/python3.12/site-packages/assignment2_custom_msg/srv'...
Compiling '/home/hani/Desktop/ros2_ws/install/assignment2_custom_msg/lib/python3.12/site-packages/assignment2_custom_msg/srv/__init__.py'...
Compiling '/home/hani/Desktop/ros2_ws/install/assignment2_custom_msg/lib/python3.12/site-packages/assignment2_custom_msg/srv/_get_last_velocity.py'...
Compiling '/home/hani/Desktop/ros2_ws/install/assignment2_custom_msg/lib/python3.12/site-packages/assignment2_custom_msg/srv/_set_threshold.py'...
-- Installing: /home/hani/Desktop/ros2_ws/install/assignment2_custom_msg/lib/python3.12/site-packages/assignment2_custom_msg/assignment2_custom_msg_s__rosidl_typesupport_fastrtps_c.so
-- Set non-toolchain portion of runtime path of "/home/hani/Desktop/ros2_ws/install/assignment2_custom_msg/lib/python3.12/site-packages/assignment2_custom_msg/assignment2_custom_msg_s__rosidl_typesupport_fastrtps_c.so" to ""
-- Installing: /home/hani/Desktop/ros2_ws/install/assignment2_custom_msg/lib/python3.12/site-packages/assignment2_custom_msg/assignment2_custom_msg_s__rosidl_typesupport_introspection_c.so
-- Set non-toolchain portion of runtime path of "/home/hani/Desktop/ros2_ws/install/assignment2_custom_msg/lib/python3.12/site-packages/assignment2_custom_msg/assignment2_custom_msg_s__rosidl_typesupport_introspection_c.so" to ""
-- Installing: /home/hani/Desktop/ros2_ws/install/assignment2_custom_msg/lib/python3.12/site-packages/assignment2_custom_msg/assignment2_custom_msg_s__rosidl_typesupport_c.so
-- Set non-toolchain portion of runtime path of "/home/hani/Desktop/ros2_ws/install/assignment2_custom_msg/lib/python3.12/site-packages/assignment2_custom_msg/assignment2_custom_msg_s__rosidl_typesupport_c.so" to ""
-- Installing: /home/hani/Desktop/ros2_ws/install/assignment2_custom_msg/lib/libassignment2_custom_msg__rosidl_generator_py.so
-- Set non-toolchain portion of runtime path of "/home/hani/Desktop/ros2_ws/install/assignment2_custom_msg/lib/libassignment2_custom_msg__rosidl_generator_py.so" to ""
-- Installing: /home/hani/Desktop/ros2_ws/install/assignment2_custom_msg/share/assignment2_custom_msg/msg/ObstacleInfo.idl
-- Installing: /home/hani/Desktop/ros2_ws/install/assignment2_custom_msg/share/assignment2_custom_msg/srv/SetThreshold.idl
-- Installing: /home/hani/Desktop/ros2_ws/install/assignment2_custom_msg/share/assignment2_custom_msg/srv/GetLastVelocity.idl
-- Installing: /home/hani/Desktop/ros2_ws/install/assignment2_custom_msg/share/assignment2_custom_msg/msg/ObstacleInfo.msg
-- Installing: /home/hani/Desktop/ros2_ws/install/assignment2_custom_msg/share/assignment2_custom_msg/srv/SetThreshold.srv
-- Installing: /home/hani/Desktop/ros2_ws/install/assignment2_custom_msg/share/assignment2_custom_msg/srv/GetLastVelocity.srv
-- Installing: /home/hani/Desktop/ros2_ws/install/assignment2_custom_msg/share/ament_index/resource_index/package_run_dependencies/assignment2_custom_msg
-- Installing: /home/hani/Desktop/ros2_ws/install/assignment2_custom_msg/share/ament_index/resource_index/parent_prefix_path/assignment2_custom_msg
-- Installing: /home/hani/Desktop/ros2_ws/install/assignment2_custom_msg/share/assignment2_custom_msg/environment/ament_prefix_path.sh
-- Installing: /home/hani/Desktop/ros2_ws/install/assignment2_custom_msg/share/assignment2_custom_msg/environment/ament_prefix_path.dsv
-- Installing: /home/hani/Desktop/ros2_ws/install/assignment2_custom_msg/share/assignment2_custom_msg/environment/path.sh
-- Installing: /home/hani/Desktop/ros2_ws/install/assignment2_custom_msg/share/assignment2_custom_msg/environment/path.dsv
-- Installing: /home/hani/Desktop/ros2_ws/install/assignment2_custom_msg/share/assignment2_custom_msg/local_setup.bash
-- Installing: /home/hani/Desktop/ros2_ws/install/assignment2_custom_msg/share/assignment2_custom_msg/local_setup.sh
-- Installing: /home/hani/Desktop/ros2_ws/install/assignment2_custom_msg/share/assignment2_custom_msg/local_setup.zsh
-- Installing: /home/hani/Desktop/ros2_ws/install/assignment2_custom_msg/share/assignment2_custom_msg/local_setup.dsv
-- Installing: /home/hani/Desktop/ros2_ws/install/assignment2_custom_msg/share/assignment2_custom_msg/package.dsv
-- Installing: /home/hani/Desktop/ros2_ws/install/assignment2_custom_msg/share/ament_index/resource_index/packages/assignment2_custom_msg
-- Installing: /home/hani/Desktop/ros2_ws/install/assignment2_custom_msg/share/assignment2_custom_msg/cmake/export_assignment2_custom_msg__rosidl_generator_cExport.cmake
-- Installing: /home/hani/Desktop/ros2_ws/install/assignment2_custom_msg/share/assignment2_custom_msg/cmake/export_assignment2_custom_msg__rosidl_generator_cExport-noconfig.cmake
-- Installing: /home/hani/Desktop/ros2_ws/install/assignment2_custom_msg/share/assignment2_custom_msg/cmake/export_assignment2_custom_msg__rosidl_typesupport_fastrtps_cExport.cmake
-- Installing: /home/hani/Desktop/ros2_ws/install/assignment2_custom_msg/share/assignment2_custom_msg/cmake/export_assignment2_custom_msg__rosidl_typesupport_fastrtps_cExport-noconfig.cmake
-- Installing: /home/hani/Desktop/ros2_ws/install/assignment2_custom_msg/share/assignment2_custom_msg/cmake/assignment2_custom_msg__rosidl_typesupport_introspection_cExport.cmake
-- Installing: /home/hani/Desktop/ros2_ws/install/assignment2_custom_msg/share/assignment2_custom_msg/cmake/assignment2_custom_msg__rosidl_typesupport_introspection_cExport-noconfig.cmake
-- Installing: /home/hani/Desktop/ros2_ws/install/assignment2_custom_msg/share/assignment2_custom_msg/cmake/assignment2_custom_msg__rosidl_typesupport_cExport.cmake
-- Installing: /home/hani/Desktop/ros2_ws/install/assignment2_custom_msg/share/assignment2_custom_msg/cmake/assignment2_custom_msg__rosidl_typesupport_cExport-noconfig.cmake
-- Installing: /home/hani/Desktop/ros2_ws/install/assignment2_custom_msg/share/assignment2_custom_msg/cmake/export_assignment2_custom_msg__rosidl_generator_cppExport.cmake
-- Installing: /home/hani/Desktop/ros2_ws/install/assignment2_custom_msg/share/assignment2_custom_msg/cmake/export_assignment2_custom_msg__rosidl_typesupport_fastrtps_cppExport.cmake
-- Installing: /home/hani/Desktop/ros2_ws/install/assignment2_custom_msg/share/assignment2_custom_msg/cmake/export_assignment2_custom_msg__rosidl_typesupport_fastrtps_cppExport-noconfig.cmake
-- Installing: /home/hani/Desktop/ros2_ws/install/assignment2_custom_msg/share/assignment2_custom_msg/cmake/assignment2_custom_msg__rosidl_typesupport_introspection_cppExport.cmake
-- Installing: /home/hani/Desktop/ros2_ws/install/assignment2_custom_msg/share/assignment2_custom_msg/cmake/assignment2_custom_msg__rosidl_typesupport_introspection_cppExport-noconfig.cmake
-- Installing: /home/hani/Desktop/ros2_ws/install/assignment2_custom_msg/share/assignment2_custom_msg/cmake/assignment2_custom_msg__rosidl_typesupport_cppExport.cmake
-- Installing: /home/hani/Desktop/ros2_ws/install/assignment2_custom_msg/share/assignment2_custom_msg/cmake/assignment2_custom_msg__rosidl_typesupport_cppExport-noconfig.cmake
-- Installing: /home/hani/Desktop/ros2_ws/install/assignment2_custom_msg/share/assignment2_custom_msg/cmake/export_assignment2_custom_msg__rosidl_generator_pyExport.cmake
-- Installing: /home/hani/Desktop/ros2_ws/install/assignment2_custom_msg/share/assignment2_custom_msg/cmake/export_assignment2_custom_msg__rosidl_generator_pyExport-noconfig.cmake
-- Installing: /home/hani/Desktop/ros2_ws/install/assignment2_custom_msg/share/assignment2_custom_msg/cmake/rosidl_cmake-extras.cmake
-- Installing: /home/hani/Desktop/ros2_ws/install/assignment2_custom_msg/share/assignment2_custom_msg/cmake/ament_cmake_export_dependencies-extras.cmake
-- Installing: /home/hani/Desktop/ros2_ws/install/assignment2_custom_msg/share/assignment2_custom_msg/cmake/ament_cmake_export_include_directories-extras.cmake
-- Installing: /home/hani/Desktop/ros2_ws/install/assignment2_custom_msg/share/assignment2_custom_msg/cmake/ament_cmake_export_libraries-extras.cmake
-- Installing: /home/hani/Desktop/ros2_ws/install/assignment2_custom_msg/share/assignment2_custom_msg/cmake/ament_cmake_export_targets-extras.cmake
-- Installing: /home/hani/Desktop/ros2_ws/install/assignment2_custom_msg/share/assignment2_custom_msg/cmake/rosidl_cmake_export_typesupport_targets-extras.cmake
-- Installing: /home/hani/Desktop/ros2_ws/install/assignment2_custom_msg/share/assignment2_custom_msg/cmake/rosidl_cmake_export_typesupport_libraries-extras.cmake
-- Installing: /home/hani/Desktop/ros2_ws/install/assignment2_custom_msg/share/assignment2_custom_msg/cmake/assignment2_custom_msgConfig.cmake
-- Installing: /home/hani/Desktop/ros2_ws/install/assignment2_custom_msg/share/assignment2_custom_msg/cmake/assignment2_custom_msgConfig-version.cmake
-- Installing: /home/hani/Desktop/ros2_ws/install/assignment2_custom_msg/share/assignment2_custom_msg/package.xml
